Apr 30, 2013 10:34:03 AM org.apache.catalina.core.AprLifecycleListener init
INFO: The APR based Apache Tomcat Native library which allows optimal performance in production environments was not found on the java.library.path: D:\Projects\website\Tomcat\bin;C:\Windows\Sun\Java\bin;C:\Windows\system32;C:\Windows;C:\Windows\system32;C:\Windows;C:\Windows\System32\Wbem;C:\Windows\System32\WindowsPowerShell\v1.0\;C:\glassfish3\jdk7\bin;C:\Program Files\Dell\Dell Wireless WLAN Card;C:\Program Files (x86)\Autodesk\Backburner\;C:\Program Files (x86)\QuickTime\QTSystem\;C:\Program Files (x86)\ATI Technologies\ATI.ACE\Core-Static;C:\Users\Vlad\AppData\Local\GitHub\PortableGit_93e8418133eb85e81a81e5e19c272776524496c6\bin;C:\Users\Vlad\AppData\Local\GitHub\PortableGit_93e8418133eb85e81a81e5e19c272776524496c6\cmd;C:\Users\Vlad\AppData\Local\GitHub\PortableGit_93e8418133eb85e81a81e5e19c272776524496c6\libexec\git-core;;.
Apr 30, 2013 10:34:29 AM org.apache.coyote.AbstractProtocol init
INFO: Initializing ProtocolHandler ["http-bio-443"]
Apr 30, 2013 10:34:32 AM org.apache.coyote.AbstractProtocol init
INFO: Initializing ProtocolHandler ["ajp-bio-8009"]
Apr 30, 2013 10:34:32 AM org.apache.catalina.startup.Catalina load
INFO: Initialization processed in 30217 ms
Apr 30, 2013 10:34:32 AM org.apache.catalina.core.StandardService startInternal
INFO: Starting service Catalina
Apr 30, 2013 10:34:32 AM org.apache.catalina.core.StandardEngine startInternal
INFO: Starting Servlet Engine: Apache Tomcat/7.0.39
Apr 30, 2013 10:34:32 AM org.apache.catalina.realm.UserDatabaseRealm startInternal
SEVERE: Exception looking up UserDatabase under key UserDatabase
javax.naming.NameNotFoundException: Name [UserDatabase] is not bound in this Context. Unable to find [UserDatabase].
	at org.apache.naming.NamingContext.lookup(NamingContext.java:820)
	at org.apache.naming.NamingContext.lookup(NamingContext.java:168)
	at org.apache.catalina.realm.UserDatabaseRealm.startInternal(UserDatabaseRealm.java:255)
	at org.apache.catalina.util.LifecycleBase.start(LifecycleBase.java:150)
	at org.apache.catalina.realm.CombinedRealm.startInternal(CombinedRealm.java:201)
	at org.apache.catalina.realm.LockOutRealm.startInternal(LockOutRealm.java:120)
	at org.apache.catalina.util.LifecycleBase.start(LifecycleBase.java:150)
	at org.apache.catalina.core.ContainerBase.startInternal(ContainerBase.java:1109)
	at org.apache.catalina.core.StandardEngine.startInternal(StandardEngine.java:302)
	at org.apache.catalina.util.LifecycleBase.start(LifecycleBase.java:150)
	at org.apache.catalina.core.StandardService.startInternal(StandardService.java:443)
	at org.apache.catalina.util.LifecycleBase.start(LifecycleBase.java:150)
	at org.apache.catalina.core.StandardServer.startInternal(StandardServer.java:732)
	at org.apache.catalina.util.LifecycleBase.start(LifecycleBase.java:150)
	at org.apache.catalina.startup.Catalina.start(Catalina.java:684)
	at sun.reflect.NativeMethodAccessorImpl.invoke0(Native Method)
	at sun.reflect.NativeMethodAccessorImpl.invoke(Unknown Source)
	at sun.reflect.DelegatingMethodAccessorImpl.invoke(Unknown Source)
	at java.lang.reflect.Method.invoke(Unknown Source)
	at org.apache.catalina.startup.Bootstrap.start(Bootstrap.java:322)
	at org.apache.catalina.startup.Bootstrap.main(Bootstrap.java:456)

Apr 30, 2013 10:34:32 AM org.apache.catalina.realm.CombinedRealm startInternal
SEVERE: Failed to start "org.apache.catalina.realm.UserDatabaseRealm/1.0" realm
org.apache.catalina.LifecycleException: Failed to start component [Realm[UserDatabaseRealm]]
	at org.apache.catalina.util.LifecycleBase.start(LifecycleBase.java:154)
	at org.apache.catalina.realm.CombinedRealm.startInternal(CombinedRealm.java:201)
	at org.apache.catalina.realm.LockOutRealm.startInternal(LockOutRealm.java:120)
	at org.apache.catalina.util.LifecycleBase.start(LifecycleBase.java:150)
	at org.apache.catalina.core.ContainerBase.startInternal(ContainerBase.java:1109)
	at org.apache.catalina.core.StandardEngine.startInternal(StandardEngine.java:302)
	at org.apache.catalina.util.LifecycleBase.start(LifecycleBase.java:150)
	at org.apache.catalina.core.StandardService.startInternal(StandardService.java:443)
	at org.apache.catalina.util.LifecycleBase.start(LifecycleBase.java:150)
	at org.apache.catalina.core.StandardServer.startInternal(StandardServer.java:732)
	at org.apache.catalina.util.LifecycleBase.start(LifecycleBase.java:150)
	at org.apache.catalina.startup.Catalina.start(Catalina.java:684)
	at sun.reflect.NativeMethodAccessorImpl.invoke0(Native Method)
	at sun.reflect.NativeMethodAccessorImpl.invoke(Unknown Source)
	at sun.reflect.DelegatingMethodAccessorImpl.invoke(Unknown Source)
	at java.lang.reflect.Method.invoke(Unknown Source)
	at org.apache.catalina.startup.Bootstrap.start(Bootstrap.java:322)
	at org.apache.catalina.startup.Bootstrap.main(Bootstrap.java:456)
Caused by: org.apache.catalina.LifecycleException: No UserDatabase component found under key UserDatabase
	at org.apache.catalina.realm.UserDatabaseRealm.startInternal(UserDatabaseRealm.java:264)
	at org.apache.catalina.util.LifecycleBase.start(LifecycleBase.java:150)
	... 17 more

Apr 30, 2013 10:34:35 AM org.apache.catalina.startup.HostConfig deployDirectory
INFO: Deploying web application directory D:\Projects\website\Tomcat\webapps\docs
Apr 30, 2013 10:34:35 AM org.apache.catalina.startup.HostConfig deployDirectory
INFO: Deploying web application directory D:\Projects\website\Tomcat\webapps\manager
Apr 30, 2013 10:34:35 AM org.apache.coyote.AbstractProtocol start
INFO: Starting ProtocolHandler ["http-bio-443"]
Apr 30, 2013 10:34:35 AM org.apache.coyote.AbstractProtocol start
INFO: Starting ProtocolHandler ["ajp-bio-8009"]
Apr 30, 2013 10:34:35 AM org.apache.catalina.startup.Catalina start
INFO: Server startup in 3435 ms
Apr 30, 2013 2:31:35 PM org.apache.coyote.AbstractProtocol pause
INFO: Pausing ProtocolHandler ["http-bio-443"]
Apr 30, 2013 2:31:35 PM org.apache.coyote.AbstractProtocol pause
INFO: Pausing ProtocolHandler ["ajp-bio-8009"]
Apr 30, 2013 2:31:35 PM org.apache.catalina.core.StandardService stopInternal
INFO: Stopping service Catalina
Apr 30, 2013 2:31:35 PM org.apache.catalina.loader.WebappClassLoader checkThreadLocalMapForLeaks
SEVERE: The web application [] created a ThreadLocal with key of type [java.lang.ThreadLocal] (value [java.lang.ThreadLocal@1132bfb]) and a value of type [filters.ContentFilter.Wrapper] (value [filters.ContentFilter$Wrapper@1ac9c80]) but failed to remove it when the web application was stopped. Threads are going to be renewed over time to try and avoid a probable memory leak.
Apr 30, 2013 2:31:35 PM org.apache.catalina.loader.WebappClassLoader checkThreadLocalMapForLeaks
SEVERE: The web application [] created a ThreadLocal with key of type [java.lang.ThreadLocal] (value [java.lang.ThreadLocal@1132bfb]) and a value of type [filters.ContentFilter.Wrapper] (value [filters.ContentFilter$Wrapper@156ca9f]) but failed to remove it when the web application was stopped. Threads are going to be renewed over time to try and avoid a probable memory leak.
Apr 30, 2013 2:31:35 PM org.apache.catalina.loader.WebappClassLoader checkThreadLocalMapForLeaks
SEVERE: The web application [] created a ThreadLocal with key of type [java.lang.ThreadLocal] (value [java.lang.ThreadLocal@1132bfb]) and a value of type [filters.ContentFilter.Wrapper] (value [filters.ContentFilter$Wrapper@110ba8b]) but failed to remove it when the web application was stopped. Threads are going to be renewed over time to try and avoid a probable memory leak.
Apr 30, 2013 2:31:35 PM org.apache.catalina.loader.WebappClassLoader checkThreadLocalMapForLeaks
SEVERE: The web application [] created a ThreadLocal with key of type [java.lang.ThreadLocal] (value [java.lang.ThreadLocal@1132bfb]) and a value of type [filters.ContentFilter.Wrapper] (value [filters.ContentFilter$Wrapper@1472541]) but failed to remove it when the web application was stopped. Threads are going to be renewed over time to try and avoid a probable memory leak.
Apr 30, 2013 2:31:35 PM org.apache.catalina.loader.WebappClassLoader checkThreadLocalMapForLeaks
SEVERE: The web application [] created a ThreadLocal with key of type [java.lang.ThreadLocal] (value [java.lang.ThreadLocal@1132bfb]) and a value of type [filters.ContentFilter.Wrapper] (value [filters.ContentFilter$Wrapper@1dedf78]) but failed to remove it when the web application was stopped. Threads are going to be renewed over time to try and avoid a probable memory leak.
Apr 30, 2013 2:31:35 PM org.apache.catalina.loader.WebappClassLoader checkThreadLocalMapForLeaks
SEVERE: The web application [] created a ThreadLocal with key of type [java.lang.ThreadLocal] (value [java.lang.ThreadLocal@1132bfb]) and a value of type [filters.ContentFilter.Wrapper] (value [filters.ContentFilter$Wrapper@121631e]) but failed to remove it when the web application was stopped. Threads are going to be renewed over time to try and avoid a probable memory leak.
Apr 30, 2013 2:31:35 PM org.apache.catalina.loader.WebappClassLoader checkThreadLocalMapForLeaks
SEVERE: The web application [] created a ThreadLocal with key of type [java.lang.ThreadLocal] (value [java.lang.ThreadLocal@1132bfb]) and a value of type [filters.ContentFilter.Wrapper] (value [filters.ContentFilter$Wrapper@f25cb1]) but failed to remove it when the web application was stopped. Threads are going to be renewed over time to try and avoid a probable memory leak.
Apr 30, 2013 2:31:35 PM org.apache.coyote.AbstractProtocol stop
INFO: Stopping ProtocolHandler ["http-bio-443"]
Apr 30, 2013 2:31:35 PM org.apache.coyote.AbstractProtocol stop
INFO: Stopping ProtocolHandler ["ajp-bio-8009"]
Apr 30, 2013 2:31:39 PM org.apache.catalina.core.AprLifecycleListener init
INFO: The APR based Apache Tomcat Native library which allows optimal performance in production environments was not found on the java.library.path: D:\Projects\website\Tomcat\bin;C:\Windows\Sun\Java\bin;C:\Windows\system32;C:\Windows;C:\Windows\system32;C:\Windows;C:\Windows\System32\Wbem;C:\Windows\System32\WindowsPowerShell\v1.0\;C:\glassfish3\jdk7\bin;C:\Program Files\Dell\Dell Wireless WLAN Card;C:\Program Files (x86)\Autodesk\Backburner\;C:\Program Files (x86)\QuickTime\QTSystem\;C:\Program Files (x86)\ATI Technologies\ATI.ACE\Core-Static;C:\Users\Vlad\AppData\Local\GitHub\PortableGit_93e8418133eb85e81a81e5e19c272776524496c6\bin;C:\Users\Vlad\AppData\Local\GitHub\PortableGit_93e8418133eb85e81a81e5e19c272776524496c6\cmd;C:\Users\Vlad\AppData\Local\GitHub\PortableGit_93e8418133eb85e81a81e5e19c272776524496c6\libexec\git-core;;.
Apr 30, 2013 2:31:39 PM org.apache.coyote.AbstractProtocol init
INFO: Initializing ProtocolHandler ["http-bio-443"]
Apr 30, 2013 2:31:39 PM org.apache.coyote.AbstractProtocol init
INFO: Initializing ProtocolHandler ["ajp-bio-8009"]
Apr 30, 2013 2:31:39 PM org.apache.catalina.startup.Catalina load
INFO: Initialization processed in 808 ms
Apr 30, 2013 2:31:39 PM org.apache.catalina.core.StandardService startInternal
INFO: Starting service Catalina
Apr 30, 2013 2:31:39 PM org.apache.catalina.core.StandardEngine startInternal
INFO: Starting Servlet Engine: Apache Tomcat/7.0.39
Apr 30, 2013 2:31:39 PM org.apache.catalina.realm.UserDatabaseRealm startInternal
SEVERE: Exception looking up UserDatabase under key UserDatabase
javax.naming.NameNotFoundException: Name [UserDatabase] is not bound in this Context. Unable to find [UserDatabase].
	at org.apache.naming.NamingContext.lookup(NamingContext.java:820)
	at org.apache.naming.NamingContext.lookup(NamingContext.java:168)
	at org.apache.catalina.realm.UserDatabaseRealm.startInternal(UserDatabaseRealm.java:255)
	at org.apache.catalina.util.LifecycleBase.start(LifecycleBase.java:150)
	at org.apache.catalina.realm.CombinedRealm.startInternal(CombinedRealm.java:201)
	at org.apache.catalina.realm.LockOutRealm.startInternal(LockOutRealm.java:120)
	at org.apache.catalina.util.LifecycleBase.start(LifecycleBase.java:150)
	at org.apache.catalina.core.ContainerBase.startInternal(ContainerBase.java:1109)
	at org.apache.catalina.core.StandardEngine.startInternal(StandardEngine.java:302)
	at org.apache.catalina.util.LifecycleBase.start(LifecycleBase.java:150)
	at org.apache.catalina.core.StandardService.startInternal(StandardService.java:443)
	at org.apache.catalina.util.LifecycleBase.start(LifecycleBase.java:150)
	at org.apache.catalina.core.StandardServer.startInternal(StandardServer.java:732)
	at org.apache.catalina.util.LifecycleBase.start(LifecycleBase.java:150)
	at org.apache.catalina.startup.Catalina.start(Catalina.java:684)
	at sun.reflect.NativeMethodAccessorImpl.invoke0(Native Method)
	at sun.reflect.NativeMethodAccessorImpl.invoke(Unknown Source)
	at sun.reflect.DelegatingMethodAccessorImpl.invoke(Unknown Source)
	at java.lang.reflect.Method.invoke(Unknown Source)
	at org.apache.catalina.startup.Bootstrap.start(Bootstrap.java:322)
	at org.apache.catalina.startup.Bootstrap.main(Bootstrap.java:456)

Apr 30, 2013 2:31:39 PM org.apache.catalina.realm.CombinedRealm startInternal
SEVERE: Failed to start "org.apache.catalina.realm.UserDatabaseRealm/1.0" realm
org.apache.catalina.LifecycleException: Failed to start component [Realm[UserDatabaseRealm]]
	at org.apache.catalina.util.LifecycleBase.start(LifecycleBase.java:154)
	at org.apache.catalina.realm.CombinedRealm.startInternal(CombinedRealm.java:201)
	at org.apache.catalina.realm.LockOutRealm.startInternal(LockOutRealm.java:120)
	at org.apache.catalina.util.LifecycleBase.start(LifecycleBase.java:150)
	at org.apache.catalina.core.ContainerBase.startInternal(ContainerBase.java:1109)
	at org.apache.catalina.core.StandardEngine.startInternal(StandardEngine.java:302)
	at org.apache.catalina.util.LifecycleBase.start(LifecycleBase.java:150)
	at org.apache.catalina.core.StandardService.startInternal(StandardService.java:443)
	at org.apache.catalina.util.LifecycleBase.start(LifecycleBase.java:150)
	at org.apache.catalina.core.StandardServer.startInternal(StandardServer.java:732)
	at org.apache.catalina.util.LifecycleBase.start(LifecycleBase.java:150)
	at org.apache.catalina.startup.Catalina.start(Catalina.java:684)
	at sun.reflect.NativeMethodAccessorImpl.invoke0(Native Method)
	at sun.reflect.NativeMethodAccessorImpl.invoke(Unknown Source)
	at sun.reflect.DelegatingMethodAccessorImpl.invoke(Unknown Source)
	at java.lang.reflect.Method.invoke(Unknown Source)
	at org.apache.catalina.startup.Bootstrap.start(Bootstrap.java:322)
	at org.apache.catalina.startup.Bootstrap.main(Bootstrap.java:456)
Caused by: org.apache.catalina.LifecycleException: No UserDatabase component found under key UserDatabase
	at org.apache.catalina.realm.UserDatabaseRealm.startInternal(UserDatabaseRealm.java:264)
	at org.apache.catalina.util.LifecycleBase.start(LifecycleBase.java:150)
	... 17 more

Apr 30, 2013 2:31:40 PM org.apache.catalina.startup.HostConfig deployDirectory
INFO: Deploying web application directory D:\Projects\website\Tomcat\webapps\docs
Apr 30, 2013 2:31:40 PM org.apache.catalina.startup.HostConfig deployDirectory
INFO: Deploying web application directory D:\Projects\website\Tomcat\webapps\manager
Apr 30, 2013 2:31:40 PM org.apache.coyote.AbstractProtocol start
INFO: Starting ProtocolHandler ["http-bio-443"]
Apr 30, 2013 2:31:40 PM org.apache.coyote.AbstractProtocol start
INFO: Starting ProtocolHandler ["ajp-bio-8009"]
Apr 30, 2013 2:31:40 PM org.apache.catalina.startup.Catalina start
INFO: Server startup in 413 ms
Apr 30, 2013 7:39:34 PM org.apache.coyote.AbstractProtocol pause
INFO: Pausing ProtocolHandler ["http-bio-443"]
Apr 30, 2013 7:39:34 PM org.apache.coyote.AbstractProtocol pause
INFO: Pausing ProtocolHandler ["ajp-bio-8009"]
Apr 30, 2013 7:39:34 PM org.apache.catalina.core.StandardService stopInternal
INFO: Stopping service Catalina
Apr 30, 2013 7:39:34 PM org.apache.catalina.loader.WebappClassLoader checkThreadLocalMapForLeaks
SEVERE: The web application [] created a ThreadLocal with key of type [java.lang.ThreadLocal] (value [java.lang.ThreadLocal@13b8479]) and a value of type [filters.ContentFilter.Wrapper] (value [filters.ContentFilter$Wrapper@763d2f]) but failed to remove it when the web application was stopped. Threads are going to be renewed over time to try and avoid a probable memory leak.
Apr 30, 2013 7:39:34 PM org.apache.catalina.loader.WebappClassLoader checkThreadLocalMapForLeaks
SEVERE: The web application [] created a ThreadLocal with key of type [java.lang.ThreadLocal] (value [java.lang.ThreadLocal@13b8479]) and a value of type [filters.ContentFilter.Wrapper] (value [filters.ContentFilter$Wrapper@aaf6a5]) but failed to remove it when the web application was stopped. Threads are going to be renewed over time to try and avoid a probable memory leak.
Apr 30, 2013 7:39:34 PM org.apache.catalina.loader.WebappClassLoader checkThreadLocalMapForLeaks
SEVERE: The web application [] created a ThreadLocal with key of type [java.lang.ThreadLocal] (value [java.lang.ThreadLocal@13b8479]) and a value of type [filters.ContentFilter.Wrapper] (value [filters.ContentFilter$Wrapper@26df7e]) but failed to remove it when the web application was stopped. Threads are going to be renewed over time to try and avoid a probable memory leak.
Apr 30, 2013 7:39:34 PM org.apache.catalina.loader.WebappClassLoader checkThreadLocalMapForLeaks
SEVERE: The web application [] created a ThreadLocal with key of type [java.lang.ThreadLocal] (value [java.lang.ThreadLocal@13b8479]) and a value of type [filters.ContentFilter.Wrapper] (value [filters.ContentFilter$Wrapper@1b02b8]) but failed to remove it when the web application was stopped. Threads are going to be renewed over time to try and avoid a probable memory leak.
Apr 30, 2013 7:39:34 PM org.apache.coyote.AbstractProtocol stop
INFO: Stopping ProtocolHandler ["http-bio-443"]
Apr 30, 2013 7:39:34 PM org.apache.coyote.AbstractProtocol stop
INFO: Stopping ProtocolHandler ["ajp-bio-8009"]
Apr 30, 2013 7:39:39 PM org.apache.catalina.core.AprLifecycleListener init
INFO: The APR based Apache Tomcat Native library which allows optimal performance in production environments was not found on the java.library.path: D:\Projects\website\Tomcat\bin;C:\Windows\Sun\Java\bin;C:\Windows\system32;C:\Windows;C:\Windows\system32;C:\Windows;C:\Windows\System32\Wbem;C:\Windows\System32\WindowsPowerShell\v1.0\;C:\glassfish3\jdk7\bin;C:\Program Files\Dell\Dell Wireless WLAN Card;C:\Program Files (x86)\Autodesk\Backburner\;C:\Program Files (x86)\QuickTime\QTSystem\;C:\Program Files (x86)\ATI Technologies\ATI.ACE\Core-Static;C:\Users\Vlad\AppData\Local\GitHub\PortableGit_93e8418133eb85e81a81e5e19c272776524496c6\bin;C:\Users\Vlad\AppData\Local\GitHub\PortableGit_93e8418133eb85e81a81e5e19c272776524496c6\cmd;C:\Users\Vlad\AppData\Local\GitHub\PortableGit_93e8418133eb85e81a81e5e19c272776524496c6\libexec\git-core;;.
Apr 30, 2013 7:39:39 PM org.apache.coyote.AbstractProtocol init
INFO: Initializing ProtocolHandler ["http-bio-443"]
Apr 30, 2013 7:39:39 PM org.apache.coyote.AbstractProtocol init
INFO: Initializing ProtocolHandler ["ajp-bio-8009"]
Apr 30, 2013 7:39:39 PM org.apache.catalina.startup.Catalina load
INFO: Initialization processed in 568 ms
Apr 30, 2013 7:39:39 PM org.apache.catalina.core.StandardService startInternal
INFO: Starting service Catalina
Apr 30, 2013 7:39:39 PM org.apache.catalina.core.StandardEngine startInternal
INFO: Starting Servlet Engine: Apache Tomcat/7.0.39
Apr 30, 2013 7:39:39 PM org.apache.catalina.realm.UserDatabaseRealm startInternal
SEVERE: Exception looking up UserDatabase under key UserDatabase
javax.naming.NameNotFoundException: Name [UserDatabase] is not bound in this Context. Unable to find [UserDatabase].
	at org.apache.naming.NamingContext.lookup(NamingContext.java:820)
	at org.apache.naming.NamingContext.lookup(NamingContext.java:168)
	at org.apache.catalina.realm.UserDatabaseRealm.startInternal(UserDatabaseRealm.java:255)
	at org.apache.catalina.util.LifecycleBase.start(LifecycleBase.java:150)
	at org.apache.catalina.realm.CombinedRealm.startInternal(CombinedRealm.java:201)
	at org.apache.catalina.realm.LockOutRealm.startInternal(LockOutRealm.java:120)
	at org.apache.catalina.util.LifecycleBase.start(LifecycleBase.java:150)
	at org.apache.catalina.core.ContainerBase.startInternal(ContainerBase.java:1109)
	at org.apache.catalina.core.StandardEngine.startInternal(StandardEngine.java:302)
	at org.apache.catalina.util.LifecycleBase.start(LifecycleBase.java:150)
	at org.apache.catalina.core.StandardService.startInternal(StandardService.java:443)
	at org.apache.catalina.util.LifecycleBase.start(LifecycleBase.java:150)
	at org.apache.catalina.core.StandardServer.startInternal(StandardServer.java:732)
	at org.apache.catalina.util.LifecycleBase.start(LifecycleBase.java:150)
	at org.apache.catalina.startup.Catalina.start(Catalina.java:684)
	at sun.reflect.NativeMethodAccessorImpl.invoke0(Native Method)
	at sun.reflect.NativeMethodAccessorImpl.invoke(Unknown Source)
	at sun.reflect.DelegatingMethodAccessorImpl.invoke(Unknown Source)
	at java.lang.reflect.Method.invoke(Unknown Source)
	at org.apache.catalina.startup.Bootstrap.start(Bootstrap.java:322)
	at org.apache.catalina.startup.Bootstrap.main(Bootstrap.java:456)

Apr 30, 2013 7:39:39 PM org.apache.catalina.realm.CombinedRealm startInternal
SEVERE: Failed to start "org.apache.catalina.realm.UserDatabaseRealm/1.0" realm
org.apache.catalina.LifecycleException: Failed to start component [Realm[UserDatabaseRealm]]
	at org.apache.catalina.util.LifecycleBase.start(LifecycleBase.java:154)
	at org.apache.catalina.realm.CombinedRealm.startInternal(CombinedRealm.java:201)
	at org.apache.catalina.realm.LockOutRealm.startInternal(LockOutRealm.java:120)
	at org.apache.catalina.util.LifecycleBase.start(LifecycleBase.java:150)
	at org.apache.catalina.core.ContainerBase.startInternal(ContainerBase.java:1109)
	at org.apache.catalina.core.StandardEngine.startInternal(StandardEngine.java:302)
	at org.apache.catalina.util.LifecycleBase.start(LifecycleBase.java:150)
	at org.apache.catalina.core.StandardService.startInternal(StandardService.java:443)
	at org.apache.catalina.util.LifecycleBase.start(LifecycleBase.java:150)
	at org.apache.catalina.core.StandardServer.startInternal(StandardServer.java:732)
	at org.apache.catalina.util.LifecycleBase.start(LifecycleBase.java:150)
	at org.apache.catalina.startup.Catalina.start(Catalina.java:684)
	at sun.reflect.NativeMethodAccessorImpl.invoke0(Native Method)
	at sun.reflect.NativeMethodAccessorImpl.invoke(Unknown Source)
	at sun.reflect.DelegatingMethodAccessorImpl.invoke(Unknown Source)
	at java.lang.reflect.Method.invoke(Unknown Source)
	at org.apache.catalina.startup.Bootstrap.start(Bootstrap.java:322)
	at org.apache.catalina.startup.Bootstrap.main(Bootstrap.java:456)
Caused by: org.apache.catalina.LifecycleException: No UserDatabase component found under key UserDatabase
	at org.apache.catalina.realm.UserDatabaseRealm.startInternal(UserDatabaseRealm.java:264)
	at org.apache.catalina.util.LifecycleBase.start(LifecycleBase.java:150)
	... 17 more

Apr 30, 2013 7:39:40 PM org.apache.catalina.startup.HostConfig deployDirectory
INFO: Deploying web application directory D:\Projects\website\Tomcat\webapps\docs
Apr 30, 2013 7:39:40 PM org.apache.catalina.startup.HostConfig deployDirectory
INFO: Deploying web application directory D:\Projects\website\Tomcat\webapps\manager
Apr 30, 2013 7:39:40 PM org.apache.coyote.AbstractProtocol start
INFO: Starting ProtocolHandler ["http-bio-443"]
Apr 30, 2013 7:39:40 PM org.apache.coyote.AbstractProtocol start
INFO: Starting ProtocolHandler ["ajp-bio-8009"]
Apr 30, 2013 7:39:40 PM org.apache.catalina.startup.Catalina start
INFO: Server startup in 320 ms
Apr 30, 2013 7:43:47 PM org.apache.coyote.AbstractProtocol pause
INFO: Pausing ProtocolHandler ["http-bio-443"]
Apr 30, 2013 7:43:47 PM org.apache.coyote.AbstractProtocol pause
INFO: Pausing ProtocolHandler ["ajp-bio-8009"]
Apr 30, 2013 7:43:47 PM org.apache.catalina.core.StandardService stopInternal
INFO: Stopping service Catalina
Apr 30, 2013 7:43:47 PM org.apache.catalina.loader.WebappClassLoader checkThreadLocalMapForLeaks
SEVERE: The web application [] created a ThreadLocal with key of type [java.lang.ThreadLocal] (value [java.lang.ThreadLocal@1accabf]) and a value of type [filters.ContentFilter.Wrapper] (value [filters.ContentFilter$Wrapper@1330108]) but failed to remove it when the web application was stopped. Threads are going to be renewed over time to try and avoid a probable memory leak.
Apr 30, 2013 7:43:47 PM org.apache.catalina.loader.WebappClassLoader checkThreadLocalMapForLeaks
SEVERE: The web application [] created a ThreadLocal with key of type [java.lang.ThreadLocal] (value [java.lang.ThreadLocal@1accabf]) and a value of type [filters.ContentFilter.Wrapper] (value [filters.ContentFilter$Wrapper@188bafd]) but failed to remove it when the web application was stopped. Threads are going to be renewed over time to try and avoid a probable memory leak.
Apr 30, 2013 7:43:47 PM org.apache.catalina.loader.WebappClassLoader checkThreadLocalMapForLeaks
SEVERE: The web application [] created a ThreadLocal with key of type [java.lang.ThreadLocal] (value [java.lang.ThreadLocal@1accabf]) and a value of type [filters.ContentFilter.Wrapper] (value [filters.ContentFilter$Wrapper@1ac4002]) but failed to remove it when the web application was stopped. Threads are going to be renewed over time to try and avoid a probable memory leak.
Apr 30, 2013 7:43:47 PM org.apache.coyote.AbstractProtocol stop
INFO: Stopping ProtocolHandler ["http-bio-443"]
Apr 30, 2013 7:43:47 PM org.apache.coyote.AbstractProtocol stop
INFO: Stopping ProtocolHandler ["ajp-bio-8009"]
Apr 30, 2013 7:43:51 PM org.apache.catalina.core.AprLifecycleListener init
INFO: The APR based Apache Tomcat Native library which allows optimal performance in production environments was not found on the java.library.path: D:\Projects\website\Tomcat\bin;C:\Windows\Sun\Java\bin;C:\Windows\system32;C:\Windows;C:\Windows\system32;C:\Windows;C:\Windows\System32\Wbem;C:\Windows\System32\WindowsPowerShell\v1.0\;C:\glassfish3\jdk7\bin;C:\Program Files\Dell\Dell Wireless WLAN Card;C:\Program Files (x86)\Autodesk\Backburner\;C:\Program Files (x86)\QuickTime\QTSystem\;C:\Program Files (x86)\ATI Technologies\ATI.ACE\Core-Static;C:\Users\Vlad\AppData\Local\GitHub\PortableGit_93e8418133eb85e81a81e5e19c272776524496c6\bin;C:\Users\Vlad\AppData\Local\GitHub\PortableGit_93e8418133eb85e81a81e5e19c272776524496c6\cmd;C:\Users\Vlad\AppData\Local\GitHub\PortableGit_93e8418133eb85e81a81e5e19c272776524496c6\libexec\git-core;;.
Apr 30, 2013 7:43:51 PM org.apache.coyote.AbstractProtocol init
INFO: Initializing ProtocolHandler ["http-bio-443"]
Apr 30, 2013 7:43:51 PM org.apache.coyote.AbstractProtocol init
INFO: Initializing ProtocolHandler ["ajp-bio-8009"]
Apr 30, 2013 7:43:51 PM org.apache.catalina.startup.Catalina load
INFO: Initialization processed in 591 ms
Apr 30, 2013 7:43:51 PM org.apache.catalina.core.StandardService startInternal
INFO: Starting service Catalina
Apr 30, 2013 7:43:51 PM org.apache.catalina.core.StandardEngine startInternal
INFO: Starting Servlet Engine: Apache Tomcat/7.0.39
Apr 30, 2013 7:43:51 PM org.apache.catalina.realm.UserDatabaseRealm startInternal
SEVERE: Exception looking up UserDatabase under key UserDatabase
javax.naming.NameNotFoundException: Name [UserDatabase] is not bound in this Context. Unable to find [UserDatabase].
	at org.apache.naming.NamingContext.lookup(NamingContext.java:820)
	at org.apache.naming.NamingContext.lookup(NamingContext.java:168)
	at org.apache.catalina.realm.UserDatabaseRealm.startInternal(UserDatabaseRealm.java:255)
	at org.apache.catalina.util.LifecycleBase.start(LifecycleBase.java:150)
	at org.apache.catalina.realm.CombinedRealm.startInternal(CombinedRealm.java:201)
	at org.apache.catalina.realm.LockOutRealm.startInternal(LockOutRealm.java:120)
	at org.apache.catalina.util.LifecycleBase.start(LifecycleBase.java:150)
	at org.apache.catalina.core.ContainerBase.startInternal(ContainerBase.java:1109)
	at org.apache.catalina.core.StandardEngine.startInternal(StandardEngine.java:302)
	at org.apache.catalina.util.LifecycleBase.start(LifecycleBase.java:150)
	at org.apache.catalina.core.StandardService.startInternal(StandardService.java:443)
	at org.apache.catalina.util.LifecycleBase.start(LifecycleBase.java:150)
	at org.apache.catalina.core.StandardServer.startInternal(StandardServer.java:732)
	at org.apache.catalina.util.LifecycleBase.start(LifecycleBase.java:150)
	at org.apache.catalina.startup.Catalina.start(Catalina.java:684)
	at sun.reflect.NativeMethodAccessorImpl.invoke0(Native Method)
	at sun.reflect.NativeMethodAccessorImpl.invoke(Unknown Source)
	at sun.reflect.DelegatingMethodAccessorImpl.invoke(Unknown Source)
	at java.lang.reflect.Method.invoke(Unknown Source)
	at org.apache.catalina.startup.Bootstrap.start(Bootstrap.java:322)
	at org.apache.catalina.startup.Bootstrap.main(Bootstrap.java:456)

Apr 30, 2013 7:43:51 PM org.apache.catalina.realm.CombinedRealm startInternal
SEVERE: Failed to start "org.apache.catalina.realm.UserDatabaseRealm/1.0" realm
org.apache.catalina.LifecycleException: Failed to start component [Realm[UserDatabaseRealm]]
	at org.apache.catalina.util.LifecycleBase.start(LifecycleBase.java:154)
	at org.apache.catalina.realm.CombinedRealm.startInternal(CombinedRealm.java:201)
	at org.apache.catalina.realm.LockOutRealm.startInternal(LockOutRealm.java:120)
	at org.apache.catalina.util.LifecycleBase.start(LifecycleBase.java:150)
	at org.apache.catalina.core.ContainerBase.startInternal(ContainerBase.java:1109)
	at org.apache.catalina.core.StandardEngine.startInternal(StandardEngine.java:302)
	at org.apache.catalina.util.LifecycleBase.start(LifecycleBase.java:150)
	at org.apache.catalina.core.StandardService.startInternal(StandardService.java:443)
	at org.apache.catalina.util.LifecycleBase.start(LifecycleBase.java:150)
	at org.apache.catalina.core.StandardServer.startInternal(StandardServer.java:732)
	at org.apache.catalina.util.LifecycleBase.start(LifecycleBase.java:150)
	at org.apache.catalina.startup.Catalina.start(Catalina.java:684)
	at sun.reflect.NativeMethodAccessorImpl.invoke0(Native Method)
	at sun.reflect.NativeMethodAccessorImpl.invoke(Unknown Source)
	at sun.reflect.DelegatingMethodAccessorImpl.invoke(Unknown Source)
	at java.lang.reflect.Method.invoke(Unknown Source)
	at org.apache.catalina.startup.Bootstrap.start(Bootstrap.java:322)
	at org.apache.catalina.startup.Bootstrap.main(Bootstrap.java:456)
Caused by: org.apache.catalina.LifecycleException: No UserDatabase component found under key UserDatabase
	at org.apache.catalina.realm.UserDatabaseRealm.startInternal(UserDatabaseRealm.java:264)
	at org.apache.catalina.util.LifecycleBase.start(LifecycleBase.java:150)
	... 17 more

Apr 30, 2013 7:43:52 PM org.apache.catalina.startup.HostConfig deployDirectory
INFO: Deploying web application directory D:\Projects\website\Tomcat\webapps\docs
Apr 30, 2013 7:43:52 PM org.apache.catalina.startup.HostConfig deployDirectory
INFO: Deploying web application directory D:\Projects\website\Tomcat\webapps\manager
Apr 30, 2013 7:43:52 PM org.apache.coyote.AbstractProtocol start
INFO: Starting ProtocolHandler ["http-bio-443"]
Apr 30, 2013 7:43:52 PM org.apache.coyote.AbstractProtocol start
INFO: Starting ProtocolHandler ["ajp-bio-8009"]
Apr 30, 2013 7:43:52 PM org.apache.catalina.startup.Catalina start
INFO: Server startup in 327 ms
Apr 30, 2013 8:02:35 PM org.apache.coyote.AbstractProtocol pause
INFO: Pausing ProtocolHandler ["http-bio-443"]
Apr 30, 2013 8:02:35 PM org.apache.coyote.AbstractProtocol pause
INFO: Pausing ProtocolHandler ["ajp-bio-8009"]
Apr 30, 2013 8:02:36 PM org.apache.catalina.core.StandardService stopInternal
INFO: Stopping service Catalina
Apr 30, 2013 8:02:36 PM org.apache.coyote.AbstractProtocol stop
INFO: Stopping ProtocolHandler ["http-bio-443"]
Apr 30, 2013 8:02:36 PM org.apache.coyote.AbstractProtocol stop
INFO: Stopping ProtocolHandler ["ajp-bio-8009"]
Apr 30, 2013 8:02:40 PM org.apache.catalina.core.AprLifecycleListener init
INFO: The APR based Apache Tomcat Native library which allows optimal performance in production environments was not found on the java.library.path: D:\Projects\website\Tomcat\bin;C:\Windows\Sun\Java\bin;C:\Windows\system32;C:\Windows;C:\Windows\system32;C:\Windows;C:\Windows\System32\Wbem;C:\Windows\System32\WindowsPowerShell\v1.0\;C:\glassfish3\jdk7\bin;C:\Program Files\Dell\Dell Wireless WLAN Card;C:\Program Files (x86)\Autodesk\Backburner\;C:\Program Files (x86)\QuickTime\QTSystem\;C:\Program Files (x86)\ATI Technologies\ATI.ACE\Core-Static;C:\Users\Vlad\AppData\Local\GitHub\PortableGit_93e8418133eb85e81a81e5e19c272776524496c6\bin;C:\Users\Vlad\AppData\Local\GitHub\PortableGit_93e8418133eb85e81a81e5e19c272776524496c6\cmd;C:\Users\Vlad\AppData\Local\GitHub\PortableGit_93e8418133eb85e81a81e5e19c272776524496c6\libexec\git-core;;.
Apr 30, 2013 8:02:40 PM org.apache.coyote.AbstractProtocol init
INFO: Initializing ProtocolHandler ["http-bio-443"]
Apr 30, 2013 8:02:40 PM org.apache.coyote.AbstractProtocol init
INFO: Initializing ProtocolHandler ["ajp-bio-8009"]
Apr 30, 2013 8:02:40 PM org.apache.catalina.startup.Catalina load
INFO: Initialization processed in 568 ms
Apr 30, 2013 8:02:40 PM org.apache.catalina.core.StandardService startInternal
INFO: Starting service Catalina
Apr 30, 2013 8:02:40 PM org.apache.catalina.core.StandardEngine startInternal
INFO: Starting Servlet Engine: Apache Tomcat/7.0.39
Apr 30, 2013 8:02:40 PM org.apache.catalina.realm.UserDatabaseRealm startInternal
SEVERE: Exception looking up UserDatabase under key UserDatabase
javax.naming.NameNotFoundException: Name [UserDatabase] is not bound in this Context. Unable to find [UserDatabase].
	at org.apache.naming.NamingContext.lookup(NamingContext.java:820)
	at org.apache.naming.NamingContext.lookup(NamingContext.java:168)
	at org.apache.catalina.realm.UserDatabaseRealm.startInternal(UserDatabaseRealm.java:255)
	at org.apache.catalina.util.LifecycleBase.start(LifecycleBase.java:150)
	at org.apache.catalina.realm.CombinedRealm.startInternal(CombinedRealm.java:201)
	at org.apache.catalina.realm.LockOutRealm.startInternal(LockOutRealm.java:120)
	at org.apache.catalina.util.LifecycleBase.start(LifecycleBase.java:150)
	at org.apache.catalina.core.ContainerBase.startInternal(ContainerBase.java:1109)
	at org.apache.catalina.core.StandardEngine.startInternal(StandardEngine.java:302)
	at org.apache.catalina.util.LifecycleBase.start(LifecycleBase.java:150)
	at org.apache.catalina.core.StandardService.startInternal(StandardService.java:443)
	at org.apache.catalina.util.LifecycleBase.start(LifecycleBase.java:150)
	at org.apache.catalina.core.StandardServer.startInternal(StandardServer.java:732)
	at org.apache.catalina.util.LifecycleBase.start(LifecycleBase.java:150)
	at org.apache.catalina.startup.Catalina.start(Catalina.java:684)
	at sun.reflect.NativeMethodAccessorImpl.invoke0(Native Method)
	at sun.reflect.NativeMethodAccessorImpl.invoke(Unknown Source)
	at sun.reflect.DelegatingMethodAccessorImpl.invoke(Unknown Source)
	at java.lang.reflect.Method.invoke(Unknown Source)
	at org.apache.catalina.startup.Bootstrap.start(Bootstrap.java:322)
	at org.apache.catalina.startup.Bootstrap.main(Bootstrap.java:456)

Apr 30, 2013 8:02:40 PM org.apache.catalina.realm.CombinedRealm startInternal
SEVERE: Failed to start "org.apache.catalina.realm.UserDatabaseRealm/1.0" realm
org.apache.catalina.LifecycleException: Failed to start component [Realm[UserDatabaseRealm]]
	at org.apache.catalina.util.LifecycleBase.start(LifecycleBase.java:154)
	at org.apache.catalina.realm.CombinedRealm.startInternal(CombinedRealm.java:201)
	at org.apache.catalina.realm.LockOutRealm.startInternal(LockOutRealm.java:120)
	at org.apache.catalina.util.LifecycleBase.start(LifecycleBase.java:150)
	at org.apache.catalina.core.ContainerBase.startInternal(ContainerBase.java:1109)
	at org.apache.catalina.core.StandardEngine.startInternal(StandardEngine.java:302)
	at org.apache.catalina.util.LifecycleBase.start(LifecycleBase.java:150)
	at org.apache.catalina.core.StandardService.startInternal(StandardService.java:443)
	at org.apache.catalina.util.LifecycleBase.start(LifecycleBase.java:150)
	at org.apache.catalina.core.StandardServer.startInternal(StandardServer.java:732)
	at org.apache.catalina.util.LifecycleBase.start(LifecycleBase.java:150)
	at org.apache.catalina.startup.Catalina.start(Catalina.java:684)
	at sun.reflect.NativeMethodAccessorImpl.invoke0(Native Method)
	at sun.reflect.NativeMethodAccessorImpl.invoke(Unknown Source)
	at sun.reflect.DelegatingMethodAccessorImpl.invoke(Unknown Source)
	at java.lang.reflect.Method.invoke(Unknown Source)
	at org.apache.catalina.startup.Bootstrap.start(Bootstrap.java:322)
	at org.apache.catalina.startup.Bootstrap.main(Bootstrap.java:456)
Caused by: org.apache.catalina.LifecycleException: No UserDatabase component found under key UserDatabase
	at org.apache.catalina.realm.UserDatabaseRealm.startInternal(UserDatabaseRealm.java:264)
	at org.apache.catalina.util.LifecycleBase.start(LifecycleBase.java:150)
	... 17 more

Apr 30, 2013 8:02:40 PM org.apache.catalina.startup.HostConfig deployDirectory
INFO: Deploying web application directory D:\Projects\website\Tomcat\webapps\docs
Apr 30, 2013 8:02:40 PM org.apache.catalina.startup.HostConfig deployDirectory
INFO: Deploying web application directory D:\Projects\website\Tomcat\webapps\manager
Apr 30, 2013 8:02:40 PM org.apache.coyote.AbstractProtocol start
INFO: Starting ProtocolHandler ["http-bio-443"]
Apr 30, 2013 8:02:40 PM org.apache.coyote.AbstractProtocol start
INFO: Starting ProtocolHandler ["ajp-bio-8009"]
Apr 30, 2013 8:02:40 PM org.apache.catalina.startup.Catalina start
INFO: Server startup in 335 ms
Apr 30, 2013 8:15:18 PM org.apache.coyote.AbstractProtocol pause
INFO: Pausing ProtocolHandler ["http-bio-443"]
Apr 30, 2013 8:15:18 PM org.apache.coyote.AbstractProtocol pause
INFO: Pausing ProtocolHandler ["ajp-bio-8009"]
Apr 30, 2013 8:15:18 PM org.apache.catalina.core.StandardService stopInternal
INFO: Stopping service Catalina
Apr 30, 2013 8:15:18 PM org.apache.catalina.loader.WebappClassLoader checkThreadLocalMapForLeaks
SEVERE: The web application [] created a ThreadLocal with key of type [java.lang.ThreadLocal] (value [java.lang.ThreadLocal@a690b6]) and a value of type [filters.ContentFilter.Wrapper] (value [filters.ContentFilter$Wrapper@166c1fd]) but failed to remove it when the web application was stopped. Threads are going to be renewed over time to try and avoid a probable memory leak.
Apr 30, 2013 8:15:18 PM org.apache.catalina.loader.WebappClassLoader checkThreadLocalMapForLeaks
SEVERE: The web application [] created a ThreadLocal with key of type [java.lang.ThreadLocal] (value [java.lang.ThreadLocal@a690b6]) and a value of type [filters.ContentFilter.Wrapper] (value [filters.ContentFilter$Wrapper@149e15b]) but failed to remove it when the web application was stopped. Threads are going to be renewed over time to try and avoid a probable memory leak.
Apr 30, 2013 8:15:18 PM org.apache.catalina.loader.WebappClassLoader checkThreadLocalMapForLeaks
SEVERE: The web application [] created a ThreadLocal with key of type [java.lang.ThreadLocal] (value [java.lang.ThreadLocal@a690b6]) and a value of type [filters.ContentFilter.Wrapper] (value [filters.ContentFilter$Wrapper@16a1f0c]) but failed to remove it when the web application was stopped. Threads are going to be renewed over time to try and avoid a probable memory leak.
Apr 30, 2013 8:15:18 PM org.apache.catalina.loader.WebappClassLoader checkThreadLocalMapForLeaks
SEVERE: The web application [] created a ThreadLocal with key of type [java.lang.ThreadLocal] (value [java.lang.ThreadLocal@a690b6]) and a value of type [filters.ContentFilter.Wrapper] (value [filters.ContentFilter$Wrapper@1c81de]) but failed to remove it when the web application was stopped. Threads are going to be renewed over time to try and avoid a probable memory leak.
Apr 30, 2013 8:15:18 PM org.apache.catalina.loader.WebappClassLoader checkThreadLocalMapForLeaks
SEVERE: The web application [] created a ThreadLocal with key of type [java.lang.ThreadLocal] (value [java.lang.ThreadLocal@a690b6]) and a value of type [filters.ContentFilter.Wrapper] (value [filters.ContentFilter$Wrapper@1924b38]) but failed to remove it when the web application was stopped. Threads are going to be renewed over time to try and avoid a probable memory leak.
Apr 30, 2013 8:15:18 PM org.apache.catalina.loader.WebappClassLoader checkThreadLocalMapForLeaks
SEVERE: The web application [] created a ThreadLocal with key of type [java.lang.ThreadLocal] (value [java.lang.ThreadLocal@a690b6]) and a value of type [filters.ContentFilter.Wrapper] (value [filters.ContentFilter$Wrapper@1885dd3]) but failed to remove it when the web application was stopped. Threads are going to be renewed over time to try and avoid a probable memory leak.
Apr 30, 2013 8:15:18 PM org.apache.catalina.loader.WebappClassLoader checkThreadLocalMapForLeaks
SEVERE: The web application [] created a ThreadLocal with key of type [java.lang.ThreadLocal] (value [java.lang.ThreadLocal@a690b6]) and a value of type [filters.ContentFilter.Wrapper] (value [filters.ContentFilter$Wrapper@1c803ed]) but failed to remove it when the web application was stopped. Threads are going to be renewed over time to try and avoid a probable memory leak.
Apr 30, 2013 8:15:18 PM org.apache.catalina.loader.WebappClassLoader checkThreadLocalMapForLeaks
SEVERE: The web application [] created a ThreadLocal with key of type [java.lang.ThreadLocal] (value [java.lang.ThreadLocal@a690b6]) and a value of type [filters.ContentFilter.Wrapper] (value [filters.ContentFilter$Wrapper@79e379]) but failed to remove it when the web application was stopped. Threads are going to be renewed over time to try and avoid a probable memory leak.
Apr 30, 2013 8:15:18 PM org.apache.coyote.AbstractProtocol stop
INFO: Stopping ProtocolHandler ["http-bio-443"]
Apr 30, 2013 8:15:18 PM org.apache.coyote.AbstractProtocol stop
INFO: Stopping ProtocolHandler ["ajp-bio-8009"]
Apr 30, 2013 8:15:42 PM org.apache.catalina.core.AprLifecycleListener init
INFO: The APR based Apache Tomcat Native library which allows optimal performance in production environments was not found on the java.library.path: D:\Projects\website\Tomcat\bin;C:\Windows\Sun\Java\bin;C:\Windows\system32;C:\Windows;C:\Windows\system32;C:\Windows;C:\Windows\System32\Wbem;C:\Windows\System32\WindowsPowerShell\v1.0\;C:\glassfish3\jdk7\bin;C:\Program Files\Dell\Dell Wireless WLAN Card;C:\Program Files (x86)\Autodesk\Backburner\;C:\Program Files (x86)\QuickTime\QTSystem\;C:\Program Files (x86)\ATI Technologies\ATI.ACE\Core-Static;C:\Users\Vlad\AppData\Local\GitHub\PortableGit_93e8418133eb85e81a81e5e19c272776524496c6\bin;C:\Users\Vlad\AppData\Local\GitHub\PortableGit_93e8418133eb85e81a81e5e19c272776524496c6\cmd;C:\Users\Vlad\AppData\Local\GitHub\PortableGit_93e8418133eb85e81a81e5e19c272776524496c6\libexec\git-core;;.
Apr 30, 2013 8:15:42 PM org.apache.coyote.AbstractProtocol init
INFO: Initializing ProtocolHandler ["http-bio-443"]
Apr 30, 2013 8:15:42 PM org.apache.coyote.AbstractProtocol init
INFO: Initializing ProtocolHandler ["ajp-bio-8009"]
Apr 30, 2013 8:15:42 PM org.apache.catalina.startup.Catalina load
INFO: Initialization processed in 562 ms
Apr 30, 2013 8:15:42 PM org.apache.catalina.core.StandardService startInternal
INFO: Starting service Catalina
Apr 30, 2013 8:15:42 PM org.apache.catalina.core.StandardEngine startInternal
INFO: Starting Servlet Engine: Apache Tomcat/7.0.39
Apr 30, 2013 8:15:42 PM org.apache.catalina.realm.UserDatabaseRealm startInternal
SEVERE: Exception looking up UserDatabase under key UserDatabase
javax.naming.NameNotFoundException: Name [UserDatabase] is not bound in this Context. Unable to find [UserDatabase].
	at org.apache.naming.NamingContext.lookup(NamingContext.java:820)
	at org.apache.naming.NamingContext.lookup(NamingContext.java:168)
	at org.apache.catalina.realm.UserDatabaseRealm.startInternal(UserDatabaseRealm.java:255)
	at org.apache.catalina.util.LifecycleBase.start(LifecycleBase.java:150)
	at org.apache.catalina.realm.CombinedRealm.startInternal(CombinedRealm.java:201)
	at org.apache.catalina.realm.LockOutRealm.startInternal(LockOutRealm.java:120)
	at org.apache.catalina.util.LifecycleBase.start(LifecycleBase.java:150)
	at org.apache.catalina.core.ContainerBase.startInternal(ContainerBase.java:1109)
	at org.apache.catalina.core.StandardEngine.startInternal(StandardEngine.java:302)
	at org.apache.catalina.util.LifecycleBase.start(LifecycleBase.java:150)
	at org.apache.catalina.core.StandardService.startInternal(StandardService.java:443)
	at org.apache.catalina.util.LifecycleBase.start(LifecycleBase.java:150)
	at org.apache.catalina.core.StandardServer.startInternal(StandardServer.java:732)
	at org.apache.catalina.util.LifecycleBase.start(LifecycleBase.java:150)
	at org.apache.catalina.startup.Catalina.start(Catalina.java:684)
	at sun.reflect.NativeMethodAccessorImpl.invoke0(Native Method)
	at sun.reflect.NativeMethodAccessorImpl.invoke(Unknown Source)
	at sun.reflect.DelegatingMethodAccessorImpl.invoke(Unknown Source)
	at java.lang.reflect.Method.invoke(Unknown Source)
	at org.apache.catalina.startup.Bootstrap.start(Bootstrap.java:322)
	at org.apache.catalina.startup.Bootstrap.main(Bootstrap.java:456)

Apr 30, 2013 8:15:42 PM org.apache.catalina.realm.CombinedRealm startInternal
SEVERE: Failed to start "org.apache.catalina.realm.UserDatabaseRealm/1.0" realm
org.apache.catalina.LifecycleException: Failed to start component [Realm[UserDatabaseRealm]]
	at org.apache.catalina.util.LifecycleBase.start(LifecycleBase.java:154)
	at org.apache.catalina.realm.CombinedRealm.startInternal(CombinedRealm.java:201)
	at org.apache.catalina.realm.LockOutRealm.startInternal(LockOutRealm.java:120)
	at org.apache.catalina.util.LifecycleBase.start(LifecycleBase.java:150)
	at org.apache.catalina.core.ContainerBase.startInternal(ContainerBase.java:1109)
	at org.apache.catalina.core.StandardEngine.startInternal(StandardEngine.java:302)
	at org.apache.catalina.util.LifecycleBase.start(LifecycleBase.java:150)
	at org.apache.catalina.core.StandardService.startInternal(StandardService.java:443)
	at org.apache.catalina.util.LifecycleBase.start(LifecycleBase.java:150)
	at org.apache.catalina.core.StandardServer.startInternal(StandardServer.java:732)
	at org.apache.catalina.util.LifecycleBase.start(LifecycleBase.java:150)
	at org.apache.catalina.startup.Catalina.start(Catalina.java:684)
	at sun.reflect.NativeMethodAccessorImpl.invoke0(Native Method)
	at sun.reflect.NativeMethodAccessorImpl.invoke(Unknown Source)
	at sun.reflect.DelegatingMethodAccessorImpl.invoke(Unknown Source)
	at java.lang.reflect.Method.invoke(Unknown Source)
	at org.apache.catalina.startup.Bootstrap.start(Bootstrap.java:322)
	at org.apache.catalina.startup.Bootstrap.main(Bootstrap.java:456)
Caused by: org.apache.catalina.LifecycleException: No UserDatabase component found under key UserDatabase
	at org.apache.catalina.realm.UserDatabaseRealm.startInternal(UserDatabaseRealm.java:264)
	at org.apache.catalina.util.LifecycleBase.start(LifecycleBase.java:150)
	... 17 more

Apr 30, 2013 8:15:42 PM org.apache.catalina.startup.HostConfig deployDirectory
INFO: Deploying web application directory D:\Projects\website\Tomcat\webapps\docs
Apr 30, 2013 8:15:43 PM org.apache.catalina.startup.HostConfig deployDirectory
INFO: Deploying web application directory D:\Projects\website\Tomcat\webapps\manager
Apr 30, 2013 8:15:43 PM org.apache.coyote.AbstractProtocol start
INFO: Starting ProtocolHandler ["http-bio-443"]
Apr 30, 2013 8:15:43 PM org.apache.coyote.AbstractProtocol start
INFO: Starting ProtocolHandler ["ajp-bio-8009"]
Apr 30, 2013 8:15:43 PM org.apache.catalina.startup.Catalina start
INFO: Server startup in 316 ms
Apr 30, 2013 8:16:25 PM org.apache.coyote.AbstractProtocol pause
INFO: Pausing ProtocolHandler ["http-bio-443"]
Apr 30, 2013 8:16:25 PM org.apache.coyote.AbstractProtocol pause
INFO: Pausing ProtocolHandler ["ajp-bio-8009"]
Apr 30, 2013 8:16:25 PM org.apache.catalina.core.StandardService stopInternal
INFO: Stopping service Catalina
Apr 30, 2013 8:16:25 PM org.apache.catalina.loader.WebappClassLoader checkThreadLocalMapForLeaks
SEVERE: The web application [] created a ThreadLocal with key of type [java.lang.ThreadLocal] (value [java.lang.ThreadLocal@4540a2]) and a value of type [filters.ContentFilter.Wrapper] (value [filters.ContentFilter$Wrapper@968022]) but failed to remove it when the web application was stopped. Threads are going to be renewed over time to try and avoid a probable memory leak.
Apr 30, 2013 8:16:25 PM org.apache.catalina.loader.WebappClassLoader checkThreadLocalMapForLeaks
SEVERE: The web application [] created a ThreadLocal with key of type [java.lang.ThreadLocal] (value [java.lang.ThreadLocal@4540a2]) and a value of type [filters.ContentFilter.Wrapper] (value [filters.ContentFilter$Wrapper@b65f76]) but failed to remove it when the web application was stopped. Threads are going to be renewed over time to try and avoid a probable memory leak.
Apr 30, 2013 8:16:25 PM org.apache.catalina.loader.WebappClassLoader checkThreadLocalMapForLeaks
SEVERE: The web application [] created a ThreadLocal with key of type [java.lang.ThreadLocal] (value [java.lang.ThreadLocal@4540a2]) and a value of type [filters.ContentFilter.Wrapper] (value [filters.ContentFilter$Wrapper@13552e8]) but failed to remove it when the web application was stopped. Threads are going to be renewed over time to try and avoid a probable memory leak.
Apr 30, 2013 8:16:25 PM org.apache.catalina.loader.WebappClassLoader checkThreadLocalMapForLeaks
SEVERE: The web application [] created a ThreadLocal with key of type [java.lang.ThreadLocal] (value [java.lang.ThreadLocal@4540a2]) and a value of type [filters.ContentFilter.Wrapper] (value [filters.ContentFilter$Wrapper@1d63b83]) but failed to remove it when the web application was stopped. Threads are going to be renewed over time to try and avoid a probable memory leak.
Apr 30, 2013 8:16:25 PM org.apache.coyote.AbstractProtocol stop
INFO: Stopping ProtocolHandler ["http-bio-443"]
Apr 30, 2013 8:16:25 PM org.apache.coyote.AbstractProtocol stop
INFO: Stopping ProtocolHandler ["ajp-bio-8009"]
Apr 30, 2013 8:16:29 PM org.apache.catalina.core.AprLifecycleListener init
INFO: The APR based Apache Tomcat Native library which allows optimal performance in production environments was not found on the java.library.path: D:\Projects\website\Tomcat\bin;C:\Windows\Sun\Java\bin;C:\Windows\system32;C:\Windows;C:\Windows\system32;C:\Windows;C:\Windows\System32\Wbem;C:\Windows\System32\WindowsPowerShell\v1.0\;C:\glassfish3\jdk7\bin;C:\Program Files\Dell\Dell Wireless WLAN Card;C:\Program Files (x86)\Autodesk\Backburner\;C:\Program Files (x86)\QuickTime\QTSystem\;C:\Program Files (x86)\ATI Technologies\ATI.ACE\Core-Static;C:\Users\Vlad\AppData\Local\GitHub\PortableGit_93e8418133eb85e81a81e5e19c272776524496c6\bin;C:\Users\Vlad\AppData\Local\GitHub\PortableGit_93e8418133eb85e81a81e5e19c272776524496c6\cmd;C:\Users\Vlad\AppData\Local\GitHub\PortableGit_93e8418133eb85e81a81e5e19c272776524496c6\libexec\git-core;;.
Apr 30, 2013 8:16:29 PM org.apache.coyote.AbstractProtocol init
INFO: Initializing ProtocolHandler ["http-bio-443"]
Apr 30, 2013 8:16:30 PM org.apache.coyote.AbstractProtocol init
INFO: Initializing ProtocolHandler ["ajp-bio-8009"]
Apr 30, 2013 8:16:30 PM org.apache.catalina.startup.Catalina load
INFO: Initialization processed in 578 ms
Apr 30, 2013 8:16:30 PM org.apache.catalina.core.StandardService startInternal
INFO: Starting service Catalina
Apr 30, 2013 8:16:30 PM org.apache.catalina.core.StandardEngine startInternal
INFO: Starting Servlet Engine: Apache Tomcat/7.0.39
Apr 30, 2013 8:16:30 PM org.apache.catalina.realm.UserDatabaseRealm startInternal
SEVERE: Exception looking up UserDatabase under key UserDatabase
javax.naming.NameNotFoundException: Name [UserDatabase] is not bound in this Context. Unable to find [UserDatabase].
	at org.apache.naming.NamingContext.lookup(NamingContext.java:820)
	at org.apache.naming.NamingContext.lookup(NamingContext.java:168)
	at org.apache.catalina.realm.UserDatabaseRealm.startInternal(UserDatabaseRealm.java:255)
	at org.apache.catalina.util.LifecycleBase.start(LifecycleBase.java:150)
	at org.apache.catalina.realm.CombinedRealm.startInternal(CombinedRealm.java:201)
	at org.apache.catalina.realm.LockOutRealm.startInternal(LockOutRealm.java:120)
	at org.apache.catalina.util.LifecycleBase.start(LifecycleBase.java:150)
	at org.apache.catalina.core.ContainerBase.startInternal(ContainerBase.java:1109)
	at org.apache.catalina.core.StandardEngine.startInternal(StandardEngine.java:302)
	at org.apache.catalina.util.LifecycleBase.start(LifecycleBase.java:150)
	at org.apache.catalina.core.StandardService.startInternal(StandardService.java:443)
	at org.apache.catalina.util.LifecycleBase.start(LifecycleBase.java:150)
	at org.apache.catalina.core.StandardServer.startInternal(StandardServer.java:732)
	at org.apache.catalina.util.LifecycleBase.start(LifecycleBase.java:150)
	at org.apache.catalina.startup.Catalina.start(Catalina.java:684)
	at sun.reflect.NativeMethodAccessorImpl.invoke0(Native Method)
	at sun.reflect.NativeMethodAccessorImpl.invoke(Unknown Source)
	at sun.reflect.DelegatingMethodAccessorImpl.invoke(Unknown Source)
	at java.lang.reflect.Method.invoke(Unknown Source)
	at org.apache.catalina.startup.Bootstrap.start(Bootstrap.java:322)
	at org.apache.catalina.startup.Bootstrap.main(Bootstrap.java:456)

Apr 30, 2013 8:16:30 PM org.apache.catalina.realm.CombinedRealm startInternal
SEVERE: Failed to start "org.apache.catalina.realm.UserDatabaseRealm/1.0" realm
org.apache.catalina.LifecycleException: Failed to start component [Realm[UserDatabaseRealm]]
	at org.apache.catalina.util.LifecycleBase.start(LifecycleBase.java:154)
	at org.apache.catalina.realm.CombinedRealm.startInternal(CombinedRealm.java:201)
	at org.apache.catalina.realm.LockOutRealm.startInternal(LockOutRealm.java:120)
	at org.apache.catalina.util.LifecycleBase.start(LifecycleBase.java:150)
	at org.apache.catalina.core.ContainerBase.startInternal(ContainerBase.java:1109)
	at org.apache.catalina.core.StandardEngine.startInternal(StandardEngine.java:302)
	at org.apache.catalina.util.LifecycleBase.start(LifecycleBase.java:150)
	at org.apache.catalina.core.StandardService.startInternal(StandardService.java:443)
	at org.apache.catalina.util.LifecycleBase.start(LifecycleBase.java:150)
	at org.apache.catalina.core.StandardServer.startInternal(StandardServer.java:732)
	at org.apache.catalina.util.LifecycleBase.start(LifecycleBase.java:150)
	at org.apache.catalina.startup.Catalina.start(Catalina.java:684)
	at sun.reflect.NativeMethodAccessorImpl.invoke0(Native Method)
	at sun.reflect.NativeMethodAccessorImpl.invoke(Unknown Source)
	at sun.reflect.DelegatingMethodAccessorImpl.invoke(Unknown Source)
	at java.lang.reflect.Method.invoke(Unknown Source)
	at org.apache.catalina.startup.Bootstrap.start(Bootstrap.java:322)
	at org.apache.catalina.startup.Bootstrap.main(Bootstrap.java:456)
Caused by: org.apache.catalina.LifecycleException: No UserDatabase component found under key UserDatabase
	at org.apache.catalina.realm.UserDatabaseRealm.startInternal(UserDatabaseRealm.java:264)
	at org.apache.catalina.util.LifecycleBase.start(LifecycleBase.java:150)
	... 17 more

Apr 30, 2013 8:16:30 PM org.apache.catalina.startup.HostConfig deployDirectory
INFO: Deploying web application directory D:\Projects\website\Tomcat\webapps\docs
Apr 30, 2013 8:16:30 PM org.apache.catalina.startup.HostConfig deployDirectory
INFO: Deploying web application directory D:\Projects\website\Tomcat\webapps\manager
Apr 30, 2013 8:16:30 PM org.apache.coyote.AbstractProtocol start
INFO: Starting ProtocolHandler ["http-bio-443"]
Apr 30, 2013 8:16:30 PM org.apache.coyote.AbstractProtocol start
INFO: Starting ProtocolHandler ["ajp-bio-8009"]
Apr 30, 2013 8:16:30 PM org.apache.catalina.startup.Catalina start
INFO: Server startup in 324 ms
Apr 30, 2013 8:19:32 PM org.apache.coyote.AbstractProtocol pause
INFO: Pausing ProtocolHandler ["http-bio-443"]
Apr 30, 2013 8:19:32 PM org.apache.coyote.AbstractProtocol pause
INFO: Pausing ProtocolHandler ["ajp-bio-8009"]
Apr 30, 2013 8:19:33 PM org.apache.catalina.core.StandardService stopInternal
INFO: Stopping service Catalina
Apr 30, 2013 8:19:33 PM org.apache.catalina.loader.WebappClassLoader checkThreadLocalMapForLeaks
SEVERE: The web application [] created a ThreadLocal with key of type [java.lang.ThreadLocal] (value [java.lang.ThreadLocal@13b6d82]) and a value of type [filters.ContentFilter.Wrapper] (value [filters.ContentFilter$Wrapper@927790]) but failed to remove it when the web application was stopped. Threads are going to be renewed over time to try and avoid a probable memory leak.
Apr 30, 2013 8:19:33 PM org.apache.catalina.loader.WebappClassLoader checkThreadLocalMapForLeaks
SEVERE: The web application [] created a ThreadLocal with key of type [java.lang.ThreadLocal] (value [java.lang.ThreadLocal@13b6d82]) and a value of type [filters.ContentFilter.Wrapper] (value [filters.ContentFilter$Wrapper@1e7c599]) but failed to remove it when the web application was stopped. Threads are going to be renewed over time to try and avoid a probable memory leak.
Apr 30, 2013 8:19:33 PM org.apache.catalina.loader.WebappClassLoader checkThreadLocalMapForLeaks
SEVERE: The web application [] created a ThreadLocal with key of type [java.lang.ThreadLocal] (value [java.lang.ThreadLocal@13b6d82]) and a value of type [filters.ContentFilter.Wrapper] (value [filters.ContentFilter$Wrapper@15ddb75]) but failed to remove it when the web application was stopped. Threads are going to be renewed over time to try and avoid a probable memory leak.
Apr 30, 2013 8:19:33 PM org.apache.catalina.loader.WebappClassLoader checkThreadLocalMapForLeaks
SEVERE: The web application [] created a ThreadLocal with key of type [java.lang.ThreadLocal] (value [java.lang.ThreadLocal@13b6d82]) and a value of type [filters.ContentFilter.Wrapper] (value [filters.ContentFilter$Wrapper@f2e00d]) but failed to remove it when the web application was stopped. Threads are going to be renewed over time to try and avoid a probable memory leak.
Apr 30, 2013 8:19:33 PM org.apache.catalina.loader.WebappClassLoader checkThreadLocalMapForLeaks
SEVERE: The web application [] created a ThreadLocal with key of type [java.lang.ThreadLocal] (value [java.lang.ThreadLocal@13b6d82]) and a value of type [filters.ContentFilter.Wrapper] (value [filters.ContentFilter$Wrapper@153790b]) but failed to remove it when the web application was stopped. Threads are going to be renewed over time to try and avoid a probable memory leak.
Apr 30, 2013 8:19:33 PM org.apache.coyote.AbstractProtocol stop
INFO: Stopping ProtocolHandler ["http-bio-443"]
Apr 30, 2013 8:19:33 PM org.apache.coyote.AbstractProtocol stop
INFO: Stopping ProtocolHandler ["ajp-bio-8009"]
Apr 30, 2013 8:21:00 PM org.apache.catalina.core.AprLifecycleListener init
INFO: The APR based Apache Tomcat Native library which allows optimal performance in production environments was not found on the java.library.path: D:\Projects\website\Tomcat\bin;C:\Windows\Sun\Java\bin;C:\Windows\system32;C:\Windows;C:\Windows\system32;C:\Windows;C:\Windows\System32\Wbem;C:\Windows\System32\WindowsPowerShell\v1.0\;C:\glassfish3\jdk7\bin;C:\Program Files\Dell\Dell Wireless WLAN Card;C:\Program Files (x86)\Autodesk\Backburner\;C:\Program Files (x86)\QuickTime\QTSystem\;C:\Program Files (x86)\ATI Technologies\ATI.ACE\Core-Static;C:\Users\Vlad\AppData\Local\GitHub\PortableGit_93e8418133eb85e81a81e5e19c272776524496c6\bin;C:\Users\Vlad\AppData\Local\GitHub\PortableGit_93e8418133eb85e81a81e5e19c272776524496c6\cmd;C:\Users\Vlad\AppData\Local\GitHub\PortableGit_93e8418133eb85e81a81e5e19c272776524496c6\libexec\git-core;;.
Apr 30, 2013 8:21:07 PM org.apache.coyote.AbstractProtocol init
INFO: Initializing ProtocolHandler ["http-bio-443"]
Apr 30, 2013 8:21:08 PM org.apache.coyote.AbstractProtocol init
INFO: Initializing ProtocolHandler ["ajp-bio-8009"]
Apr 30, 2013 8:21:08 PM org.apache.catalina.startup.Catalina load
INFO: Initialization processed in 11286 ms
Apr 30, 2013 8:21:08 PM org.apache.catalina.core.StandardService startInternal
INFO: Starting service Catalina
Apr 30, 2013 8:21:08 PM org.apache.catalina.core.StandardEngine startInternal
INFO: Starting Servlet Engine: Apache Tomcat/7.0.39
Apr 30, 2013 8:21:08 PM org.apache.catalina.realm.UserDatabaseRealm startInternal
SEVERE: Exception looking up UserDatabase under key UserDatabase
javax.naming.NameNotFoundException: Name [UserDatabase] is not bound in this Context. Unable to find [UserDatabase].
	at org.apache.naming.NamingContext.lookup(NamingContext.java:820)
	at org.apache.naming.NamingContext.lookup(NamingContext.java:168)
	at org.apache.catalina.realm.UserDatabaseRealm.startInternal(UserDatabaseRealm.java:255)
	at org.apache.catalina.util.LifecycleBase.start(LifecycleBase.java:150)
	at org.apache.catalina.realm.CombinedRealm.startInternal(CombinedRealm.java:201)
	at org.apache.catalina.realm.LockOutRealm.startInternal(LockOutRealm.java:120)
	at org.apache.catalina.util.LifecycleBase.start(LifecycleBase.java:150)
	at org.apache.catalina.core.ContainerBase.startInternal(ContainerBase.java:1109)
	at org.apache.catalina.core.StandardEngine.startInternal(StandardEngine.java:302)
	at org.apache.catalina.util.LifecycleBase.start(LifecycleBase.java:150)
	at org.apache.catalina.core.StandardService.startInternal(StandardService.java:443)
	at org.apache.catalina.util.LifecycleBase.start(LifecycleBase.java:150)
	at org.apache.catalina.core.StandardServer.startInternal(StandardServer.java:732)
	at org.apache.catalina.util.LifecycleBase.start(LifecycleBase.java:150)
	at org.apache.catalina.startup.Catalina.start(Catalina.java:684)
	at sun.reflect.NativeMethodAccessorImpl.invoke0(Native Method)
	at sun.reflect.NativeMethodAccessorImpl.invoke(Unknown Source)
	at sun.reflect.DelegatingMethodAccessorImpl.invoke(Unknown Source)
	at java.lang.reflect.Method.invoke(Unknown Source)
	at org.apache.catalina.startup.Bootstrap.start(Bootstrap.java:322)
	at org.apache.catalina.startup.Bootstrap.main(Bootstrap.java:456)

Apr 30, 2013 8:21:08 PM org.apache.catalina.realm.CombinedRealm startInternal
SEVERE: Failed to start "org.apache.catalina.realm.UserDatabaseRealm/1.0" realm
org.apache.catalina.LifecycleException: Failed to start component [Realm[UserDatabaseRealm]]
	at org.apache.catalina.util.LifecycleBase.start(LifecycleBase.java:154)
	at org.apache.catalina.realm.CombinedRealm.startInternal(CombinedRealm.java:201)
	at org.apache.catalina.realm.LockOutRealm.startInternal(LockOutRealm.java:120)
	at org.apache.catalina.util.LifecycleBase.start(LifecycleBase.java:150)
	at org.apache.catalina.core.ContainerBase.startInternal(ContainerBase.java:1109)
	at org.apache.catalina.core.StandardEngine.startInternal(StandardEngine.java:302)
	at org.apache.catalina.util.LifecycleBase.start(LifecycleBase.java:150)
	at org.apache.catalina.core.StandardService.startInternal(StandardService.java:443)
	at org.apache.catalina.util.LifecycleBase.start(LifecycleBase.java:150)
	at org.apache.catalina.core.StandardServer.startInternal(StandardServer.java:732)
	at org.apache.catalina.util.LifecycleBase.start(LifecycleBase.java:150)
	at org.apache.catalina.startup.Catalina.start(Catalina.java:684)
	at sun.reflect.NativeMethodAccessorImpl.invoke0(Native Method)
	at sun.reflect.NativeMethodAccessorImpl.invoke(Unknown Source)
	at sun.reflect.DelegatingMethodAccessorImpl.invoke(Unknown Source)
	at java.lang.reflect.Method.invoke(Unknown Source)
	at org.apache.catalina.startup.Bootstrap.start(Bootstrap.java:322)
	at org.apache.catalina.startup.Bootstrap.main(Bootstrap.java:456)
Caused by: org.apache.catalina.LifecycleException: No UserDatabase component found under key UserDatabase
	at org.apache.catalina.realm.UserDatabaseRealm.startInternal(UserDatabaseRealm.java:264)
	at org.apache.catalina.util.LifecycleBase.start(LifecycleBase.java:150)
	... 17 more

Apr 30, 2013 8:21:10 PM org.apache.catalina.startup.HostConfig deployDirectory
INFO: Deploying web application directory D:\Projects\website\Tomcat\webapps\docs
Apr 30, 2013 8:21:10 PM org.apache.catalina.startup.HostConfig deployDirectory
INFO: Deploying web application directory D:\Projects\website\Tomcat\webapps\manager
Apr 30, 2013 8:21:11 PM org.apache.coyote.AbstractProtocol start
INFO: Starting ProtocolHandler ["http-bio-443"]
Apr 30, 2013 8:21:11 PM org.apache.coyote.AbstractProtocol start
INFO: Starting ProtocolHandler ["ajp-bio-8009"]
Apr 30, 2013 8:21:11 PM org.apache.catalina.startup.Catalina start
INFO: Server startup in 3143 ms
Apr 30, 2013 8:22:49 PM org.apache.coyote.AbstractProtocol pause
INFO: Pausing ProtocolHandler ["http-bio-443"]
Apr 30, 2013 8:22:50 PM org.apache.coyote.AbstractProtocol pause
INFO: Pausing ProtocolHandler ["ajp-bio-8009"]
Apr 30, 2013 8:22:50 PM org.apache.catalina.core.StandardService stopInternal
INFO: Stopping service Catalina
Apr 30, 2013 8:22:50 PM org.apache.coyote.AbstractProtocol stop
INFO: Stopping ProtocolHandler ["http-bio-443"]
Apr 30, 2013 8:22:50 PM org.apache.coyote.AbstractProtocol stop
INFO: Stopping ProtocolHandler ["ajp-bio-8009"]
