[2013-04-25 18:29:07] [info]  [ 6796] Commons Daemon procrun (1.0.14.0 32-bit) started
[2013-04-25 18:29:07] [info]  [ 6796] Service Tomcat7 name Apache Tomcat 7.0 Tomcat7
[2013-04-25 18:29:08] [info]  [ 6796] Service 'Tomcat7' installed
[2013-04-25 18:29:08] [info]  [ 6796] Commons Daemon procrun finished
[2013-04-25 18:29:08] [info]  [ 6252] Commons Daemon procrun (1.0.14.0 32-bit) started
[2013-04-25 18:29:08] [info]  [ 6252] Updating service...
[2013-04-25 18:29:09] [info]  [ 6252] Service 'Tomcat7' updated
[2013-04-25 18:29:09] [info]  [ 6252] Update service finished.
[2013-04-25 18:29:09] [info]  [ 6252] Commons Daemon procrun finished
[2013-04-25 18:29:09] [info]  [ 4712] Commons Daemon procrun (1.0.14.0 32-bit) started
[2013-04-25 18:29:09] [info]  [ 4712] Updating service...
[2013-04-25 18:29:09] [info]  [ 4712] Service 'Tomcat7' updated
[2013-04-25 18:29:09] [info]  [ 4712] Update service finished.
[2013-04-25 18:29:09] [info]  [ 4712] Commons Daemon procrun finished
[2013-04-25 18:29:09] [info]  [ 6424] Commons Daemon procrun (1.0.14.0 32-bit) started
[2013-04-25 18:29:10] [info]  [ 6424] Updating service...
[2013-04-25 18:29:10] [info]  [ 6424] Service 'Tomcat7' updated
[2013-04-25 18:29:10] [info]  [ 6424] Update service finished.
[2013-04-25 18:29:10] [info]  [ 6424] Commons Daemon procrun finished
[2013-04-25 18:29:20] [info]  [ 6900] Commons Daemon procrun (1.0.14.0 32-bit) started
[2013-04-25 18:29:20] [info]  [ 6900] Running 'Tomcat7' Service...
[2013-04-25 18:29:20] [info]  [ 6616] Starting service...
[2013-04-25 18:29:22] [info]  [ 6616] Service started in 2114 ms.
[2013-04-25 18:32:32] [info]  [ 6376] Stopping service...
[2013-04-25 18:32:33] [info]  [ 6376] Service stopped.
[2013-04-25 18:32:33] [info]  [ 6900] Run service finished.
[2013-04-25 18:32:33] [info]  [ 6900] Commons Daemon procrun finished
[2013-04-25 18:32:33] [error] [ 6376] Failed to set service status
[2013-04-25 18:32:37] [info]  [ 2524] Commons Daemon procrun (1.0.14.0 32-bit) started
[2013-04-25 18:32:37] [info]  [ 2524] Running 'Tomcat7' Service...
[2013-04-25 18:32:37] [info]  [ 6184] Starting service...
[2013-04-25 18:32:38] [info]  [ 6184] Service started in 1083 ms.
[2013-04-25 18:32:39] [info]  [ 2524] Run service finished.
[2013-04-25 18:32:39] [info]  [ 2524] Commons Daemon procrun finished
[2013-04-25 18:38:10] [info]  [ 6660] Commons Daemon procrun (1.0.14.0 32-bit) started
[2013-04-25 18:38:10] [info]  [ 6660] Running 'Tomcat7' Service...
[2013-04-25 18:38:10] [info]  [ 6996] Starting service...
[2013-04-25 18:38:11] [info]  [ 6996] Service started in 1084 ms.
[2013-04-25 18:38:11] [info]  [ 6660] Run service finished.
[2013-04-25 18:38:12] [info]  [ 6660] Commons Daemon procrun finished
[2013-04-25 18:38:47] [info]  [ 6808] Commons Daemon procrun (1.0.14.0 32-bit) started
[2013-04-25 18:38:47] [info]  [ 6808] Running 'Tomcat7' Service...
[2013-04-25 18:38:47] [info]  [ 4408] Starting service...
[2013-04-25 18:38:48] [info]  [ 4408] Service started in 1086 ms.
[2013-04-25 18:39:30] [info]  [ 7008] Stopping service...
[2013-04-25 18:39:32] [info]  [ 7008] Service stopped.
[2013-04-25 18:39:32] [info]  [ 6808] Run service finished.
[2013-04-25 18:39:32] [info]  [ 6808] Commons Daemon procrun finished
[2013-04-25 18:39:35] [info]  [ 6564] Commons Daemon procrun (1.0.14.0 32-bit) started
[2013-04-25 18:39:35] [info]  [ 6564] Running 'Tomcat7' Service...
[2013-04-25 18:39:35] [info]  [ 6940] Starting service...
[2013-04-25 18:39:36] [info]  [ 6940] Service started in 1081 ms.
[2013-04-25 18:40:13] [info]  [ 7064] Stopping service...
[2013-04-25 18:40:14] [info]  [ 7064] Service stopped.
[2013-04-25 18:40:15] [info]  [ 6564] Run service finished.
[2013-04-25 18:40:15] [info]  [ 6564] Commons Daemon procrun finished
[2013-04-25 18:40:18] [info]  [ 6704] Commons Daemon procrun (1.0.14.0 32-bit) started
[2013-04-25 18:40:18] [info]  [ 6704] Running 'Tomcat7' Service...
[2013-04-25 18:40:18] [info]  [ 6976] Starting service...
[2013-04-25 18:40:19] [info]  [ 6976] Service started in 1085 ms.
[2013-04-25 18:46:39] [info]  [ 4812] Stopping service...
[2013-04-25 18:46:41] [info]  [ 4812] Service stopped.
[2013-04-25 18:46:41] [info]  [ 6704] Run service finished.
[2013-04-25 18:46:41] [error] [ 4812] Failed to set service status
[2013-04-25 18:46:41] [info]  [ 6704] Commons Daemon procrun finished
[2013-04-25 18:46:44] [info]  [ 6400] Commons Daemon procrun (1.0.14.0 32-bit) started
[2013-04-25 18:46:44] [info]  [ 6400] Running 'Tomcat7' Service...
[2013-04-25 18:46:44] [info]  [ 5208] Starting service...
[2013-04-25 18:46:45] [info]  [ 5208] Service started in 1088 ms.
[2013-04-25 18:46:45] [info]  [ 6400] Run service finished.
[2013-04-25 18:46:45] [info]  [ 6400] Commons Daemon procrun finished
[2013-04-25 18:48:08] [info]  [ 6660] Commons Daemon procrun (1.0.14.0 32-bit) started
[2013-04-25 18:48:08] [info]  [ 6660] Running 'Tomcat7' Service...
[2013-04-25 18:48:08] [info]  [ 4440] Starting service...
[2013-04-25 18:48:09] [info]  [ 4440] Service started in 1075 ms.
[2013-04-25 18:48:09] [info]  [ 6660] Run service finished.
[2013-04-25 18:48:09] [info]  [ 6660] Commons Daemon procrun finished
[2013-04-25 18:49:22] [info]  [ 4912] Commons Daemon procrun (1.0.14.0 32-bit) started
[2013-04-25 18:49:22] [info]  [ 4912] Running 'Tomcat7' Service...
[2013-04-25 18:49:22] [info]  [ 6900] Starting service...
[2013-04-25 18:49:23] [info]  [ 6900] Service started in 1083 ms.
[2013-04-25 18:51:54] [info]  [ 5000] Stopping service...
[2013-04-25 18:51:55] [info]  [ 5000] Service stopped.
[2013-04-25 18:51:55] [info]  [ 4912] Run service finished.
[2013-04-25 18:51:55] [error] [ 5000] Failed to set service status
[2013-04-25 18:51:55] [error] [ 5000] The handle is invalid.
[2013-04-25 18:51:55] [info]  [ 4912] Commons Daemon procrun finished
[2013-04-25 18:51:58] [info]  [ 4440] Commons Daemon procrun (1.0.14.0 32-bit) started
[2013-04-25 18:51:58] [info]  [ 4440] Running 'Tomcat7' Service...
[2013-04-25 18:51:58] [info]  [ 7092] Starting service...
[2013-04-25 18:51:59] [info]  [ 7092] Service started in 1081 ms.
[2013-04-25 18:52:23] [info]  [ 6736] Stopping service...
[2013-04-25 18:52:24] [info]  [ 6736] Service stopped.
[2013-04-25 18:52:24] [info]  [ 4440] Run service finished.
[2013-04-25 18:52:24] [info]  [ 4440] Commons Daemon procrun finished
[2013-04-25 18:52:28] [info]  [ 5624] Commons Daemon procrun (1.0.14.0 32-bit) started
[2013-04-25 18:52:28] [info]  [ 5624] Running 'Tomcat7' Service...
[2013-04-25 18:52:28] [info]  [ 3112] Starting service...
[2013-04-25 18:52:30] [info]  [ 3112] Service started in 1078 ms.
[2013-04-25 18:52:30] [info]  [ 5624] Run service finished.
[2013-04-25 18:52:30] [info]  [ 5624] Commons Daemon procrun finished
[2013-04-25 18:53:29] [info]  [ 6148] Commons Daemon procrun (1.0.14.0 32-bit) started
[2013-04-25 18:53:29] [info]  [ 6148] Running 'Tomcat7' Service...
[2013-04-25 18:53:29] [info]  [ 3228] Starting service...
[2013-04-25 18:53:31] [info]  [ 3228] Service started in 1082 ms.
[2013-04-25 18:56:19] [info]  [ 5784] Stopping service...
[2013-04-25 18:56:20] [info]  [ 5784] Service stopped.
[2013-04-25 18:56:20] [info]  [ 6148] Run service finished.
[2013-04-25 18:56:20] [info]  [ 6148] Commons Daemon procrun finished
[2013-04-25 18:56:23] [info]  [ 6644] Commons Daemon procrun (1.0.14.0 32-bit) started
[2013-04-25 18:56:23] [info]  [ 6644] Running 'Tomcat7' Service...
[2013-04-25 18:56:23] [info]  [ 7056] Starting service...
[2013-04-25 18:56:24] [info]  [ 7056] Service started in 1083 ms.
[2013-04-25 18:56:54] [info]  [ 6148] Stopping service...
[2013-04-25 18:56:55] [info]  [ 6148] Service stopped.
[2013-04-25 18:56:55] [info]  [ 6644] Run service finished.
[2013-04-25 18:56:55] [info]  [ 6644] Commons Daemon procrun finished
[2013-04-25 18:56:57] [info]  [ 5888] Commons Daemon procrun (1.0.14.0 32-bit) started
[2013-04-25 18:56:57] [info]  [ 5888] Running 'Tomcat7' Service...
[2013-04-25 18:56:58] [info]  [  448] Starting service...
[2013-04-25 18:56:59] [info]  [  448] Service started in 1082 ms.
[2013-04-25 19:02:00] [info]  [ 6212] Stopping service...
[2013-04-25 19:02:01] [info]  [ 6212] Service stopped.
[2013-04-25 19:02:01] [info]  [ 5888] Run service finished.
[2013-04-25 19:02:02] [info]  [ 5888] Commons Daemon procrun finished
[2013-04-25 19:02:06] [info]  [ 6756] Commons Daemon procrun (1.0.14.0 32-bit) started
[2013-04-25 19:02:06] [info]  [ 6756] Running 'Tomcat7' Service...
[2013-04-25 19:02:06] [info]  [ 4128] Starting service...
[2013-04-25 19:02:07] [info]  [ 4128] Service started in 1080 ms.
[2013-04-25 19:06:32] [info]  [ 6820] Stopping service...
[2013-04-25 19:06:33] [info]  [ 6820] Service stopped.
[2013-04-25 19:06:33] [info]  [ 6756] Run service finished.
[2013-04-25 19:06:33] [info]  [ 6756] Commons Daemon procrun finished
[2013-04-25 19:06:33] [error] [ 6820] Failed to set service status
[2013-04-25 19:06:33] [error] [ 6820] The handle is invalid.
[2013-04-25 19:06:35] [info]  [ 5084] Commons Daemon procrun (1.0.14.0 32-bit) started
[2013-04-25 19:06:35] [info]  [ 5084] Running 'Tomcat7' Service...
[2013-04-25 19:06:35] [info]  [ 6808] Starting service...
[2013-04-25 19:06:37] [info]  [ 6808] Service started in 1086 ms.
[2013-04-25 19:06:37] [info]  [ 5084] Run service finished.
[2013-04-25 19:06:37] [info]  [ 5084] Commons Daemon procrun finished
[2013-04-25 19:07:18] [info]  [ 4812] Commons Daemon procrun (1.0.14.0 32-bit) started
[2013-04-25 19:07:18] [info]  [ 4812] Running 'Tomcat7' Service...
[2013-04-25 19:07:18] [info]  [ 1356] Starting service...
[2013-04-25 19:07:19] [info]  [ 1356] Service started in 1085 ms.
