[2013-04-29 13:08:52] [info]  [ 2452] Commons Daemon procrun (1.0.14.0 32-bit) started
[2013-04-29 13:08:53] [info]  [ 2452] Running 'Tomcat7' Service...
[2013-04-29 13:08:55] [info]  [ 2920] Starting service...
[2013-04-29 13:09:10] [info]  [ 2920] Service started in 13603 ms.
[2013-04-29 13:36:49] [info]  [ 4088] Stopping service...
[2013-04-29 13:36:50] [info]  [ 4088] Service stopped.
[2013-04-29 13:36:50] [info]  [ 2452] Run service finished.
[2013-04-29 13:36:51] [info]  [ 2452] Commons Daemon procrun finished
[2013-04-29 13:36:53] [info]  [ 5740] Commons Daemon procrun (1.0.14.0 32-bit) started
[2013-04-29 13:36:53] [info]  [ 5740] Running 'Tomcat7' Service...
[2013-04-29 13:36:53] [info]  [ 5204] Starting service...
[2013-04-29 13:36:55] [info]  [ 5204] Service started in 2042 ms.
[2013-04-29 13:56:51] [info]  [  876] Stopping service...
[2013-04-29 13:56:52] [info]  [  876] Service stopped.
[2013-04-29 13:56:52] [info]  [ 5740] Run service finished.
[2013-04-29 13:56:52] [info]  [ 5740] Commons Daemon procrun finished
[2013-04-29 13:56:52] [error] [  876] Failed to set service status
[2013-04-29 13:56:52] [error] [  876] The handle is invalid.
[2013-04-29 13:56:54] [info]  [ 2772] Commons Daemon procrun (1.0.14.0 32-bit) started
[2013-04-29 13:56:54] [info]  [ 2772] Running 'Tomcat7' Service...
[2013-04-29 13:56:54] [info]  [ 1728] Starting service...
[2013-04-29 13:56:55] [info]  [ 1728] Service started in 1101 ms.
[2013-04-29 14:15:55] [info]  [ 5368] Stopping service...
[2013-04-29 14:15:56] [info]  [ 5368] Service stopped.
[2013-04-29 14:15:56] [info]  [ 2772] Run service finished.
[2013-04-29 14:15:56] [info]  [ 2772] Commons Daemon procrun finished
[2013-04-29 14:15:56] [error] [ 5368] Failed to set service status
[2013-04-29 14:15:57] [error] [ 5368] The handle is invalid.
[2013-04-29 14:27:47] [info]  [ 4520] Commons Daemon procrun (1.0.14.0 32-bit) started
[2013-04-29 14:27:47] [info]  [ 4520] Running 'Tomcat7' Service...
[2013-04-29 14:27:47] [info]  [ 5968] Starting service...
[2013-04-29 14:27:49] [info]  [ 5968] Service started in 1293 ms.
[2013-04-29 15:10:56] [info]  [  876] Stopping service...
[2013-04-29 15:10:57] [info]  [  876] Service stopped.
[2013-04-29 15:10:57] [info]  [ 4520] Run service finished.
[2013-04-29 15:10:57] [info]  [ 4520] Commons Daemon procrun finished
[2013-04-29 15:11:00] [info]  [  948] Commons Daemon procrun (1.0.14.0 32-bit) started
[2013-04-29 15:11:00] [info]  [  948] Running 'Tomcat7' Service...
[2013-04-29 15:11:00] [info]  [ 5984] Starting service...
[2013-04-29 15:11:01] [info]  [ 5984] Service started in 1079 ms.
[2013-04-29 15:14:24] [info]  [ 1740] Stopping service...
[2013-04-29 15:14:25] [info]  [ 1740] Service stopped.
[2013-04-29 15:14:26] [info]  [  948] Run service finished.
[2013-04-29 15:14:26] [info]  [  948] Commons Daemon procrun finished
[2013-04-29 15:14:28] [info]  [ 4936] Commons Daemon procrun (1.0.14.0 32-bit) started
[2013-04-29 15:14:28] [info]  [ 4936] Running 'Tomcat7' Service...
[2013-04-29 15:14:28] [info]  [ 5468] Starting service...
[2013-04-29 15:14:29] [info]  [ 5468] Service started in 1090 ms.
[2013-04-29 15:38:42] [info]  [ 6008] Stopping service...
[2013-04-29 15:38:43] [info]  [ 6008] Service stopped.
[2013-04-29 15:38:44] [info]  [ 4936] Run service finished.
[2013-04-29 15:38:44] [info]  [ 4936] Commons Daemon procrun finished
[2013-04-29 15:38:46] [info]  [ 4568] Commons Daemon procrun (1.0.14.0 32-bit) started
[2013-04-29 15:38:46] [info]  [ 4568] Running 'Tomcat7' Service...
[2013-04-29 15:38:46] [info]  [ 5496] Starting service...
[2013-04-29 15:38:47] [info]  [ 5496] Service started in 1077 ms.
[2013-04-29 15:51:43] [info]  [ 5648] Stopping service...
[2013-04-29 15:51:46] [info]  [ 5648] Service stopped.
[2013-04-29 15:51:46] [info]  [ 4568] Run service finished.
[2013-04-29 15:51:46] [info]  [ 4568] Commons Daemon procrun finished
[2013-04-29 15:51:49] [info]  [ 5396] Commons Daemon procrun (1.0.14.0 32-bit) started
[2013-04-29 15:51:49] [info]  [ 5396] Running 'Tomcat7' Service...
[2013-04-29 15:51:49] [info]  [ 4480] Starting service...
[2013-04-29 15:51:50] [info]  [ 4480] Service started in 1082 ms.
[2013-04-29 15:53:26] [info]  [ 2492] Stopping service...
[2013-04-29 15:53:27] [info]  [ 2492] Service stopped.
[2013-04-29 15:53:27] [info]  [ 5396] Run service finished.
[2013-04-29 15:53:27] [info]  [ 5396] Commons Daemon procrun finished
[2013-04-29 15:53:29] [info]  [ 1648] Commons Daemon procrun (1.0.14.0 32-bit) started
[2013-04-29 15:53:29] [info]  [ 1648] Running 'Tomcat7' Service...
[2013-04-29 15:53:29] [info]  [ 5472] Starting service...
[2013-04-29 15:53:31] [info]  [ 5472] Service started in 1084 ms.
[2013-04-29 15:54:01] [info]  [ 5880] Stopping service...
[2013-04-29 15:54:02] [info]  [ 5880] Service stopped.
[2013-04-29 15:54:02] [info]  [ 1648] Run service finished.
[2013-04-29 15:54:02] [info]  [ 1648] Commons Daemon procrun finished
[2013-04-29 15:54:04] [info]  [ 5216] Commons Daemon procrun (1.0.14.0 32-bit) started
[2013-04-29 15:54:04] [info]  [ 5216] Running 'Tomcat7' Service...
[2013-04-29 15:54:05] [info]  [ 1468] Starting service...
[2013-04-29 15:54:06] [info]  [ 1468] Service started in 1082 ms.
[2013-04-29 15:57:02] [info]  [ 6040] Stopping service...
[2013-04-29 15:57:03] [info]  [ 6040] Service stopped.
[2013-04-29 15:57:03] [info]  [ 5216] Run service finished.
[2013-04-29 15:57:03] [info]  [ 5216] Commons Daemon procrun finished
[2013-04-29 15:57:05] [info]  [ 1640] Commons Daemon procrun (1.0.14.0 32-bit) started
[2013-04-29 15:57:05] [info]  [ 1640] Running 'Tomcat7' Service...
[2013-04-29 15:57:05] [info]  [ 6072] Starting service...
[2013-04-29 15:57:06] [info]  [ 6072] Service started in 1082 ms.
[2013-04-29 16:36:18] [info]  [ 6984] Stopping service...
[2013-04-29 16:36:19] [info]  [ 6984] Service stopped.
[2013-04-29 16:36:19] [info]  [ 1640] Run service finished.
[2013-04-29 16:36:19] [info]  [ 1640] Commons Daemon procrun finished
[2013-04-29 16:36:22] [info]  [ 5736] Commons Daemon procrun (1.0.14.0 32-bit) started
[2013-04-29 16:36:22] [info]  [ 5736] Running 'Tomcat7' Service...
[2013-04-29 16:36:22] [info]  [ 6640] Starting service...
[2013-04-29 16:36:23] [info]  [ 6640] Service started in 1079 ms.
[2013-04-29 16:36:23] [info]  [ 5736] Run service finished.
[2013-04-29 16:36:23] [info]  [ 5736] Commons Daemon procrun finished
[2013-04-29 16:37:05] [info]  [ 6592] Commons Daemon procrun (1.0.14.0 32-bit) started
[2013-04-29 16:37:05] [info]  [ 6592] Running 'Tomcat7' Service...
[2013-04-29 16:37:05] [info]  [ 6436] Starting service...
[2013-04-29 16:37:06] [info]  [ 6436] Service started in 1076 ms.
[2013-04-29 16:37:06] [info]  [ 6592] Run service finished.
[2013-04-29 16:37:06] [info]  [ 6592] Commons Daemon procrun finished
[2013-04-29 16:41:45] [info]  [ 3856] Commons Daemon procrun (1.0.14.0 32-bit) started
[2013-04-29 16:41:45] [info]  [ 3856] Running 'Tomcat7' Service...
[2013-04-29 16:41:45] [info]  [ 6268] Starting service...
[2013-04-29 16:41:46] [info]  [ 6268] Service started in 1077 ms.
[2013-04-29 16:41:46] [info]  [ 3856] Run service finished.
[2013-04-29 16:41:46] [info]  [ 3856] Commons Daemon procrun finished
[2013-04-29 16:42:06] [info]  [ 3372] Commons Daemon procrun (1.0.14.0 32-bit) started
[2013-04-29 16:42:06] [info]  [ 3372] Running 'Tomcat7' Service...
[2013-04-29 16:42:06] [info]  [ 2520] Starting service...
[2013-04-29 16:42:08] [info]  [ 2520] Service started in 1078 ms.
[2013-04-29 16:42:08] [info]  [ 3372] Run service finished.
[2013-04-29 16:42:08] [info]  [ 3372] Commons Daemon procrun finished
[2013-04-29 16:42:36] [info]  [ 3312] Commons Daemon procrun (1.0.14.0 32-bit) started
[2013-04-29 16:42:36] [info]  [ 3312] Running 'Tomcat7' Service...
[2013-04-29 16:42:36] [info]  [ 7060] Starting service...
[2013-04-29 16:42:37] [info]  [ 7060] Service started in 1079 ms.
[2013-04-29 16:43:19] [info]  [ 7004] Stopping service...
[2013-04-29 16:43:20] [info]  [ 7004] Service stopped.
[2013-04-29 16:43:20] [info]  [ 3312] Run service finished.
[2013-04-29 16:43:20] [info]  [ 3312] Commons Daemon procrun finished
[2013-04-29 16:43:22] [info]  [ 6748] Commons Daemon procrun (1.0.14.0 32-bit) started
[2013-04-29 16:43:22] [info]  [ 6748] Running 'Tomcat7' Service...
[2013-04-29 16:43:22] [info]  [ 6568] Starting service...
[2013-04-29 16:43:23] [info]  [ 6568] Service started in 1079 ms.
[2013-04-29 16:43:48] [info]  [ 4244] Stopping service...
[2013-04-29 16:43:49] [info]  [ 4244] Service stopped.
[2013-04-29 16:43:49] [info]  [ 6748] Run service finished.
[2013-04-29 16:43:49] [info]  [ 6748] Commons Daemon procrun finished
[2013-04-29 16:43:49] [2013-04-29 16:43:52] [info]  [ 4516] Commons Daemon procrun (1.0.14.0 32-bit) started
[2013-04-29 16:43:52] [info]  [ 4516] Running 'Tomcat7' Service...
[2013-04-29 16:43:52] [info]  [ 4192] Starting service...
[2013-04-29 16:43:53] [info]  [ 4192] Service started in 1080 ms.
[2013-04-29 16:46:17] [info]  [ 5460] Stopping service...
[2013-04-29 16:46:18] [info]  [ 5460] Service stopped.
[2013-04-29 16:46:18] [info]  [ 4516] Run service finished.
[2013-04-29 16:46:18] [info]  [ 4516] Commons Daemon procrun finished
[2013-04-29 16:46:21] [info]  [ 6256] Commons Daemon procrun (1.0.14.0 32-bit) started
[2013-04-29 16:46:21] [info]  [ 6256] Running 'Tomcat7' Service...
[2013-04-29 16:46:21] [info]  [ 6616] Starting service...
[2013-04-29 16:46:22] [info]  [ 6616] Service started in 1077 ms.
[2013-04-29 16:47:36] [info]  [ 4452] Stopping service...
[2013-04-29 16:47:37] [info]  [ 4452] Service stopped.
[2013-04-29 16:47:37] [info]  [ 6256] Run service finished.
[2013-04-29 16:47:37] [info]  [ 6256] Commons Daemon procrun finished
[2013-04-29 16:47:39] [info]  [ 5560] Commons Daemon procrun (1.0.14.0 32-bit) started
[2013-04-29 16:47:39] [info]  [ 5560] Running 'Tomcat7' Service...
[2013-04-29 16:47:39] [info]  [ 6412] Starting service...
[2013-04-29 16:47:40] [info]  [ 6412] Service started in 1101 ms.
[2013-04-29 16:48:04] [info]  [ 6900] Stopping service...
[2013-04-29 16:48:05] [info]  [ 6900] Service stopped.
[2013-04-29 16:48:05] [info]  [ 5560] Run service finished.
[2013-04-29 16:48:06] [info]  [ 5560] Commons Daemon procrun finished
[2013-04-29 16:48:08] [info]  [ 6540] Commons Daemon procrun (1.0.14.0 32-bit) started
[2013-04-29 16:48:08] [info]  [ 6540] Running 'Tomcat7' Service...
[2013-04-29 16:48:08] [info]  [ 2876] Starting service...
[2013-04-29 16:48:09] [info]  [ 2876] Service started in 1086 ms.
[2013-04-29 17:01:36] [info]  [ 3564] Console SHUTDOWN event signaled
[2013-04-29 17:01:36] [info]  [ 3564] Stopping service...
[2013-04-29 17:01:37] [info]  [ 3564] Service stopped.
[2013-04-29 17:01:37] [info]  [ 6540] Run service finished.
[2013-04-29 17:01:37] [info]  [ 6540] Commons Daemon procrun finished
[2013-04-29 17:02:39] [info]  [ 2180] Commons Daemon procrun (1.0.14.0 32-bit) started
[2013-04-29 17:02:39] [info]  [ 2180] Running 'Tomcat7' Service...
[2013-04-29 17:02:39] [info]  [ 2192] Starting service...
[2013-04-29 17:02:47] [info]  [ 2192] Service started in 8517 ms.
[2013-04-29 17:04:17] [info]  [ 3948] Console SHUTDOWN event signaled
[2013-04-29 17:04:17] [info]  [ 3948] Stopping service...
[2013-04-29 17:04:18] [info]  [ 3948] Service stopped.
[2013-04-29 17:04:18] [info]  [ 2180] Run service finished.
[2013-04-29 17:04:19] [info]  [ 2180] Commons Daemon procrun finished
