[2013-04-26 13:39:28] [info]  [ 2300] Commons Daemon procrun (1.0.14.0 32-bit) started
[2013-04-26 13:39:28] [info]  [ 2300] Running 'Tomcat7' Service...
[2013-04-26 13:39:28] [info]  [ 2788] Starting service...
[2013-04-26 13:39:51] [info]  [ 2788] Service started in 22560 ms.
[2013-04-26 14:21:50] [info]  [ 5576] Stopping service...
[2013-04-26 14:21:51] [info]  [ 5576] Service stopped.
[2013-04-26 14:21:51] [info]  [ 2300] Run service finished.
[2013-04-26 14:21:51] [info]  [ 2300] Commons Daemon procrun finished
[2013-04-26 14:22:02] [info]  [ 3436] Commons Daemon procrun (1.0.14.0 32-bit) started
[2013-04-26 14:22:02] [info]  [ 3436] Running 'Tomcat7' Service...
[2013-04-26 14:22:02] [info]  [ 5460] Starting service...
[2013-04-26 14:22:04] [info]  [ 5460] Service started in 1399 ms.
[2013-04-26 14:23:01] [info]  [ 4816] Stopping service...
[2013-04-26 14:23:02] [info]  [ 4816] Service stopped.
[2013-04-26 14:23:02] [info]  [ 3436] Run service finished.
[2013-04-26 14:23:02] [info]  [ 3436] Commons Daemon procrun finished
[2013-04-26 14:23:04] [info]  [ 5992] Commons Daemon procrun (1.0.14.0 32-bit) started
[2013-04-26 14:23:04] [info]  [ 5992] Running 'Tomcat7' Service...
[2013-04-26 14:23:04] [info]  [ 2760] Starting service...
[2013-04-26 14:23:05] [info]  [ 2760] Service started in 1077 ms.
[2013-04-26 14:23:34] [info]  [ 5488] Stopping service...
[2013-04-26 14:23:35] [info]  [ 5488] Service stopped.
[2013-04-26 14:23:35] [info]  [ 5992] Run service finished.
[2013-04-26 14:23:35] [info]  [ 5992] Commons Daemon procrun finished
[2013-04-26 14:23:38] [info]  [ 5016] Commons Daemon procrun (1.0.14.0 32-bit) started
[2013-04-26 14:23:38] [info]  [ 5016] Running 'Tomcat7' Service...
[2013-04-26 14:23:38] [info]  [ 5420] Starting service...
[2013-04-26 14:23:39] [info]  [ 5420] Service started in 1077 ms.
[2013-04-26 14:23:53] [info]  [ 5536] Stopping service...
[2013-04-26 14:23:54] [info]  [ 5536] Service stopped.
[2013-04-26 14:23:54] [info]  [ 5016] Run service finished.
[2013-04-26 14:23:54] [info]  [ 5016] Commons Daemon procrun finished
[2013-04-26 14:23:57] [info]  [ 5720] Commons Daemon procrun (1.0.14.0 32-bit) started
[2013-04-26 14:23:57] [info]  [ 5720] Running 'Tomcat7' Service...
[2013-04-26 14:23:57] [info]  [ 3160] Starting service...
[2013-04-26 14:23:58] [info]  [ 3160] Service started in 1081 ms.
[2013-04-26 14:31:43] [info]  [ 3496] Stopping service...
[2013-04-26 14:31:45] [info]  [ 3496] Service stopped.
[2013-04-26 14:31:45] [error] [ 3496] Failed to set service status
[2013-04-26 14:31:45] [error] [ 3496] The handle is invalid.
[2013-04-26 14:31:45] [info]  [ 5720] Run service finished.
[2013-04-26 14:31:45] [info]  [ 5720] Commons Daemon procrun finished
[2013-04-26 14:31:47] [info]  [ 3208] Commons Daemon procrun (1.0.14.0 32-bit) started
[2013-04-26 14:31:47] [info]  [ 3208] Running 'Tomcat7' Service...
[2013-04-26 14:31:47] [info]  [ 5400] Starting service...
[2013-04-26 14:31:48] [info]  [ 5400] Service started in 1077 ms.
[2013-04-26 14:39:17] [info]  [ 5628] Stopping service...
[2013-04-26 14:39:18] [info]  [ 5628] Service stopped.
[2013-04-26 14:39:18] [info]  [ 3208] Run service finished.
[2013-04-26 14:39:18] [info]  [ 3208] Commons Daemon procrun finished
[2013-04-26 14:39:21] [info]  [ 5696] Commons Daemon procrun (1.0.14.0 32-bit) started
[2013-04-26 14:39:21] [info]  [ 5696] Running 'Tomcat7' Service...
[2013-04-26 14:39:21] [info]  [ 5608] Starting service...
[2013-04-26 14:39:22] [info]  [ 5608] Service started in 1081 ms.
[2013-04-26 15:19:21] [info]  [ 5688] Stopping service...
[2013-04-26 15:19:23] [info]  [ 5688] Service stopped.
[2013-04-26 15:19:23] [info]  [ 5696] Run service finished.
[2013-04-26 15:19:23] [info]  [ 5696] Commons Daemon procrun finished
[2013-04-26 15:19:27] [info]  [ 2032] Commons Daemon procrun (1.0.14.0 32-bit) started
[2013-04-26 15:19:27] [info]  [ 2032] Running 'Tomcat7' Service...
[2013-04-26 15:19:27] [info]  [ 5144] Starting service...
[2013-04-26 15:19:28] [info]  [ 5144] Service started in 1084 ms.
[2013-04-26 15:52:01] [info]  [ 4432] Stopping service...
[2013-04-26 15:52:02] [info]  [ 4432] Service stopped.
[2013-04-26 15:52:02] [error] [ 4432] Failed to set service status
[2013-04-26 15:52:02] [error] [ 4432] The handle is invalid.
[2013-04-26 15:52:02] [info]  [ 2032] Run service finished.
[2013-04-26 15:52:02] [info]  [ 2032] Commons Daemon procrun finished
[2013-04-26 15:52:05] [info]  [ 4212] Commons Daemon procrun (1.0.14.0 32-bit) started
[2013-04-26 15:52:05] [info]  [ 4212] Running 'Tomcat7' Service...
[2013-04-26 15:52:05] [info]  [ 5472] Starting service...
[2013-04-26 15:52:06] [info]  [ 5472] Service started in 1087 ms.
[2013-04-27 00:53:11] [info]  [ 4348] Stopping service...
[2013-04-27 00:53:16] [info]  [ 4348] Service stopped.
[2013-04-27 00:53:16] [info]  [ 4212] Run service finished.
[2013-04-27 00:53:16] [info]  [ 4212] Commons Daemon procrun finished
