[2013-04-30 10:33:40] [info]  [ 2176] Commons Daemon procrun (1.0.14.0 32-bit) started
[2013-04-30 10:33:40] [info]  [ 2176] Running 'Tomcat7' Service...
[2013-04-30 10:33:40] [info]  [ 2188] Starting service...
[2013-04-30 10:33:53] [info]  [ 2188] Service started in 13306 ms.
[2013-04-30 14:31:35] [info]  [ 1768] Stopping service...
[2013-04-30 14:31:36] [info]  [ 1768] Service stopped.
[2013-04-30 14:31:36] [info]  [ 2176] Run service finished.
[2013-04-30 14:31:36] [info]  [ 2176] Commons Daemon procrun finished
[2013-04-30 14:31:38] [info]  [ 3604] Commons Daemon procrun (1.0.14.0 32-bit) started
[2013-04-30 14:31:38] [info]  [ 3604] Running 'Tomcat7' Service...
[2013-04-30 14:31:38] [info]  [ 5944] Starting service...
[2013-04-30 14:31:40] [info]  [ 5944] Service started in 1270 ms.
[2013-04-30 19:39:34] [info]  [ 2188] Stopping service...
[2013-04-30 19:39:35] [info]  [ 2188] Service stopped.
[2013-04-30 19:39:35] [info]  [ 3604] Run service finished.
[2013-04-30 19:39:35] [info]  [ 3604] Commons Daemon procrun finished
[2013-04-30 19:39:35] [error] [ 2188] Failed to set service status
[2013-04-30 19:39:39] [info]  [ 4996] Commons Daemon procrun (1.0.14.0 32-bit) started
[2013-04-30 19:39:39] [info]  [ 4996] Running 'Tomcat7' Service...
[2013-04-30 19:39:39] [info]  [ 5272] Starting service...
[2013-04-30 19:39:40] [info]  [ 5272] Service started in 1078 ms.
[2013-04-30 19:43:47] [info]  [ 4340] Stopping service...
[2013-04-30 19:43:48] [info]  [ 4340] Service stopped.
[2013-04-30 19:43:48] [info]  [ 4996] Run service finished.
[2013-04-30 19:43:48] [info]  [ 4996] Commons Daemon procrun finished
[2013-04-30 19:43:50] [info]  [ 2532] Commons Daemon procrun (1.0.14.0 32-bit) started
[2013-04-30 19:43:50] [info]  [ 2532] Running 'Tomcat7' Service...
[2013-04-30 19:43:50] [info]  [ 2836] Starting service...
[2013-04-30 19:43:52] [info]  [ 2836] Service started in 1079 ms.
[2013-04-30 20:02:35] [info]  [ 6456] Stopping service...
[2013-04-30 20:02:36] [info]  [ 6456] Service stopped.
[2013-04-30 20:02:36] [info]  [ 2532] Run service finished.
[2013-04-30 20:02:36] [info]  [ 2532] Commons Daemon procrun finished
[2013-04-30 20:02:39] [info]  [ 6632] Commons Daemon procrun (1.0.14.0 32-bit) started
[2013-04-30 20:02:39] [info]  [ 6632] Running 'Tomcat7' Service...
[2013-04-30 20:02:39] [info]  [ 6952] Starting service...
[2013-04-30 20:02:40] [info]  [ 6952] Service started in 1078 ms.
[2013-04-30 20:15:18] [info]  [ 6276] Stopping service...
[2013-04-30 20:15:19] [info]  [ 6276] Service stopped.
[2013-04-30 20:15:19] [info]  [ 6632] Run service finished.
[2013-04-30 20:15:19] [info]  [ 6632] Commons Daemon procrun finished
[2013-04-30 20:15:41] [info]  [ 6648] Commons Daemon procrun (1.0.14.0 32-bit) started
[2013-04-30 20:15:41] [info]  [ 6648] Running 'Tomcat7' Service...
[2013-04-30 20:15:41] [info]  [ 6992] Starting service...
[2013-04-30 20:15:43] [info]  [ 6992] Service started in 1077 ms.
[2013-04-30 20:16:25] [info]  [ 6312] Stopping service...
[2013-04-30 20:16:26] [info]  [ 6312] Service stopped.
[2013-04-30 20:16:26] [info]  [ 6648] Run service finished.
[2013-04-30 20:16:26] [info]  [ 6648] Commons Daemon procrun finished
[2013-04-30 20:16:29] [info]  [ 6428] Commons Daemon procrun (1.0.14.0 32-bit) started
[2013-04-30 20:16:29] [info]  [ 6428] Running 'Tomcat7' Service...
[2013-04-30 20:16:29] [info]  [ 6188] Starting service...
[2013-04-30 20:16:30] [info]  [ 6188] Service started in 1086 ms.
