[2013-05-05 12:41:08] [info]  [ 2608] Commons Daemon procrun (1.0.14.0 32-bit) started
[2013-05-05 12:41:08] [info]  [ 2608] Running 'Tomcat7' Service...
[2013-05-05 12:41:08] [info]  [ 2644] Starting service...
[2013-05-05 12:41:17] [info]  [ 2644] Service started in 9157 ms.
[2013-05-05 13:56:32] [info]  [ 6608] Stopping service...
[2013-05-05 13:56:33] [info]  [ 6608] Service stopped.
[2013-05-05 13:56:33] [info]  [ 2608] Run service finished.
[2013-05-05 13:56:33] [info]  [ 2608] Commons Daemon procrun finished
[2013-05-05 13:56:37] [info]  [ 6560] Commons Daemon procrun (1.0.14.0 32-bit) started
[2013-05-05 13:56:37] [info]  [ 6560] Running 'Tomcat7' Service...
[2013-05-05 13:56:38] [info]  [ 6332] Starting service...
[2013-05-05 13:56:39] [info]  [ 6332] Service started in 1105 ms.
[2013-05-05 13:57:44] [info]  [ 6608] Stopping service...
[2013-05-05 13:57:45] [info]  [ 6608] Service stopped.
[2013-05-05 13:57:45] [info]  [ 6560] Run service finished.
[2013-05-05 13:57:45] [info]  [ 6560] Commons Daemon procrun finished
[2013-05-05 13:57:49] [info]  [ 3444] Commons Daemon procrun (1.0.14.0 32-bit) started
[2013-05-05 13:57:49] [info]  [ 3444] Running 'Tomcat7' Service...
[2013-05-05 13:57:49] [info]  [ 6192] Starting service...
[2013-05-05 13:57:50] [info]  [ 6192] Service started in 1080 ms.
[2013-05-05 14:04:32] [info]  [ 6772] Stopping service...
[2013-05-05 14:04:33] [info]  [ 6772] Service stopped.
[2013-05-05 14:04:33] [info]  [ 3444] Run service finished.
[2013-05-05 14:04:33] [info]  [ 3444] Commons Daemon procrun finished
[2013-05-05 14:04:36] [info]  [ 6856] Commons Daemon procrun (1.0.14.0 32-bit) started
[2013-05-05 14:04:36] [info]  [ 6856] Running 'Tomcat7' Service...
[2013-05-05 14:04:37] [info]  [ 6292] Starting service...
[2013-05-05 14:04:38] [info]  [ 6292] Service started in 1081 ms.
[2013-05-05 14:29:59] [info]  [ 7004] Stopping service...
[2013-05-05 14:30:00] [info]  [ 7004] Service stopped.
[2013-05-05 14:30:00] [info]  [ 6856] Run service finished.
[2013-05-05 14:30:00] [info]  [ 6856] Commons Daemon procrun finished
[2013-05-05 14:30:33] [info]  [ 3016] Commons Daemon procrun (1.0.14.0 32-bit) started
[2013-05-05 14:30:33] [info]  [ 3016] Running 'Tomcat7' Service...
[2013-05-05 14:30:33] [info]  [ 3084] Starting service...
[2013-05-05 14:30:34] [info]  [ 3084] Service started in 1081 ms.
[2013-05-05 14:32:00] [info]  [ 7088] Stopping service...
[2013-05-05 14:32:01] [info]  [ 7088] Service stopped.
[2013-05-05 14:32:01] [info]  [ 3016] Run service finished.
[2013-05-05 14:32:01] [info]  [ 3016] Commons Daemon procrun finished
[2013-05-05 14:32:03] [info]  [ 6824] Commons Daemon procrun (1.0.14.0 32-bit) started
[2013-05-05 14:32:03] [info]  [ 6824] Running 'Tomcat7' Service...
[2013-05-05 14:32:03] [info]  [ 4756] Starting service...
[2013-05-05 14:32:04] [info]  [ 4756] Service started in 1076 ms.
[2013-05-05 14:33:12] [info]  [ 6612] Stopping service...
[2013-05-05 14:33:13] [info]  [ 6612] Service stopped.
[2013-05-05 14:33:13] [info]  [ 6824] Run service finished.
[2013-05-05 14:33:13] [info]  [ 6824] Commons Daemon procrun finished
[2013-05-05 14:33:15] [info]  [ 6920] Commons Daemon procrun (1.0.14.0 32-bit) started
[2013-05-05 14:33:15] [info]  [ 6920] Running 'Tomcat7' Service...
[2013-05-05 14:33:15] [info]  [ 6120] Starting service...
[2013-05-05 14:33:16] [info]  [ 6120] Service started in 1085 ms.
[2013-05-05 14:34:23] [info]  [ 7108] Stopping service...
[2013-05-05 14:34:24] [info]  [ 7108] Service stopped.
[2013-05-05 14:34:24] [info]  [ 6920] Run service finished.
[2013-05-05 14:34:25] [error] [ 7108] Failed to set service status
[2013-05-05 14:34:25] [error] [ 7108] The handle is invalid.
[2013-05-05 14:34:25] [info]  [ 6920] Commons Daemon procrun finished
[2013-05-05 14:34:27] [info]  [ 6600] Commons Daemon procrun (1.0.14.0 32-bit) started
[2013-05-05 14:34:27] [info]  [ 6600] Running 'Tomcat7' Service...
[2013-05-05 14:34:27] [info]  [ 2444] Starting service...
[2013-05-05 14:34:28] [info]  [ 2444] Service started in 1078 ms.
[2013-05-05 14:45:38] [info]  [ 6804] Stopping service...
[2013-05-05 14:45:39] [info]  [ 6804] Service stopped.
[2013-05-05 14:45:39] [info]  [ 6600] Run service finished.
[2013-05-05 14:45:39] [info]  [ 6600] Commons Daemon procrun finished
[2013-05-05 14:45:41] [info]  [ 7548] Commons Daemon procrun (1.0.14.0 32-bit) started
[2013-05-05 14:45:41] [info]  [ 7548] Running 'Tomcat7' Service...
[2013-05-05 14:45:41] [info]  [ 7540] Starting service...
[2013-05-05 14:45:43] [info]  [ 7540] Service started in 1105 ms.
[2013-05-05 14:50:18] [info]  [ 7484] Stopping service...
[2013-05-05 14:50:19] [info]  [ 7484] Service stopped.
[2013-05-05 14:50:19] [info]  [ 7548] Run service finished.
[2013-05-05 14:50:19] [info]  [ 7548] Commons Daemon procrun finished
[2013-05-05 14:50:23] [info]  [ 6812] Commons Daemon procrun (1.0.14.0 32-bit) started
[2013-05-05 14:50:23] [info]  [ 6812] Running 'Tomcat7' Service...
[2013-05-05 14:50:23] [info]  [ 6180] Starting service...
[2013-05-05 14:50:24] [info]  [ 6180] Service started in 1080 ms.
[2013-05-05 14:51:33] [info]  [ 8172] Stopping service...
[2013-05-05 14:51:34] [info]  [ 8172] Service stopped.
[2013-05-05 14:51:34] [info]  [ 6812] Run service finished.
[2013-05-05 14:51:34] [info]  [ 6812] Commons Daemon procrun finished
[2013-05-05 14:51:37] [info]  [ 7744] Commons Daemon procrun (1.0.14.0 32-bit) started
[2013-05-05 14:51:37] [info]  [ 7744] Running 'Tomcat7' Service...
[2013-05-05 14:51:37] [info]  [ 7344] Starting service...
[2013-05-05 14:51:38] [info]  [ 7344] Service started in 1101 ms.
[2013-05-05 15:03:05] [info]  [ 7412] Stopping service...
[2013-05-05 15:03:06] [info]  [ 7412] Service stopped.
[2013-05-05 15:03:06] [info]  [ 7744] Run service finished.
[2013-05-05 15:03:06] [info]  [ 7744] Commons Daemon procrun finished
[2013-05-05 15:03:09] [info]  [ 7368] Commons Daemon procrun (1.0.14.0 32-bit) started
[2013-05-05 15:03:09] [info]  [ 7368] Running 'Tomcat7' Service...
[2013-05-05 15:03:09] [info]  [ 7824] Starting service...
[2013-05-05 15:03:10] [info]  [ 7824] Service started in 1081 ms.
[2013-05-05 15:04:17] [info]  [ 6276] Stopping service...
[2013-05-05 15:04:18] [info]  [ 6276] Service stopped.
[2013-05-05 15:04:19] [info]  [ 7368] Run service finished.
[2013-05-05 15:04:19] [info]  [ 7368] Commons Daemon procrun finished
[2013-05-05 15:04:21] [info]  [ 7476] Commons Daemon procrun (1.0.14.0 32-bit) started
[2013-05-05 15:04:21] [info]  [ 7476] Running 'Tomcat7' Service...
[2013-05-05 15:04:21] [info]  [ 7904] Starting service...
[2013-05-05 15:04:22] [info]  [ 7904] Service started in 1090 ms.
[2013-05-05 15:15:01] [info]  [ 8112] Stopping service...
[2013-05-05 15:15:02] [info]  [ 8112] Service stopped.
[2013-05-05 15:15:02] [info]  [ 7476] Run service finished.
[2013-05-05 15:15:02] [info]  [ 7476] Commons Daemon procrun finished
[2013-05-05 15:15:04] [info]  [ 6736] Commons Daemon procrun (1.0.14.0 32-bit) started
[2013-05-05 15:15:04] [info]  [ 6736] Running 'Tomcat7' Service...
[2013-05-05 15:15:04] [info]  [ 8096] Starting service...
[2013-05-05 15:15:06] [info]  [ 8096] Service started in 1077 ms.
[2013-05-05 15:16:46] [info]  [ 8016] Stopping service...
[2013-05-05 15:16:47] [info]  [ 8016] Service stopped.
[2013-05-05 15:16:47] [info]  [ 6736] Run service finished.
[2013-05-05 15:16:47] [error] [ 8016] Failed to set service status
[2013-05-05 15:16:47] [info]  [ 6736] Commons Daemon procrun finished
[2013-05-05 15:16:49] [info]  [ 7944] Commons Daemon procrun (1.0.14.0 32-bit) started
[2013-05-05 15:16:49] [info]  [ 7944] Running 'Tomcat7' Service...
[2013-05-05 15:16:49] [info]  [ 7252] Starting service...
[2013-05-05 15:16:50] [info]  [ 7252] Service started in 1081 ms.
[2013-05-05 15:49:02] [info]  [ 2980] Stopping service...
[2013-05-05 15:49:03] [info]  [ 2980] Service stopped.
[2013-05-05 15:49:03] [info]  [ 7944] Run service finished.
[2013-05-05 15:49:03] [info]  [ 7944] Commons Daemon procrun finished
[2013-05-05 15:49:05] [info]  [ 7600] Commons Daemon procrun (1.0.14.0 32-bit) started
[2013-05-05 15:49:05] [info]  [ 7600] Running 'Tomcat7' Service...
[2013-05-05 15:49:05] [info]  [ 7188] Starting service...
[2013-05-05 15:49:07] [info]  [ 7188] Service started in 1083 ms.
[2013-05-05 15:52:01] [info]  [ 5912] Stopping service...
[2013-05-05 15:52:03] [info]  [ 5912] Service stopped.
[2013-05-05 15:52:03] [info]  [ 7600] Run service finished.
[2013-05-05 15:52:03] [info]  [ 7600] Commons Daemon procrun finished
[2013-05-05 15:52:08] [info]  [ 4964] Commons Daemon procrun (1.0.14.0 32-bit) started
[2013-05-05 15:52:08] [info]  [ 4964] Running 'Tomcat7' Service...
[2013-05-05 15:52:08] [info]  [ 4036] Starting service...
[2013-05-05 15:52:09] [info]  [ 4036] Service started in 1086 ms.
[2013-05-05 16:05:43] [info]  [ 8156] Stopping service...
[2013-05-05 16:05:44] [info]  [ 8156] Service stopped.
[2013-05-05 16:05:44] [info]  [ 4964] Run service finished.
[2013-05-05 16:05:44] [info]  [ 4964] Commons Daemon procrun finished
[2013-05-05 16:05:47] [info]  [ 7752] Commons Daemon procrun (1.0.14.0 32-bit) started
[2013-05-05 16:05:47] [info]  [ 7752] Running 'Tomcat7' Service...
[2013-05-05 16:05:48] [info]  [ 2476] Starting service...
[2013-05-05 16:05:51] [info]  [ 2476] Service started in 1118 ms.
[2013-05-05 16:08:49] [info]  [ 6048] Stopping service...
[2013-05-05 16:08:50] [info]  [ 6048] Service stopped.
[2013-05-05 16:08:50] [info]  [ 7752] Run service finished.
[2013-05-05 16:08:50] [info]  [ 7752] Commons Daemon procrun finished
[2013-05-05 16:08:52] [info]  [ 5520] Commons Daemon procrun (1.0.14.0 32-bit) started
[2013-05-05 16:08:52] [info]  [ 5520] Running 'Tomcat7' Service...
[2013-05-05 16:08:53] [info]  [ 6232] Starting service...
[2013-05-05 16:08:54] [info]  [ 6232] Service started in 1093 ms.
[2013-05-05 16:27:50] [info]  [ 7748] Stopping service...
[2013-05-05 16:27:51] [info]  [ 7748] Service stopped.
[2013-05-05 16:27:51] [info]  [ 5520] Run service finished.
[2013-05-05 16:27:51] [info]  [ 5520] Commons Daemon procrun finished
[2013-05-05 16:27:53] [info]  [ 2216] Commons Daemon procrun (1.0.14.0 32-bit) started
[2013-05-05 16:27:54] [info]  [ 2216] Running 'Tomcat7' Service...
[2013-05-05 16:27:54] [info]  [ 6568] Starting service...
[2013-05-05 16:27:55] [info]  [ 6568] Service started in 1079 ms.
[2013-05-05 16:31:34] [info]  [ 6840] Stopping service...
[2013-05-05 16:31:35] [info]  [ 6840] Service stopped.
[2013-05-05 16:31:35] [info]  [ 2216] Run service finished.
[2013-05-05 16:31:35] [info]  [ 2216] Commons Daemon procrun finished
[2013-05-05 16:31:53] [info]  [ 7276] Commons Daemon procrun (1.0.14.0 32-bit) started
[2013-05-05 16:31:53] [info]  [ 7276] Running 'Tomcat7' Service...
[2013-05-05 16:31:53] [info]  [ 6696] Starting service...
[2013-05-05 16:31:54] [info]  [ 6696] Service started in 1104 ms.
[2013-05-05 16:32:31] [info]  [ 7064] Stopping service...
[2013-05-05 16:32:32] [info]  [ 7064] Service stopped.
[2013-05-05 16:32:32] [info]  [ 7276] Run service finished.
[2013-05-05 16:32:32] [info]  [ 7276] Commons Daemon procrun finished
[2013-05-05 16:32:50] [info]  [ 2648] Commons Daemon procrun (1.0.14.0 32-bit) started
[2013-05-05 16:32:50] [info]  [ 2648] Running 'Tomcat7' Service...
[2013-05-05 16:32:50] [info]  [ 5428] Starting service...
[2013-05-05 16:32:52] [info]  [ 5428] Service started in 1096 ms.
[2013-05-05 16:33:41] [info]  [ 5588] Stopping service...
[2013-05-05 16:33:42] [info]  [ 5588] Service stopped.
[2013-05-05 16:33:42] [info]  [ 2648] Run service finished.
[2013-05-05 16:33:42] [info]  [ 2648] Commons Daemon procrun finished
[2013-05-05 16:33:59] [info]  [ 7044] Commons Daemon procrun (1.0.14.0 32-bit) started
[2013-05-05 16:33:59] [info]  [ 7044] Running 'Tomcat7' Service...
[2013-05-05 16:33:59] [info]  [ 7908] Starting service...
[2013-05-05 16:34:01] [info]  [ 7908] Service started in 1079 ms.
[2013-05-05 16:35:11] [info]  [ 6552] Stopping service...
[2013-05-05 16:35:12] [info]  [ 6552] Service stopped.
[2013-05-05 16:35:12] [info]  [ 7044] Run service finished.
[2013-05-05 16:35:12] [error] [ 6552] Failed to set service status
[2013-05-05 16:35:12] [info]  [ 7044] Commons Daemon procrun finished
[2013-05-05 16:35:18] [info]  [ 5584] Commons Daemon procrun (1.0.14.0 32-bit) started
[2013-05-05 16:35:18] [info]  [ 5584] Running 'Tomcat7' Service...
[2013-05-05 16:35:18] [info]  [ 6860] Starting service...
[2013-05-05 16:35:19] [info]  [ 6860] Service started in 1119 ms.
[2013-05-05 16:36:39] [info]  [ 7144] Stopping service...
[2013-05-05 16:36:40] [info]  [ 7144] Service stopped.
[2013-05-05 16:36:40] [info]  [ 5584] Run service finished.
[2013-05-05 16:36:40] [info]  [ 5584] Commons Daemon procrun finished
[2013-05-05 16:36:40] [2013-05-05 16:36:54] [info]  [ 6228] Commons Daemon procrun (1.0.14.0 32-bit) started
[2013-05-05 16:36:54] [info]  [ 6228] Running 'Tomcat7' Service...
[2013-05-05 16:36:54] [info]  [ 6232] Starting service...
[2013-05-05 16:36:55] [info]  [ 6232] Service started in 1082 ms.
[2013-05-05 16:37:10] [info]  [ 1332] Stopping service...
[2013-05-05 16:37:11] [info]  [ 1332] Service stopped.
[2013-05-05 16:37:11] [info]  [ 6228] Run service finished.
[2013-05-05 16:37:11] [info]  [ 6228] Commons Daemon procrun finished
[2013-05-05 16:37:29] [info]  [ 5996] Commons Daemon procrun (1.0.14.0 32-bit) started
[2013-05-05 16:37:29] [info]  [ 5996] Running 'Tomcat7' Service...
[2013-05-05 16:37:29] [info]  [ 5224] Starting service...
[2013-05-05 16:37:30] [info]  [ 5224] Service started in 1105 ms.
[2013-05-05 16:38:38] [info]  [  976] Stopping service...
[2013-05-05 16:38:39] [info]  [  976] Service stopped.
[2013-05-05 16:38:39] [info]  [ 5996] Run service finished.
[2013-05-05 16:38:39] [info]  [ 5996] Commons Daemon procrun finished
[2013-05-05 16:38:42] [info]  [ 5828] Commons Daemon procrun (1.0.14.0 32-bit) started
[2013-05-05 16:38:42] [info]  [ 5828] Running 'Tomcat7' Service...
[2013-05-05 16:38:42] [info]  [ 3344] Starting service...
[2013-05-05 16:38:43] [info]  [ 3344] Service started in 1093 ms.
[2013-05-05 16:48:35] [info]  [ 5448] Stopping service...
[2013-05-05 16:48:36] [info]  [ 5448] Service stopped.
[2013-05-05 16:48:36] [info]  [ 5828] Run service finished.
[2013-05-05 16:48:36] [info]  [ 5828] Commons Daemon procrun finished
[2013-05-05 16:48:38] [info]  [ 2852] Commons Daemon procrun (1.0.14.0 32-bit) started
[2013-05-05 16:48:38] [info]  [ 2852] Running 'Tomcat7' Service...
[2013-05-05 16:48:38] [info]  [ 4676] Starting service...
[2013-05-05 16:48:39] [info]  [ 4676] Service started in 1113 ms.
[2013-05-05 16:49:32] [info]  [ 2360] Stopping service...
[2013-05-05 16:49:33] [info]  [ 2360] Service stopped.
[2013-05-05 16:49:33] [info]  [ 2852] Run service finished.
[2013-05-05 16:49:33] [info]  [ 2852] Commons Daemon procrun finished
[2013-05-05 16:49:35] [info]  [ 7964] Commons Daemon procrun (1.0.14.0 32-bit) started
[2013-05-05 16:49:35] [info]  [ 7964] Running 'Tomcat7' Service...
[2013-05-05 16:49:35] [info]  [ 4748] Starting service...
[2013-05-05 16:49:36] [info]  [ 4748] Service started in 1108 ms.
[2013-05-05 16:53:52] [info]  [ 3952] Stopping service...
[2013-05-05 16:53:53] [info]  [ 3952] Service stopped.
[2013-05-05 16:53:53] [error] [ 3952] Failed to set service status
[2013-05-05 16:53:53] [error] [ 3952] The handle is invalid.
[2013-05-05 16:53:53] [info]  [ 7964] Run service finished.
[2013-05-05 16:53:53] [info]  [ 7964] Commons Daemon procrun finished
[2013-05-05 16:53:56] [info]  [ 5996] Commons Daemon procrun (1.0.14.0 32-bit) started
[2013-05-05 16:53:56] [info]  [ 5996] Running 'Tomcat7' Service...
[2013-05-05 16:53:56] [info]  [ 4440] Starting service...
[2013-05-05 16:53:58] [info]  [ 4440] Service started in 1083 ms.
[2013-05-05 17:09:28] [info]  [ 6092] Stopping service...
[2013-05-05 17:09:29] [info]  [ 6092] Service stopped.
[2013-05-05 17:09:29] [info]  [ 5996] Run service finished.
[2013-05-05 17:09:29] [info]  [ 5996] Commons Daemon procrun finished
[2013-05-05 17:09:32] [info]  [ 2632] Commons Daemon procrun (1.0.14.0 32-bit) started
[2013-05-05 17:09:32] [info]  [ 2632] Running 'Tomcat7' Service...
[2013-05-05 17:09:33] [info]  [ 2264] Starting service...
[2013-05-05 17:09:34] [info]  [ 2264] Service started in 1095 ms.
[2013-05-05 18:12:42] [info]  [ 7492] Stopping service...
[2013-05-05 18:12:43] [info]  [ 7492] Service stopped.
[2013-05-05 18:12:43] [info]  [ 2632] Run service finished.
[2013-05-05 18:12:44] [info]  [ 2632] Commons Daemon procrun finished
[2013-05-05 18:12:46] [info]  [ 7448] Commons Daemon procrun (1.0.14.0 32-bit) started
[2013-05-05 18:12:46] [info]  [ 7448] Running 'Tomcat7' Service...
[2013-05-05 18:12:46] [info]  [ 5896] Starting service...
[2013-05-05 18:12:48] [info]  [ 5896] Service started in 1113 ms.
[2013-05-05 18:16:30] [info]  [ 4564] Stopping service...
[2013-05-05 18:16:31] [info]  [ 4564] Service stopped.
[2013-05-05 18:16:31] [info]  [ 7448] Run service finished.
[2013-05-05 18:16:31] [info]  [ 7448] Commons Daemon procrun finished
[2013-05-05 18:16:33] [info]  [ 6172] Commons Daemon procrun (1.0.14.0 32-bit) started
[2013-05-05 18:16:34] [info]  [ 6172] Running 'Tomcat7' Service...
[2013-05-05 18:16:34] [info]  [ 5728] Starting service...
[2013-05-05 18:16:35] [info]  [ 5728] Service started in 1109 ms.
[2013-05-05 18:19:04] [info]  [ 7816] Stopping service...
[2013-05-05 18:19:05] [info]  [ 7816] Service stopped.
[2013-05-05 18:19:05] [info]  [ 6172] Run service finished.
[2013-05-05 18:19:05] [info]  [ 6172] Commons Daemon procrun finished
[2013-05-05 18:19:07] [info]  [  860] Commons Daemon procrun (1.0.14.0 32-bit) started
[2013-05-05 18:19:07] [info]  [  860] Running 'Tomcat7' Service...
[2013-05-05 18:19:07] [info]  [ 5436] Starting service...
[2013-05-05 18:19:08] [info]  [ 5436] Service started in 1099 ms.
[2013-05-05 18:22:39] [info]  [ 7372] Stopping service...
[2013-05-05 18:22:40] [info]  [ 7372] Service stopped.
[2013-05-05 18:22:40] [info]  [  860] Run service finished.
[2013-05-05 18:22:40] [info]  [  860] Commons Daemon procrun finished
[2013-05-05 18:22:43] [info]  [ 4636] Commons Daemon procrun (1.0.14.0 32-bit) started
[2013-05-05 18:22:43] [info]  [ 4636] Running 'Tomcat7' Service...
[2013-05-05 18:22:43] [info]  [  924] Starting service...
[2013-05-05 18:22:44] [info]  [  924] Service started in 1121 ms.
[2013-05-05 18:25:36] [info]  [ 6212] Stopping service...
[2013-05-05 18:25:37] [info]  [ 6212] Service stopped.
[2013-05-05 18:25:37] [info]  [ 4636] Run service finished.
[2013-05-05 18:25:37] [info]  [ 4636] Commons Daemon procrun finished
[2013-05-05 18:25:39] [info]  [ 4684] Commons Daemon procrun (1.0.14.0 32-bit) started
[2013-05-05 18:25:39] [info]  [ 4684] Running 'Tomcat7' Service...
[2013-05-05 18:25:39] [info]  [ 1304] Starting service...
[2013-05-05 18:25:41] [info]  [ 1304] Service started in 1113 ms.
[2013-05-05 18:47:45] [info]  [ 6996] Stopping service...
[2013-05-05 18:47:46] [info]  [ 6996] Service stopped.
[2013-05-05 18:47:46] [info]  [ 4684] Run service finished.
[2013-05-05 18:47:46] [error] [ 6996] Failed to set service status
[2013-05-05 18:47:46] [info]  [ 4684] Commons Daemon procrun finished
[2013-05-05 18:47:48] [info]  [ 5724] Commons Daemon procrun (1.0.14.0 32-bit) started
[2013-05-05 18:47:48] [info]  [ 5724] Running 'Tomcat7' Service...
[2013-05-05 18:47:48] [info]  [ 6840] Starting service...
[2013-05-05 18:47:49] [info]  [ 6840] Service started in 1079 ms.
[2013-05-05 20:14:53] [info]  [ 7540] Stopping service...
[2013-05-05 20:14:54] [info]  [ 7540] Service stopped.
[2013-05-05 20:14:54] [info]  [ 5724] Run service finished.
[2013-05-05 20:14:54] [info]  [ 5724] Commons Daemon procrun finished
[2013-05-05 20:14:56] [info]  [ 5500] Commons Daemon procrun (1.0.14.0 32-bit) started
[2013-05-05 20:14:56] [info]  [ 5500] Running 'Tomcat7' Service...
[2013-05-05 20:14:57] [info]  [  572] Starting service...
[2013-05-05 20:14:58] [info]  [  572] Service started in 1100 ms.
[2013-05-05 20:21:03] [info]  [ 6492] Stopping service...
[2013-05-05 20:21:04] [info]  [ 6492] Service stopped.
[2013-05-05 20:21:04] [info]  [ 5500] Run service finished.
[2013-05-05 20:21:04] [info]  [ 5500] Commons Daemon procrun finished
[2013-05-05 20:21:06] [info]  [ 7704] Commons Daemon procrun (1.0.14.0 32-bit) started
[2013-05-05 20:21:06] [info]  [ 7704] Running 'Tomcat7' Service...
[2013-05-05 20:21:06] [info]  [ 4404] Starting service...
[2013-05-05 20:21:08] [info]  [ 4404] Service started in 1110 ms.
[2013-05-05 20:22:31] [info]  [ 5828] Stopping service...
[2013-05-05 20:22:32] [info]  [ 5828] Service stopped.
[2013-05-05 20:22:32] [error] [ 5828] Failed to set service status
[2013-05-05 20:22:32] [info]  [ 7704] Run service finished.
[2013-05-05 20:22:32] [info]  [ 7704] Commons Daemon procrun finished
[2013-05-05 20:22:34] [info]  [ 6976] Commons Daemon procrun (1.0.14.0 32-bit) started
[2013-05-05 20:22:34] [info]  [ 6976] Running 'Tomcat7' Service...
[2013-05-05 20:22:34] [info]  [ 1512] Starting service...
[2013-05-05 20:22:36] [info]  [ 1512] Service started in 1116 ms.
[2013-05-05 20:24:13] [info]  [ 6024] Stopping service...
[2013-05-05 20:24:14] [info]  [ 6024] Service stopped.
[2013-05-05 20:24:14] [info]  [ 6976] Run service finished.
[2013-05-05 20:24:14] [error] [ 6024] Failed to set service status
[2013-05-05 20:24:15] [error] [ 6024] The handle is invalid.
[2013-05-05 20:24:15] [info]  [ 6976] Commons Daemon procrun finished
[2013-05-05 20:24:17] [info]  [ 7644] Commons Daemon procrun (1.0.14.0 32-bit) started
[2013-05-05 20:24:17] [info]  [ 7644] Running 'Tomcat7' Service...
[2013-05-05 20:24:17] [info]  [ 6960] Starting service...
[2013-05-05 20:24:18] [info]  [ 6960] Service started in 1094 ms.
[2013-05-05 20:25:46] [info]  [ 3300] Stopping service...
[2013-05-05 20:25:47] [info]  [ 3300] Service stopped.
[2013-05-05 20:25:47] [info]  [ 7644] Run service finished.
[2013-05-05 20:25:47] [info]  [ 7644] Commons Daemon procrun finished
[2013-05-05 20:26:05] [info]  [ 6644] Commons Daemon procrun (1.0.14.0 32-bit) started
[2013-05-05 20:26:05] [info]  [ 6644] Running 'Tomcat7' Service...
[2013-05-05 20:26:05] [info]  [ 7148] Starting service...
[2013-05-05 20:26:07] [info]  [ 7148] Service started in 1106 ms.
[2013-05-05 20:27:42] [info]  [ 7892] Stopping service...
[2013-05-05 20:27:43] [info]  [ 7892] Service stopped.
[2013-05-05 20:27:43] [info]  [ 6644] Run service finished.
[2013-05-05 20:27:43] [info]  [ 6644] Commons Daemon procrun finished
[2013-05-05 20:27:46] [info]  [ 4092] Commons Daemon procrun (1.0.14.0 32-bit) started
[2013-05-05 20:27:46] [info]  [ 4092] Running 'Tomcat7' Service...
[2013-05-05 20:27:46] [info]  [ 6848] Starting service...
[2013-05-05 20:27:47] [info]  [ 6848] Service started in 1097 ms.
[2013-05-05 20:51:39] [info]  [ 1088] Stopping service...
[2013-05-05 20:51:40] [info]  [ 1088] Service stopped.
[2013-05-05 20:51:40] [info]  [ 4092] Run service finished.
[2013-05-05 20:51:40] [info]  [ 4092] Commons Daemon procrun finished
[2013-05-05 20:51:47] [info]  [ 6500] Commons Daemon procrun (1.0.14.0 32-bit) started
[2013-05-05 20:51:48] [info]  [ 6500] Running 'Tomcat7' Service...
[2013-05-05 20:51:48] [info]  [ 3300] Starting service...
[2013-05-05 20:51:49] [info]  [ 3300] Service started in 1115 ms.
[2013-05-05 20:59:35] [info]  [ 6024] Stopping service...
[2013-05-05 20:59:36] [info]  [ 6024] Service stopped.
[2013-05-05 20:59:36] [info]  [ 6500] Run service finished.
[2013-05-05 20:59:36] [info]  [ 6500] Commons Daemon procrun finished
[2013-05-05 20:59:39] [info]  [ 4564] Commons Daemon procrun (1.0.14.0 32-bit) started
[2013-05-05 20:59:39] [info]  [ 4564] Running 'Tomcat7' Service...
[2013-05-05 20:59:39] [info]  [ 8000] Starting service...
[2013-05-05 20:59:40] [info]  [ 8000] Service started in 1080 ms.
[2013-05-05 21:54:39] [info]  [ 6772] Stopping service...
[2013-05-05 21:54:40] [info]  [ 6772] Service stopped.
[2013-05-05 21:54:40] [info]  [ 4564] Run service finished.
[2013-05-05 21:54:40] [info]  [ 4564] Commons Daemon procrun finished
[2013-05-05 21:54:43] [info]  [ 4176] Commons Daemon procrun (1.0.14.0 32-bit) started
[2013-05-05 21:54:43] [info]  [ 4176] Running 'Tomcat7' Service...
[2013-05-05 21:54:43] [info]  [ 2404] Starting service...
[2013-05-05 21:54:44] [info]  [ 2404] Service started in 1081 ms.
[2013-05-05 22:06:49] [info]  [ 6468] Stopping service...
[2013-05-05 22:06:50] [info]  [ 6468] Service stopped.
[2013-05-05 22:06:50] [info]  [ 4176] Run service finished.
[2013-05-05 22:06:50] [info]  [ 4176] Commons Daemon procrun finished
[2013-05-05 22:06:52] [info]  [ 1124] Commons Daemon procrun (1.0.14.0 32-bit) started
[2013-05-05 22:06:52] [info]  [ 1124] Running 'Tomcat7' Service...
[2013-05-05 22:06:52] [info]  [ 7980] Starting service...
[2013-05-05 22:06:54] [info]  [ 7980] Service started in 1078 ms.
[2013-05-05 22:15:26] [info]  [ 7868] Stopping service...
[2013-05-05 22:15:28] [info]  [ 7868] Service stopped.
[2013-05-05 22:15:28] [info]  [ 1124] Run service finished.
[2013-05-05 22:15:28] [info]  [ 1124] Commons Daemon procrun finished
[2013-05-05 22:15:30] [info]  [ 6472] Commons Daemon procrun (1.0.14.0 32-bit) started
[2013-05-05 22:15:30] [info]  [ 6472] Running 'Tomcat7' Service...
[2013-05-05 22:15:30] [info]  [ 6364] Starting service...
[2013-05-05 22:15:32] [info]  [ 6364] Service started in 1077 ms.
[2013-05-05 22:18:37] [info]  [ 7696] Stopping service...
[2013-05-05 22:18:38] [info]  [ 7696] Service stopped.
[2013-05-05 22:18:38] [info]  [ 6472] Run service finished.
[2013-05-05 22:18:38] [info]  [ 6472] Commons Daemon procrun finished
[2013-05-05 22:18:40] [info]  [ 7832] Commons Daemon procrun (1.0.14.0 32-bit) started
[2013-05-05 22:18:40] [info]  [ 7832] Running 'Tomcat7' Service...
[2013-05-05 22:18:40] [info]  [ 6492] Starting service...
[2013-05-05 22:18:41] [info]  [ 6492] Service started in 1081 ms.
[2013-05-05 22:57:35] [info]  [ 2432] Stopping service...
[2013-05-05 22:57:36] [info]  [ 2432] Service stopped.
[2013-05-05 22:57:37] [error] [ 2432] Failed to set service status
[2013-05-05 22:57:37] [error] [ 2432] The handle is invalid.
[2013-05-05 22:57:37] [info]  [ 7832] Run service finished.
[2013-05-05 22:57:37] [info]  [ 7832] Commons Daemon procrun finished
[2013-05-05 22:57:39] [info]  [ 7384] Commons Daemon procrun (1.0.14.0 32-bit) started
[2013-05-05 22:57:39] [info]  [ 7384] Running 'Tomcat7' Service...
[2013-05-05 22:57:39] [info]  [ 6332] Starting service...
[2013-05-05 22:57:41] [info]  [ 6332] Service started in 1079 ms.
[2013-05-05 22:59:28] [info]  [ 2728] Stopping service...
[2013-05-05 22:59:29] [info]  [ 2728] Service stopped.
[2013-05-05 22:59:29] [info]  [ 7384] Run service finished.
[2013-05-05 22:59:29] [info]  [ 7384] Commons Daemon procrun finished
[2013-05-05 22:59:31] [info]  [ 5496] Commons Daemon procrun (1.0.14.0 32-bit) started
[2013-05-05 22:59:31] [info]  [ 5496] Running 'Tomcat7' Service...
[2013-05-05 22:59:31] [info]  [ 6792] Starting service...
[2013-05-05 22:59:32] [info]  [ 6792] Service started in 1118 ms.
[2013-05-05 23:00:45] [info]  [ 5748] Stopping service...
[2013-05-05 23:00:46] [info]  [ 5748] Service stopped.
[2013-05-05 23:00:46] [info]  [ 5496] Run service finished.
[2013-05-05 23:00:46] [info]  [ 5496] Commons Daemon procrun finished
[2013-05-05 23:00:48] [info]  [ 6644] Commons Daemon procrun (1.0.14.0 32-bit) started
[2013-05-05 23:00:48] [info]  [ 6644] Running 'Tomcat7' Service...
[2013-05-05 23:00:48] [info]  [ 7440] Starting service...
[2013-05-05 23:00:49] [info]  [ 7440] Service started in 1100 ms.
[2013-05-05 23:02:59] [info]  [ 6196] Stopping service...
[2013-05-05 23:03:00] [info]  [ 6196] Service stopped.
[2013-05-05 23:03:00] [info]  [ 6644] Run service finished.
[2013-05-05 23:03:00] [info]  [ 6644] Commons Daemon procrun finished
[2013-05-05 23:03:02] [info]  [ 4852] Commons Daemon procrun (1.0.14.0 32-bit) started
[2013-05-05 23:03:02] [info]  [ 4852] Running 'Tomcat7' Service...
[2013-05-05 23:03:02] [info]  [ 3576] Starting service...
[2013-05-05 23:03:04] [info]  [ 3576] Service started in 1082 ms.
