[2013-05-02 12:51:16] [info]  [ 2536] Commons Daemon procrun (1.0.14.0 32-bit) started
[2013-05-02 12:51:17] [info]  [ 2536] Running 'Tomcat7' Service...
[2013-05-02 12:51:17] [info]  [ 2640] Starting service...
[2013-05-02 12:51:25] [info]  [ 2640] Service started in 6536 ms.
[2013-05-02 13:48:16] [info]  [ 4116] Stopping service...
[2013-05-02 13:48:17] [info]  [ 4116] Service stopped.
[2013-05-02 13:48:17] [info]  [ 2536] Run service finished.
[2013-05-02 13:48:17] [info]  [ 2536] Commons Daemon procrun finished
[2013-05-02 13:48:22] [info]  [ 2668] Commons Daemon procrun (1.0.14.0 32-bit) started
[2013-05-02 13:48:22] [info]  [ 2668] Running 'Tomcat7' Service...
[2013-05-02 13:48:22] [info]  [ 2632] Starting service...
[2013-05-02 13:48:23] [info]  [ 2632] Service started in 1113 ms.
[2013-05-02 14:02:49] [info]  [ 1660] Stopping service...
[2013-05-02 14:02:50] [info]  [ 1660] Service stopped.
[2013-05-02 14:02:50] [info]  [ 2668] Run service finished.
[2013-05-02 14:02:50] [info]  [ 2668] Commons Daemon procrun finished
[2013-05-02 14:02:53] [info]  [ 6044] Commons Daemon procrun (1.0.14.0 32-bit) started
[2013-05-02 14:02:53] [info]  [ 6044] Running 'Tomcat7' Service...
[2013-05-02 14:02:53] [info]  [ 3404] Starting service...
[2013-05-02 14:02:54] [info]  [ 3404] Service started in 1079 ms.
[2013-05-02 14:04:12] [info]  [ 2364] Stopping service...
[2013-05-02 14:04:13] [info]  [ 2364] Service stopped.
[2013-05-02 14:04:13] [info]  [ 6044] Run service finished.
[2013-05-02 14:04:13] [info]  [ 6044] Commons Daemon procrun finished
[2013-05-02 14:04:16] [info]  [ 5608] Commons Daemon procrun (1.0.14.0 32-bit) started
[2013-05-02 14:04:16] [info]  [ 5608] Running 'Tomcat7' Service...
[2013-05-02 14:04:16] [info]  [ 4540] Starting service...
[2013-05-02 14:04:17] [info]  [ 4540] Service started in 1080 ms.
[2013-05-02 14:20:27] [info]  [ 3380] Console SHUTDOWN event signaled
[2013-05-02 14:20:27] [info]  [ 3380] Stopping service...
[2013-05-02 14:20:28] [info]  [ 3380] Service stopped.
[2013-05-02 14:20:28] [info]  [ 5608] Run service finished.
[2013-05-02 14:20:28] [info]  [ 5608] Commons Daemon procrun finished
[2013-05-02 14:22:26] [info]  [ 2644] Commons Daemon procrun (1.0.14.0 32-bit) started
[2013-05-02 14:22:27] [info]  [ 2644] Running 'Tomcat7' Service...
[2013-05-02 14:22:27] [info]  [ 2876] Starting service...
[2013-05-02 14:22:37] [info]  [ 2876] Service started in 8611 ms.
[2013-05-02 14:35:55] [info]  [ 5600] Stopping service...
[2013-05-02 14:35:56] [info]  [ 5600] Service stopped.
[2013-05-02 14:35:56] [info]  [ 2644] Run service finished.
[2013-05-02 14:35:57] [info]  [ 2644] Commons Daemon procrun finished
[2013-05-02 14:36:12] [info]  [ 5452] Commons Daemon procrun (1.0.14.0 32-bit) started
[2013-05-02 14:36:12] [info]  [ 5452] Running 'Tomcat7' Service...
[2013-05-02 14:36:12] [info]  [ 5404] Starting service...
[2013-05-02 14:36:13] [info]  [ 5404] Service started in 1131 ms.
[2013-05-02 16:45:28] [info]  [ 4888] Stopping service...
[2013-05-02 16:45:30] [info]  [ 4888] Service stopped.
[2013-05-02 16:45:30] [info]  [ 5452] Run service finished.
[2013-05-02 16:45:30] [info]  [ 5452] Commons Daemon procrun finished
[2013-05-02 16:45:34] [info]  [ 2520] Commons Daemon procrun (1.0.14.0 32-bit) started
[2013-05-02 16:45:34] [info]  [ 2520] Running 'Tomcat7' Service...
[2013-05-02 16:45:34] [info]  [ 5496] Starting service...
[2013-05-02 16:45:35] [info]  [ 5496] Service started in 1122 ms.
