Apr 25, 2013 9:42:21 PM org.apache.catalina.core.StandardWrapperValve invoke
SEVERE: Servlet.service() for servlet [jsp] in context with path [] threw exception [javax.servlet.ServletException: org.apache.tomcat.dbcp.dbcp.SQLNestedException: Cannot load JDBC driver class 'org.apache.derby.jdbc.EmbeddedDriver'] with root cause
java.lang.ClassNotFoundException: org.apache.derby.jdbc.EmbeddedDriver
	at org.apache.catalina.loader.WebappClassLoader.loadClass(WebappClassLoader.java:1713)
	at org.apache.catalina.loader.WebappClassLoader.loadClass(WebappClassLoader.java:1558)
	at org.apache.tomcat.dbcp.dbcp.BasicDataSource.createConnectionFactory(BasicDataSource.java:1420)
	at org.apache.tomcat.dbcp.dbcp.BasicDataSource.createDataSource(BasicDataSource.java:1371)
	at org.apache.tomcat.dbcp.dbcp.BasicDataSource.getConnection(BasicDataSource.java:1044)
	at org.apache.jsp.index_jsp._jspService(index_jsp.java:74)
	at org.apache.jasper.runtime.HttpJspBase.service(HttpJspBase.java:70)
	at javax.servlet.http.HttpServlet.service(HttpServlet.java:728)
	at org.apache.jasper.servlet.JspServletWrapper.service(JspServletWrapper.java:432)
	at org.apache.jasper.servlet.JspServlet.serviceJspFile(JspServlet.java:390)
	at org.apache.jasper.servlet.JspServlet.service(JspServlet.java:334)
	at javax.servlet.http.HttpServlet.service(HttpServlet.java:728)
	at org.apache.catalina.core.ApplicationFilterChain.internalDoFilter(ApplicationFilterChain.java:305)
	at org.apache.catalina.core.ApplicationFilterChain.doFilter(ApplicationFilterChain.java:210)
	at org.apache.catalina.core.StandardWrapperValve.invoke(StandardWrapperValve.java:222)
	at org.apache.catalina.core.StandardContextValve.invoke(StandardContextValve.java:123)
	at org.apache.catalina.core.StandardHostValve.invoke(StandardHostValve.java:171)
	at org.apache.catalina.valves.ErrorReportValve.invoke(ErrorReportValve.java:99)
	at org.apache.catalina.valves.AccessLogValve.invoke(AccessLogValve.java:947)
	at org.apache.catalina.core.StandardEngineValve.invoke(StandardEngineValve.java:118)
	at org.apache.catalina.connector.CoyoteAdapter.service(CoyoteAdapter.java:408)
	at org.apache.coyote.http11.AbstractHttp11Processor.process(AbstractHttp11Processor.java:1009)
	at org.apache.coyote.AbstractProtocol$AbstractConnectionHandler.process(AbstractProtocol.java:589)
	at org.apache.tomcat.util.net.JIoEndpoint$SocketProcessor.run(JIoEndpoint.java:310)
	at java.util.concurrent.ThreadPoolExecutor.runWorker(Unknown Source)
	at java.util.concurrent.ThreadPoolExecutor$Worker.run(Unknown Source)
	at java.lang.Thread.run(Unknown Source)

Apr 25, 2013 9:44:58 PM org.apache.catalina.core.StandardWrapperValve invoke
SEVERE: Servlet.service() for servlet [jsp] in context with path [] threw exception [javax.servlet.ServletException: org.apache.tomcat.dbcp.dbcp.SQLNestedException: Cannot load JDBC driver class 'org.apache.derby.jdbc.EmbeddedDriver'] with root cause
java.lang.ClassNotFoundException: org.apache.derby.jdbc.EmbeddedDriver
	at org.apache.catalina.loader.WebappClassLoader.loadClass(WebappClassLoader.java:1713)
	at org.apache.catalina.loader.WebappClassLoader.loadClass(WebappClassLoader.java:1558)
	at org.apache.tomcat.dbcp.dbcp.BasicDataSource.createConnectionFactory(BasicDataSource.java:1420)
	at org.apache.tomcat.dbcp.dbcp.BasicDataSource.createDataSource(BasicDataSource.java:1371)
	at org.apache.tomcat.dbcp.dbcp.BasicDataSource.getConnection(BasicDataSource.java:1044)
	at org.apache.jsp.index_jsp._jspService(index_jsp.java:74)
	at org.apache.jasper.runtime.HttpJspBase.service(HttpJspBase.java:70)
	at javax.servlet.http.HttpServlet.service(HttpServlet.java:728)
	at org.apache.jasper.servlet.JspServletWrapper.service(JspServletWrapper.java:432)
	at org.apache.jasper.servlet.JspServlet.serviceJspFile(JspServlet.java:390)
	at org.apache.jasper.servlet.JspServlet.service(JspServlet.java:334)
	at javax.servlet.http.HttpServlet.service(HttpServlet.java:728)
	at org.apache.catalina.core.ApplicationFilterChain.internalDoFilter(ApplicationFilterChain.java:305)
	at org.apache.catalina.core.ApplicationFilterChain.doFilter(ApplicationFilterChain.java:210)
	at org.apache.catalina.core.StandardWrapperValve.invoke(StandardWrapperValve.java:222)
	at org.apache.catalina.core.StandardContextValve.invoke(StandardContextValve.java:123)
	at org.apache.catalina.core.StandardHostValve.invoke(StandardHostValve.java:171)
	at org.apache.catalina.valves.ErrorReportValve.invoke(ErrorReportValve.java:99)
	at org.apache.catalina.valves.AccessLogValve.invoke(AccessLogValve.java:947)
	at org.apache.catalina.core.StandardEngineValve.invoke(StandardEngineValve.java:118)
	at org.apache.catalina.connector.CoyoteAdapter.service(CoyoteAdapter.java:408)
	at org.apache.coyote.http11.AbstractHttp11Processor.process(AbstractHttp11Processor.java:1009)
	at org.apache.coyote.AbstractProtocol$AbstractConnectionHandler.process(AbstractProtocol.java:589)
	at org.apache.tomcat.util.net.JIoEndpoint$SocketProcessor.run(JIoEndpoint.java:310)
	at java.util.concurrent.ThreadPoolExecutor.runWorker(Unknown Source)
	at java.util.concurrent.ThreadPoolExecutor$Worker.run(Unknown Source)
	at java.lang.Thread.run(Unknown Source)

Apr 25, 2013 9:44:59 PM org.apache.catalina.core.StandardWrapperValve invoke
SEVERE: Servlet.service() for servlet [jsp] in context with path [] threw exception [javax.servlet.ServletException: org.apache.tomcat.dbcp.dbcp.SQLNestedException: Cannot load JDBC driver class 'org.apache.derby.jdbc.EmbeddedDriver'] with root cause
java.lang.ClassNotFoundException: org.apache.derby.jdbc.EmbeddedDriver
	at org.apache.catalina.loader.WebappClassLoader.loadClass(WebappClassLoader.java:1713)
	at org.apache.catalina.loader.WebappClassLoader.loadClass(WebappClassLoader.java:1558)
	at org.apache.tomcat.dbcp.dbcp.BasicDataSource.createConnectionFactory(BasicDataSource.java:1420)
	at org.apache.tomcat.dbcp.dbcp.BasicDataSource.createDataSource(BasicDataSource.java:1371)
	at org.apache.tomcat.dbcp.dbcp.BasicDataSource.getConnection(BasicDataSource.java:1044)
	at org.apache.jsp.index_jsp._jspService(index_jsp.java:74)
	at org.apache.jasper.runtime.HttpJspBase.service(HttpJspBase.java:70)
	at javax.servlet.http.HttpServlet.service(HttpServlet.java:728)
	at org.apache.jasper.servlet.JspServletWrapper.service(JspServletWrapper.java:432)
	at org.apache.jasper.servlet.JspServlet.serviceJspFile(JspServlet.java:390)
	at org.apache.jasper.servlet.JspServlet.service(JspServlet.java:334)
	at javax.servlet.http.HttpServlet.service(HttpServlet.java:728)
	at org.apache.catalina.core.ApplicationFilterChain.internalDoFilter(ApplicationFilterChain.java:305)
	at org.apache.catalina.core.ApplicationFilterChain.doFilter(ApplicationFilterChain.java:210)
	at org.apache.catalina.core.StandardWrapperValve.invoke(StandardWrapperValve.java:222)
	at org.apache.catalina.core.StandardContextValve.invoke(StandardContextValve.java:123)
	at org.apache.catalina.core.StandardHostValve.invoke(StandardHostValve.java:171)
	at org.apache.catalina.valves.ErrorReportValve.invoke(ErrorReportValve.java:99)
	at org.apache.catalina.valves.AccessLogValve.invoke(AccessLogValve.java:947)
	at org.apache.catalina.core.StandardEngineValve.invoke(StandardEngineValve.java:118)
	at org.apache.catalina.connector.CoyoteAdapter.service(CoyoteAdapter.java:408)
	at org.apache.coyote.http11.AbstractHttp11Processor.process(AbstractHttp11Processor.java:1009)
	at org.apache.coyote.AbstractProtocol$AbstractConnectionHandler.process(AbstractProtocol.java:589)
	at org.apache.tomcat.util.net.JIoEndpoint$SocketProcessor.run(JIoEndpoint.java:310)
	at java.util.concurrent.ThreadPoolExecutor.runWorker(Unknown Source)
	at java.util.concurrent.ThreadPoolExecutor$Worker.run(Unknown Source)
	at java.lang.Thread.run(Unknown Source)

Apr 25, 2013 9:44:59 PM org.apache.catalina.core.StandardWrapperValve invoke
SEVERE: Servlet.service() for servlet [jsp] in context with path [] threw exception [javax.servlet.ServletException: org.apache.tomcat.dbcp.dbcp.SQLNestedException: Cannot load JDBC driver class 'org.apache.derby.jdbc.EmbeddedDriver'] with root cause
java.lang.ClassNotFoundException: org.apache.derby.jdbc.EmbeddedDriver
	at org.apache.catalina.loader.WebappClassLoader.loadClass(WebappClassLoader.java:1713)
	at org.apache.catalina.loader.WebappClassLoader.loadClass(WebappClassLoader.java:1558)
	at org.apache.tomcat.dbcp.dbcp.BasicDataSource.createConnectionFactory(BasicDataSource.java:1420)
	at org.apache.tomcat.dbcp.dbcp.BasicDataSource.createDataSource(BasicDataSource.java:1371)
	at org.apache.tomcat.dbcp.dbcp.BasicDataSource.getConnection(BasicDataSource.java:1044)
	at org.apache.jsp.index_jsp._jspService(index_jsp.java:74)
	at org.apache.jasper.runtime.HttpJspBase.service(HttpJspBase.java:70)
	at javax.servlet.http.HttpServlet.service(HttpServlet.java:728)
	at org.apache.jasper.servlet.JspServletWrapper.service(JspServletWrapper.java:432)
	at org.apache.jasper.servlet.JspServlet.serviceJspFile(JspServlet.java:390)
	at org.apache.jasper.servlet.JspServlet.service(JspServlet.java:334)
	at javax.servlet.http.HttpServlet.service(HttpServlet.java:728)
	at org.apache.catalina.core.ApplicationFilterChain.internalDoFilter(ApplicationFilterChain.java:305)
	at org.apache.catalina.core.ApplicationFilterChain.doFilter(ApplicationFilterChain.java:210)
	at org.apache.catalina.core.StandardWrapperValve.invoke(StandardWrapperValve.java:222)
	at org.apache.catalina.core.StandardContextValve.invoke(StandardContextValve.java:123)
	at org.apache.catalina.core.StandardHostValve.invoke(StandardHostValve.java:171)
	at org.apache.catalina.valves.ErrorReportValve.invoke(ErrorReportValve.java:99)
	at org.apache.catalina.valves.AccessLogValve.invoke(AccessLogValve.java:947)
	at org.apache.catalina.core.StandardEngineValve.invoke(StandardEngineValve.java:118)
	at org.apache.catalina.connector.CoyoteAdapter.service(CoyoteAdapter.java:408)
	at org.apache.coyote.http11.AbstractHttp11Processor.process(AbstractHttp11Processor.java:1009)
	at org.apache.coyote.AbstractProtocol$AbstractConnectionHandler.process(AbstractProtocol.java:589)
	at org.apache.tomcat.util.net.JIoEndpoint$SocketProcessor.run(JIoEndpoint.java:310)
	at java.util.concurrent.ThreadPoolExecutor.runWorker(Unknown Source)
	at java.util.concurrent.ThreadPoolExecutor$Worker.run(Unknown Source)
	at java.lang.Thread.run(Unknown Source)

Apr 25, 2013 9:44:59 PM org.apache.catalina.core.StandardWrapperValve invoke
SEVERE: Servlet.service() for servlet [jsp] in context with path [] threw exception [javax.servlet.ServletException: org.apache.tomcat.dbcp.dbcp.SQLNestedException: Cannot load JDBC driver class 'org.apache.derby.jdbc.EmbeddedDriver'] with root cause
java.lang.ClassNotFoundException: org.apache.derby.jdbc.EmbeddedDriver
	at org.apache.catalina.loader.WebappClassLoader.loadClass(WebappClassLoader.java:1713)
	at org.apache.catalina.loader.WebappClassLoader.loadClass(WebappClassLoader.java:1558)
	at org.apache.tomcat.dbcp.dbcp.BasicDataSource.createConnectionFactory(BasicDataSource.java:1420)
	at org.apache.tomcat.dbcp.dbcp.BasicDataSource.createDataSource(BasicDataSource.java:1371)
	at org.apache.tomcat.dbcp.dbcp.BasicDataSource.getConnection(BasicDataSource.java:1044)
	at org.apache.jsp.index_jsp._jspService(index_jsp.java:74)
	at org.apache.jasper.runtime.HttpJspBase.service(HttpJspBase.java:70)
	at javax.servlet.http.HttpServlet.service(HttpServlet.java:728)
	at org.apache.jasper.servlet.JspServletWrapper.service(JspServletWrapper.java:432)
	at org.apache.jasper.servlet.JspServlet.serviceJspFile(JspServlet.java:390)
	at org.apache.jasper.servlet.JspServlet.service(JspServlet.java:334)
	at javax.servlet.http.HttpServlet.service(HttpServlet.java:728)
	at org.apache.catalina.core.ApplicationFilterChain.internalDoFilter(ApplicationFilterChain.java:305)
	at org.apache.catalina.core.ApplicationFilterChain.doFilter(ApplicationFilterChain.java:210)
	at org.apache.catalina.core.StandardWrapperValve.invoke(StandardWrapperValve.java:222)
	at org.apache.catalina.core.StandardContextValve.invoke(StandardContextValve.java:123)
	at org.apache.catalina.core.StandardHostValve.invoke(StandardHostValve.java:171)
	at org.apache.catalina.valves.ErrorReportValve.invoke(ErrorReportValve.java:99)
	at org.apache.catalina.valves.AccessLogValve.invoke(AccessLogValve.java:947)
	at org.apache.catalina.core.StandardEngineValve.invoke(StandardEngineValve.java:118)
	at org.apache.catalina.connector.CoyoteAdapter.service(CoyoteAdapter.java:408)
	at org.apache.coyote.http11.AbstractHttp11Processor.process(AbstractHttp11Processor.java:1009)
	at org.apache.coyote.AbstractProtocol$AbstractConnectionHandler.process(AbstractProtocol.java:589)
	at org.apache.tomcat.util.net.JIoEndpoint$SocketProcessor.run(JIoEndpoint.java:310)
	at java.util.concurrent.ThreadPoolExecutor.runWorker(Unknown Source)
	at java.util.concurrent.ThreadPoolExecutor$Worker.run(Unknown Source)
	at java.lang.Thread.run(Unknown Source)

Apr 25, 2013 9:45:00 PM org.apache.catalina.core.StandardWrapperValve invoke
SEVERE: Servlet.service() for servlet [jsp] in context with path [] threw exception [javax.servlet.ServletException: org.apache.tomcat.dbcp.dbcp.SQLNestedException: Cannot load JDBC driver class 'org.apache.derby.jdbc.EmbeddedDriver'] with root cause
java.lang.ClassNotFoundException: org.apache.derby.jdbc.EmbeddedDriver
	at org.apache.catalina.loader.WebappClassLoader.loadClass(WebappClassLoader.java:1713)
	at org.apache.catalina.loader.WebappClassLoader.loadClass(WebappClassLoader.java:1558)
	at org.apache.tomcat.dbcp.dbcp.BasicDataSource.createConnectionFactory(BasicDataSource.java:1420)
	at org.apache.tomcat.dbcp.dbcp.BasicDataSource.createDataSource(BasicDataSource.java:1371)
	at org.apache.tomcat.dbcp.dbcp.BasicDataSource.getConnection(BasicDataSource.java:1044)
	at org.apache.jsp.index_jsp._jspService(index_jsp.java:74)
	at org.apache.jasper.runtime.HttpJspBase.service(HttpJspBase.java:70)
	at javax.servlet.http.HttpServlet.service(HttpServlet.java:728)
	at org.apache.jasper.servlet.JspServletWrapper.service(JspServletWrapper.java:432)
	at org.apache.jasper.servlet.JspServlet.serviceJspFile(JspServlet.java:390)
	at org.apache.jasper.servlet.JspServlet.service(JspServlet.java:334)
	at javax.servlet.http.HttpServlet.service(HttpServlet.java:728)
	at org.apache.catalina.core.ApplicationFilterChain.internalDoFilter(ApplicationFilterChain.java:305)
	at org.apache.catalina.core.ApplicationFilterChain.doFilter(ApplicationFilterChain.java:210)
	at org.apache.catalina.core.StandardWrapperValve.invoke(StandardWrapperValve.java:222)
	at org.apache.catalina.core.StandardContextValve.invoke(StandardContextValve.java:123)
	at org.apache.catalina.core.StandardHostValve.invoke(StandardHostValve.java:171)
	at org.apache.catalina.valves.ErrorReportValve.invoke(ErrorReportValve.java:99)
	at org.apache.catalina.valves.AccessLogValve.invoke(AccessLogValve.java:947)
	at org.apache.catalina.core.StandardEngineValve.invoke(StandardEngineValve.java:118)
	at org.apache.catalina.connector.CoyoteAdapter.service(CoyoteAdapter.java:408)
	at org.apache.coyote.http11.AbstractHttp11Processor.process(AbstractHttp11Processor.java:1009)
	at org.apache.coyote.AbstractProtocol$AbstractConnectionHandler.process(AbstractProtocol.java:589)
	at org.apache.tomcat.util.net.JIoEndpoint$SocketProcessor.run(JIoEndpoint.java:310)
	at java.util.concurrent.ThreadPoolExecutor.runWorker(Unknown Source)
	at java.util.concurrent.ThreadPoolExecutor$Worker.run(Unknown Source)
	at java.lang.Thread.run(Unknown Source)

Apr 25, 2013 9:45:00 PM org.apache.catalina.core.StandardWrapperValve invoke
SEVERE: Servlet.service() for servlet [jsp] in context with path [] threw exception [javax.servlet.ServletException: org.apache.tomcat.dbcp.dbcp.SQLNestedException: Cannot load JDBC driver class 'org.apache.derby.jdbc.EmbeddedDriver'] with root cause
java.lang.ClassNotFoundException: org.apache.derby.jdbc.EmbeddedDriver
	at org.apache.catalina.loader.WebappClassLoader.loadClass(WebappClassLoader.java:1713)
	at org.apache.catalina.loader.WebappClassLoader.loadClass(WebappClassLoader.java:1558)
	at org.apache.tomcat.dbcp.dbcp.BasicDataSource.createConnectionFactory(BasicDataSource.java:1420)
	at org.apache.tomcat.dbcp.dbcp.BasicDataSource.createDataSource(BasicDataSource.java:1371)
	at org.apache.tomcat.dbcp.dbcp.BasicDataSource.getConnection(BasicDataSource.java:1044)
	at org.apache.jsp.index_jsp._jspService(index_jsp.java:74)
	at org.apache.jasper.runtime.HttpJspBase.service(HttpJspBase.java:70)
	at javax.servlet.http.HttpServlet.service(HttpServlet.java:728)
	at org.apache.jasper.servlet.JspServletWrapper.service(JspServletWrapper.java:432)
	at org.apache.jasper.servlet.JspServlet.serviceJspFile(JspServlet.java:390)
	at org.apache.jasper.servlet.JspServlet.service(JspServlet.java:334)
	at javax.servlet.http.HttpServlet.service(HttpServlet.java:728)
	at org.apache.catalina.core.ApplicationFilterChain.internalDoFilter(ApplicationFilterChain.java:305)
	at org.apache.catalina.core.ApplicationFilterChain.doFilter(ApplicationFilterChain.java:210)
	at org.apache.catalina.core.StandardWrapperValve.invoke(StandardWrapperValve.java:222)
	at org.apache.catalina.core.StandardContextValve.invoke(StandardContextValve.java:123)
	at org.apache.catalina.core.StandardHostValve.invoke(StandardHostValve.java:171)
	at org.apache.catalina.valves.ErrorReportValve.invoke(ErrorReportValve.java:99)
	at org.apache.catalina.valves.AccessLogValve.invoke(AccessLogValve.java:947)
	at org.apache.catalina.core.StandardEngineValve.invoke(StandardEngineValve.java:118)
	at org.apache.catalina.connector.CoyoteAdapter.service(CoyoteAdapter.java:408)
	at org.apache.coyote.http11.AbstractHttp11Processor.process(AbstractHttp11Processor.java:1009)
	at org.apache.coyote.AbstractProtocol$AbstractConnectionHandler.process(AbstractProtocol.java:589)
	at org.apache.tomcat.util.net.JIoEndpoint$SocketProcessor.run(JIoEndpoint.java:310)
	at java.util.concurrent.ThreadPoolExecutor.runWorker(Unknown Source)
	at java.util.concurrent.ThreadPoolExecutor$Worker.run(Unknown Source)
	at java.lang.Thread.run(Unknown Source)

Apr 25, 2013 9:45:00 PM org.apache.catalina.core.StandardWrapperValve invoke
SEVERE: Servlet.service() for servlet [jsp] in context with path [] threw exception [javax.servlet.ServletException: org.apache.tomcat.dbcp.dbcp.SQLNestedException: Cannot load JDBC driver class 'org.apache.derby.jdbc.EmbeddedDriver'] with root cause
java.lang.ClassNotFoundException: org.apache.derby.jdbc.EmbeddedDriver
	at org.apache.catalina.loader.WebappClassLoader.loadClass(WebappClassLoader.java:1713)
	at org.apache.catalina.loader.WebappClassLoader.loadClass(WebappClassLoader.java:1558)
	at org.apache.tomcat.dbcp.dbcp.BasicDataSource.createConnectionFactory(BasicDataSource.java:1420)
	at org.apache.tomcat.dbcp.dbcp.BasicDataSource.createDataSource(BasicDataSource.java:1371)
	at org.apache.tomcat.dbcp.dbcp.BasicDataSource.getConnection(BasicDataSource.java:1044)
	at org.apache.jsp.index_jsp._jspService(index_jsp.java:74)
	at org.apache.jasper.runtime.HttpJspBase.service(HttpJspBase.java:70)
	at javax.servlet.http.HttpServlet.service(HttpServlet.java:728)
	at org.apache.jasper.servlet.JspServletWrapper.service(JspServletWrapper.java:432)
	at org.apache.jasper.servlet.JspServlet.serviceJspFile(JspServlet.java:390)
	at org.apache.jasper.servlet.JspServlet.service(JspServlet.java:334)
	at javax.servlet.http.HttpServlet.service(HttpServlet.java:728)
	at org.apache.catalina.core.ApplicationFilterChain.internalDoFilter(ApplicationFilterChain.java:305)
	at org.apache.catalina.core.ApplicationFilterChain.doFilter(ApplicationFilterChain.java:210)
	at org.apache.catalina.core.StandardWrapperValve.invoke(StandardWrapperValve.java:222)
	at org.apache.catalina.core.StandardContextValve.invoke(StandardContextValve.java:123)
	at org.apache.catalina.core.StandardHostValve.invoke(StandardHostValve.java:171)
	at org.apache.catalina.valves.ErrorReportValve.invoke(ErrorReportValve.java:99)
	at org.apache.catalina.valves.AccessLogValve.invoke(AccessLogValve.java:947)
	at org.apache.catalina.core.StandardEngineValve.invoke(StandardEngineValve.java:118)
	at org.apache.catalina.connector.CoyoteAdapter.service(CoyoteAdapter.java:408)
	at org.apache.coyote.http11.AbstractHttp11Processor.process(AbstractHttp11Processor.java:1009)
	at org.apache.coyote.AbstractProtocol$AbstractConnectionHandler.process(AbstractProtocol.java:589)
	at org.apache.tomcat.util.net.JIoEndpoint$SocketProcessor.run(JIoEndpoint.java:310)
	at java.util.concurrent.ThreadPoolExecutor.runWorker(Unknown Source)
	at java.util.concurrent.ThreadPoolExecutor$Worker.run(Unknown Source)
	at java.lang.Thread.run(Unknown Source)

Apr 25, 2013 9:45:00 PM org.apache.catalina.core.StandardWrapperValve invoke
SEVERE: Servlet.service() for servlet [jsp] in context with path [] threw exception [javax.servlet.ServletException: org.apache.tomcat.dbcp.dbcp.SQLNestedException: Cannot load JDBC driver class 'org.apache.derby.jdbc.EmbeddedDriver'] with root cause
java.lang.ClassNotFoundException: org.apache.derby.jdbc.EmbeddedDriver
	at org.apache.catalina.loader.WebappClassLoader.loadClass(WebappClassLoader.java:1713)
	at org.apache.catalina.loader.WebappClassLoader.loadClass(WebappClassLoader.java:1558)
	at org.apache.tomcat.dbcp.dbcp.BasicDataSource.createConnectionFactory(BasicDataSource.java:1420)
	at org.apache.tomcat.dbcp.dbcp.BasicDataSource.createDataSource(BasicDataSource.java:1371)
	at org.apache.tomcat.dbcp.dbcp.BasicDataSource.getConnection(BasicDataSource.java:1044)
	at org.apache.jsp.index_jsp._jspService(index_jsp.java:74)
	at org.apache.jasper.runtime.HttpJspBase.service(HttpJspBase.java:70)
	at javax.servlet.http.HttpServlet.service(HttpServlet.java:728)
	at org.apache.jasper.servlet.JspServletWrapper.service(JspServletWrapper.java:432)
	at org.apache.jasper.servlet.JspServlet.serviceJspFile(JspServlet.java:390)
	at org.apache.jasper.servlet.JspServlet.service(JspServlet.java:334)
	at javax.servlet.http.HttpServlet.service(HttpServlet.java:728)
	at org.apache.catalina.core.ApplicationFilterChain.internalDoFilter(ApplicationFilterChain.java:305)
	at org.apache.catalina.core.ApplicationFilterChain.doFilter(ApplicationFilterChain.java:210)
	at org.apache.catalina.core.StandardWrapperValve.invoke(StandardWrapperValve.java:222)
	at org.apache.catalina.core.StandardContextValve.invoke(StandardContextValve.java:123)
	at org.apache.catalina.core.StandardHostValve.invoke(StandardHostValve.java:171)
	at org.apache.catalina.valves.ErrorReportValve.invoke(ErrorReportValve.java:99)
	at org.apache.catalina.valves.AccessLogValve.invoke(AccessLogValve.java:947)
	at org.apache.catalina.core.StandardEngineValve.invoke(StandardEngineValve.java:118)
	at org.apache.catalina.connector.CoyoteAdapter.service(CoyoteAdapter.java:408)
	at org.apache.coyote.http11.AbstractHttp11Processor.process(AbstractHttp11Processor.java:1009)
	at org.apache.coyote.AbstractProtocol$AbstractConnectionHandler.process(AbstractProtocol.java:589)
	at org.apache.tomcat.util.net.JIoEndpoint$SocketProcessor.run(JIoEndpoint.java:310)
	at java.util.concurrent.ThreadPoolExecutor.runWorker(Unknown Source)
	at java.util.concurrent.ThreadPoolExecutor$Worker.run(Unknown Source)
	at java.lang.Thread.run(Unknown Source)

Apr 25, 2013 9:45:00 PM org.apache.catalina.core.StandardWrapperValve invoke
SEVERE: Servlet.service() for servlet [jsp] in context with path [] threw exception [javax.servlet.ServletException: org.apache.tomcat.dbcp.dbcp.SQLNestedException: Cannot load JDBC driver class 'org.apache.derby.jdbc.EmbeddedDriver'] with root cause
java.lang.ClassNotFoundException: org.apache.derby.jdbc.EmbeddedDriver
	at org.apache.catalina.loader.WebappClassLoader.loadClass(WebappClassLoader.java:1713)
	at org.apache.catalina.loader.WebappClassLoader.loadClass(WebappClassLoader.java:1558)
	at org.apache.tomcat.dbcp.dbcp.BasicDataSource.createConnectionFactory(BasicDataSource.java:1420)
	at org.apache.tomcat.dbcp.dbcp.BasicDataSource.createDataSource(BasicDataSource.java:1371)
	at org.apache.tomcat.dbcp.dbcp.BasicDataSource.getConnection(BasicDataSource.java:1044)
	at org.apache.jsp.index_jsp._jspService(index_jsp.java:74)
	at org.apache.jasper.runtime.HttpJspBase.service(HttpJspBase.java:70)
	at javax.servlet.http.HttpServlet.service(HttpServlet.java:728)
	at org.apache.jasper.servlet.JspServletWrapper.service(JspServletWrapper.java:432)
	at org.apache.jasper.servlet.JspServlet.serviceJspFile(JspServlet.java:390)
	at org.apache.jasper.servlet.JspServlet.service(JspServlet.java:334)
	at javax.servlet.http.HttpServlet.service(HttpServlet.java:728)
	at org.apache.catalina.core.ApplicationFilterChain.internalDoFilter(ApplicationFilterChain.java:305)
	at org.apache.catalina.core.ApplicationFilterChain.doFilter(ApplicationFilterChain.java:210)
	at org.apache.catalina.core.StandardWrapperValve.invoke(StandardWrapperValve.java:222)
	at org.apache.catalina.core.StandardContextValve.invoke(StandardContextValve.java:123)
	at org.apache.catalina.core.StandardHostValve.invoke(StandardHostValve.java:171)
	at org.apache.catalina.valves.ErrorReportValve.invoke(ErrorReportValve.java:99)
	at org.apache.catalina.valves.AccessLogValve.invoke(AccessLogValve.java:947)
	at org.apache.catalina.core.StandardEngineValve.invoke(StandardEngineValve.java:118)
	at org.apache.catalina.connector.CoyoteAdapter.service(CoyoteAdapter.java:408)
	at org.apache.coyote.http11.AbstractHttp11Processor.process(AbstractHttp11Processor.java:1009)
	at org.apache.coyote.AbstractProtocol$AbstractConnectionHandler.process(AbstractProtocol.java:589)
	at org.apache.tomcat.util.net.JIoEndpoint$SocketProcessor.run(JIoEndpoint.java:310)
	at java.util.concurrent.ThreadPoolExecutor.runWorker(Unknown Source)
	at java.util.concurrent.ThreadPoolExecutor$Worker.run(Unknown Source)
	at java.lang.Thread.run(Unknown Source)

Apr 25, 2013 9:45:00 PM org.apache.catalina.core.StandardWrapperValve invoke
SEVERE: Servlet.service() for servlet [jsp] in context with path [] threw exception [javax.servlet.ServletException: org.apache.tomcat.dbcp.dbcp.SQLNestedException: Cannot load JDBC driver class 'org.apache.derby.jdbc.EmbeddedDriver'] with root cause
java.lang.ClassNotFoundException: org.apache.derby.jdbc.EmbeddedDriver
	at org.apache.catalina.loader.WebappClassLoader.loadClass(WebappClassLoader.java:1713)
	at org.apache.catalina.loader.WebappClassLoader.loadClass(WebappClassLoader.java:1558)
	at org.apache.tomcat.dbcp.dbcp.BasicDataSource.createConnectionFactory(BasicDataSource.java:1420)
	at org.apache.tomcat.dbcp.dbcp.BasicDataSource.createDataSource(BasicDataSource.java:1371)
	at org.apache.tomcat.dbcp.dbcp.BasicDataSource.getConnection(BasicDataSource.java:1044)
	at org.apache.jsp.index_jsp._jspService(index_jsp.java:74)
	at org.apache.jasper.runtime.HttpJspBase.service(HttpJspBase.java:70)
	at javax.servlet.http.HttpServlet.service(HttpServlet.java:728)
	at org.apache.jasper.servlet.JspServletWrapper.service(JspServletWrapper.java:432)
	at org.apache.jasper.servlet.JspServlet.serviceJspFile(JspServlet.java:390)
	at org.apache.jasper.servlet.JspServlet.service(JspServlet.java:334)
	at javax.servlet.http.HttpServlet.service(HttpServlet.java:728)
	at org.apache.catalina.core.ApplicationFilterChain.internalDoFilter(ApplicationFilterChain.java:305)
	at org.apache.catalina.core.ApplicationFilterChain.doFilter(ApplicationFilterChain.java:210)
	at org.apache.catalina.core.StandardWrapperValve.invoke(StandardWrapperValve.java:222)
	at org.apache.catalina.core.StandardContextValve.invoke(StandardContextValve.java:123)
	at org.apache.catalina.core.StandardHostValve.invoke(StandardHostValve.java:171)
	at org.apache.catalina.valves.ErrorReportValve.invoke(ErrorReportValve.java:99)
	at org.apache.catalina.valves.AccessLogValve.invoke(AccessLogValve.java:947)
	at org.apache.catalina.core.StandardEngineValve.invoke(StandardEngineValve.java:118)
	at org.apache.catalina.connector.CoyoteAdapter.service(CoyoteAdapter.java:408)
	at org.apache.coyote.http11.AbstractHttp11Processor.process(AbstractHttp11Processor.java:1009)
	at org.apache.coyote.AbstractProtocol$AbstractConnectionHandler.process(AbstractProtocol.java:589)
	at org.apache.tomcat.util.net.JIoEndpoint$SocketProcessor.run(JIoEndpoint.java:310)
	at java.util.concurrent.ThreadPoolExecutor.runWorker(Unknown Source)
	at java.util.concurrent.ThreadPoolExecutor$Worker.run(Unknown Source)
	at java.lang.Thread.run(Unknown Source)

Apr 25, 2013 9:52:01 PM org.apache.catalina.core.StandardWrapperValve invoke
SEVERE: Servlet.service() for servlet [jsp] in context with path [] threw exception [javax.servlet.ServletException: org.apache.tomcat.dbcp.dbcp.SQLNestedException: Cannot load JDBC driver class 'org.apache.derby.jdbc.EmbeddedDriver'] with root cause
java.lang.ClassNotFoundException: org.apache.derby.jdbc.EmbeddedDriver
	at org.apache.catalina.loader.WebappClassLoader.loadClass(WebappClassLoader.java:1713)
	at org.apache.catalina.loader.WebappClassLoader.loadClass(WebappClassLoader.java:1558)
	at org.apache.tomcat.dbcp.dbcp.BasicDataSource.createConnectionFactory(BasicDataSource.java:1420)
	at org.apache.tomcat.dbcp.dbcp.BasicDataSource.createDataSource(BasicDataSource.java:1371)
	at org.apache.tomcat.dbcp.dbcp.BasicDataSource.getConnection(BasicDataSource.java:1044)
	at org.apache.jsp.index_jsp._jspService(index_jsp.java:74)
	at org.apache.jasper.runtime.HttpJspBase.service(HttpJspBase.java:70)
	at javax.servlet.http.HttpServlet.service(HttpServlet.java:728)
	at org.apache.jasper.servlet.JspServletWrapper.service(JspServletWrapper.java:432)
	at org.apache.jasper.servlet.JspServlet.serviceJspFile(JspServlet.java:390)
	at org.apache.jasper.servlet.JspServlet.service(JspServlet.java:334)
	at javax.servlet.http.HttpServlet.service(HttpServlet.java:728)
	at org.apache.catalina.core.ApplicationFilterChain.internalDoFilter(ApplicationFilterChain.java:305)
	at org.apache.catalina.core.ApplicationFilterChain.doFilter(ApplicationFilterChain.java:210)
	at org.apache.catalina.core.StandardWrapperValve.invoke(StandardWrapperValve.java:222)
	at org.apache.catalina.core.StandardContextValve.invoke(StandardContextValve.java:123)
	at org.apache.catalina.core.StandardHostValve.invoke(StandardHostValve.java:171)
	at org.apache.catalina.valves.ErrorReportValve.invoke(ErrorReportValve.java:99)
	at org.apache.catalina.valves.AccessLogValve.invoke(AccessLogValve.java:947)
	at org.apache.catalina.core.StandardEngineValve.invoke(StandardEngineValve.java:118)
	at org.apache.catalina.connector.CoyoteAdapter.service(CoyoteAdapter.java:408)
	at org.apache.coyote.http11.AbstractHttp11Processor.process(AbstractHttp11Processor.java:1009)
	at org.apache.coyote.AbstractProtocol$AbstractConnectionHandler.process(AbstractProtocol.java:589)
	at org.apache.tomcat.util.net.JIoEndpoint$SocketProcessor.run(JIoEndpoint.java:310)
	at java.util.concurrent.ThreadPoolExecutor.runWorker(Unknown Source)
	at java.util.concurrent.ThreadPoolExecutor$Worker.run(Unknown Source)
	at java.lang.Thread.run(Unknown Source)

Apr 25, 2013 9:52:42 PM org.apache.catalina.core.StandardWrapperValve invoke
SEVERE: Servlet.service() for servlet [jsp] in context with path [] threw exception [An exception occurred processing JSP page /index.jsp at line 17

14: <table>
15: <% while (rs.next()) {
16:   String fn = rs.getString("forenames");
17:   String sn = rs.getString("surname");
18: %>
19: <tr><td><%=fn%></td><td><%=sn%></td></tr>
20: <% } %>


Stacktrace:] with root cause
java.sql.SQLException: Column 'surname' not found.
	at org.apache.derby.impl.jdbc.SQLExceptionFactory.getSQLException(Unknown Source)
	at org.apache.derby.impl.jdbc.SQLExceptionFactory40.wrapArgsForTransportAcrossDRDA(Unknown Source)
	at org.apache.derby.impl.jdbc.SQLExceptionFactory40.getSQLException(Unknown Source)
	at org.apache.derby.impl.jdbc.Util.newEmbedSQLException(Unknown Source)
	at org.apache.derby.impl.jdbc.Util.newEmbedSQLException(Unknown Source)
	at org.apache.derby.impl.jdbc.Util.generateCsSQLException(Unknown Source)
	at org.apache.derby.impl.jdbc.EmbedConnection.newSQLException(Unknown Source)
	at org.apache.derby.impl.jdbc.ConnectionChild.newSQLException(Unknown Source)
	at org.apache.derby.impl.jdbc.EmbedResultSet.findColumnName(Unknown Source)
	at org.apache.derby.impl.jdbc.EmbedResultSet.getString(Unknown Source)
	at org.apache.tomcat.dbcp.dbcp.DelegatingResultSet.getString(DelegatingResultSet.java:263)
	at org.apache.tomcat.dbcp.dbcp.DelegatingResultSet.getString(DelegatingResultSet.java:263)
	at org.apache.jsp.index_jsp._jspService(index_jsp.java:82)
	at org.apache.jasper.runtime.HttpJspBase.service(HttpJspBase.java:70)
	at javax.servlet.http.HttpServlet.service(HttpServlet.java:728)
	at org.apache.jasper.servlet.JspServletWrapper.service(JspServletWrapper.java:432)
	at org.apache.jasper.servlet.JspServlet.serviceJspFile(JspServlet.java:390)
	at org.apache.jasper.servlet.JspServlet.service(JspServlet.java:334)
	at javax.servlet.http.HttpServlet.service(HttpServlet.java:728)
	at org.apache.catalina.core.ApplicationFilterChain.internalDoFilter(ApplicationFilterChain.java:305)
	at org.apache.catalina.core.ApplicationFilterChain.doFilter(ApplicationFilterChain.java:210)
	at org.apache.catalina.core.StandardWrapperValve.invoke(StandardWrapperValve.java:222)
	at org.apache.catalina.core.StandardContextValve.invoke(StandardContextValve.java:123)
	at org.apache.catalina.core.StandardHostValve.invoke(StandardHostValve.java:171)
	at org.apache.catalina.valves.ErrorReportValve.invoke(ErrorReportValve.java:99)
	at org.apache.catalina.valves.AccessLogValve.invoke(AccessLogValve.java:947)
	at org.apache.catalina.core.StandardEngineValve.invoke(StandardEngineValve.java:118)
	at org.apache.catalina.connector.CoyoteAdapter.service(CoyoteAdapter.java:408)
	at org.apache.coyote.http11.AbstractHttp11Processor.process(AbstractHttp11Processor.java:1009)
	at org.apache.coyote.AbstractProtocol$AbstractConnectionHandler.process(AbstractProtocol.java:589)
	at org.apache.tomcat.util.net.JIoEndpoint$SocketProcessor.run(JIoEndpoint.java:310)
	at java.util.concurrent.ThreadPoolExecutor.runWorker(Unknown Source)
	at java.util.concurrent.ThreadPoolExecutor$Worker.run(Unknown Source)
	at java.lang.Thread.run(Unknown Source)

Apr 25, 2013 10:01:33 PM org.apache.catalina.core.StandardWrapperValve invoke
SEVERE: Servlet.service() for servlet [jsp] in context with path [] threw exception [Unable to compile class for JSP: 

An error occurred at line: 22 in the jsp file: /index.jsp
a cannot be resolved to a variable
19: <tr><td><%=fn%></td><td><%=sn%></td></tr>
20: <% } %>
21: </table>
22: <%a = request.getParameter("address");
23: q = "update people set address=? where ...";
24: ps = con.prepareStatement(q);
25: ps.setString(1, a);


An error occurred at line: 23 in the jsp file: /index.jsp
q cannot be resolved to a variable
20: <% } %>
21: </table>
22: <%a = request.getParameter("address");
23: q = "update people set address=? where ...";
24: ps = con.prepareStatement(q);
25: ps.setString(1, a);
26: rs = ps.executeQuery();


An error occurred at line: 24 in the jsp file: /index.jsp
ps cannot be resolved to a variable
21: </table>
22: <%a = request.getParameter("address");
23: q = "update people set address=? where ...";
24: ps = con.prepareStatement(q);
25: ps.setString(1, a);
26: rs = ps.executeQuery();
27: %>


An error occurred at line: 24 in the jsp file: /index.jsp
q cannot be resolved to a variable
21: </table>
22: <%a = request.getParameter("address");
23: q = "update people set address=? where ...";
24: ps = con.prepareStatement(q);
25: ps.setString(1, a);
26: rs = ps.executeQuery();
27: %>


An error occurred at line: 25 in the jsp file: /index.jsp
ps cannot be resolved
22: <%a = request.getParameter("address");
23: q = "update people set address=? where ...";
24: ps = con.prepareStatement(q);
25: ps.setString(1, a);
26: rs = ps.executeQuery();
27: %>
28: <% st.close(); con.close(); %>


An error occurred at line: 25 in the jsp file: /index.jsp
a cannot be resolved to a variable
22: <%a = request.getParameter("address");
23: q = "update people set address=? where ...";
24: ps = con.prepareStatement(q);
25: ps.setString(1, a);
26: rs = ps.executeQuery();
27: %>
28: <% st.close(); con.close(); %>


An error occurred at line: 26 in the jsp file: /index.jsp
ps cannot be resolved
23: q = "update people set address=? where ...";
24: ps = con.prepareStatement(q);
25: ps.setString(1, a);
26: rs = ps.executeQuery();
27: %>
28: <% st.close(); con.close(); %>
29: </body>


Stacktrace:] with root cause
org.apache.jasper.JasperException: Unable to compile class for JSP: 

An error occurred at line: 22 in the jsp file: /index.jsp
a cannot be resolved to a variable
19: <tr><td><%=fn%></td><td><%=sn%></td></tr>
20: <% } %>
21: </table>
22: <%a = request.getParameter("address");
23: q = "update people set address=? where ...";
24: ps = con.prepareStatement(q);
25: ps.setString(1, a);


An error occurred at line: 23 in the jsp file: /index.jsp
q cannot be resolved to a variable
20: <% } %>
21: </table>
22: <%a = request.getParameter("address");
23: q = "update people set address=? where ...";
24: ps = con.prepareStatement(q);
25: ps.setString(1, a);
26: rs = ps.executeQuery();


An error occurred at line: 24 in the jsp file: /index.jsp
ps cannot be resolved to a variable
21: </table>
22: <%a = request.getParameter("address");
23: q = "update people set address=? where ...";
24: ps = con.prepareStatement(q);
25: ps.setString(1, a);
26: rs = ps.executeQuery();
27: %>


An error occurred at line: 24 in the jsp file: /index.jsp
q cannot be resolved to a variable
21: </table>
22: <%a = request.getParameter("address");
23: q = "update people set address=? where ...";
24: ps = con.prepareStatement(q);
25: ps.setString(1, a);
26: rs = ps.executeQuery();
27: %>


An error occurred at line: 25 in the jsp file: /index.jsp
ps cannot be resolved
22: <%a = request.getParameter("address");
23: q = "update people set address=? where ...";
24: ps = con.prepareStatement(q);
25: ps.setString(1, a);
26: rs = ps.executeQuery();
27: %>
28: <% st.close(); con.close(); %>


An error occurred at line: 25 in the jsp file: /index.jsp
a cannot be resolved to a variable
22: <%a = request.getParameter("address");
23: q = "update people set address=? where ...";
24: ps = con.prepareStatement(q);
25: ps.setString(1, a);
26: rs = ps.executeQuery();
27: %>
28: <% st.close(); con.close(); %>


An error occurred at line: 26 in the jsp file: /index.jsp
ps cannot be resolved
23: q = "update people set address=? where ...";
24: ps = con.prepareStatement(q);
25: ps.setString(1, a);
26: rs = ps.executeQuery();
27: %>
28: <% st.close(); con.close(); %>
29: </body>


Stacktrace:
	at org.apache.jasper.compiler.DefaultErrorHandler.javacError(DefaultErrorHandler.java:103)
	at org.apache.jasper.compiler.ErrorDispatcher.javacError(ErrorDispatcher.java:331)
	at org.apache.jasper.compiler.JDTCompiler.generateClass(JDTCompiler.java:468)
	at org.apache.jasper.compiler.Compiler.compile(Compiler.java:378)
	at org.apache.jasper.compiler.Compiler.compile(Compiler.java:353)
	at org.apache.jasper.compiler.Compiler.compile(Compiler.java:340)
	at org.apache.jasper.JspCompilationContext.compile(JspCompilationContext.java:646)
	at org.apache.jasper.servlet.JspServletWrapper.service(JspServletWrapper.java:357)
	at org.apache.jasper.servlet.JspServlet.serviceJspFile(JspServlet.java:390)
	at org.apache.jasper.servlet.JspServlet.service(JspServlet.java:334)
	at javax.servlet.http.HttpServlet.service(HttpServlet.java:728)
	at org.apache.catalina.core.ApplicationFilterChain.internalDoFilter(ApplicationFilterChain.java:305)
	at org.apache.catalina.core.ApplicationFilterChain.doFilter(ApplicationFilterChain.java:210)
	at org.apache.catalina.core.StandardWrapperValve.invoke(StandardWrapperValve.java:222)
	at org.apache.catalina.core.StandardContextValve.invoke(StandardContextValve.java:123)
	at org.apache.catalina.core.StandardHostValve.invoke(StandardHostValve.java:171)
	at org.apache.catalina.valves.ErrorReportValve.invoke(ErrorReportValve.java:99)
	at org.apache.catalina.valves.AccessLogValve.invoke(AccessLogValve.java:947)
	at org.apache.catalina.core.StandardEngineValve.invoke(StandardEngineValve.java:118)
	at org.apache.catalina.connector.CoyoteAdapter.service(CoyoteAdapter.java:408)
	at org.apache.coyote.http11.AbstractHttp11Processor.process(AbstractHttp11Processor.java:1009)
	at org.apache.coyote.AbstractProtocol$AbstractConnectionHandler.process(AbstractProtocol.java:589)
	at org.apache.tomcat.util.net.JIoEndpoint$SocketProcessor.run(JIoEndpoint.java:310)
	at java.util.concurrent.ThreadPoolExecutor.runWorker(Unknown Source)
	at java.util.concurrent.ThreadPoolExecutor$Worker.run(Unknown Source)
	at java.lang.Thread.run(Unknown Source)

Apr 25, 2013 10:03:22 PM org.apache.catalina.core.StandardWrapperValve invoke
SEVERE: Servlet.service() for servlet [jsp] in context with path [] threw exception [Unable to compile class for JSP: 

An error occurred at line: 25 in the jsp file: /index.jsp
The method setString(int, String) is undefined for the type Statement
22: <% String a = request.getParameter("address");
23: String q = "update people set address=? where ...";
24: Statement ps = con.prepareStatement(q);
25: ps.setString(1, a);
26: rs = ps.executeQuery();
27: %>
28: <% st.close(); con.close(); %>


An error occurred at line: 26 in the jsp file: /index.jsp
The method executeQuery(String) in the type Statement is not applicable for the arguments ()
23: String q = "update people set address=? where ...";
24: Statement ps = con.prepareStatement(q);
25: ps.setString(1, a);
26: rs = ps.executeQuery();
27: %>
28: <% st.close(); con.close(); %>
29: </body>


Stacktrace:] with root cause
org.apache.jasper.JasperException: Unable to compile class for JSP: 

An error occurred at line: 25 in the jsp file: /index.jsp
The method setString(int, String) is undefined for the type Statement
22: <% String a = request.getParameter("address");
23: String q = "update people set address=? where ...";
24: Statement ps = con.prepareStatement(q);
25: ps.setString(1, a);
26: rs = ps.executeQuery();
27: %>
28: <% st.close(); con.close(); %>


An error occurred at line: 26 in the jsp file: /index.jsp
The method executeQuery(String) in the type Statement is not applicable for the arguments ()
23: String q = "update people set address=? where ...";
24: Statement ps = con.prepareStatement(q);
25: ps.setString(1, a);
26: rs = ps.executeQuery();
27: %>
28: <% st.close(); con.close(); %>
29: </body>


Stacktrace:
	at org.apache.jasper.compiler.DefaultErrorHandler.javacError(DefaultErrorHandler.java:103)
	at org.apache.jasper.compiler.ErrorDispatcher.javacError(ErrorDispatcher.java:331)
	at org.apache.jasper.compiler.JDTCompiler.generateClass(JDTCompiler.java:468)
	at org.apache.jasper.compiler.Compiler.compile(Compiler.java:378)
	at org.apache.jasper.compiler.Compiler.compile(Compiler.java:353)
	at org.apache.jasper.compiler.Compiler.compile(Compiler.java:340)
	at org.apache.jasper.JspCompilationContext.compile(JspCompilationContext.java:646)
	at org.apache.jasper.servlet.JspServletWrapper.service(JspServletWrapper.java:357)
	at org.apache.jasper.servlet.JspServlet.serviceJspFile(JspServlet.java:390)
	at org.apache.jasper.servlet.JspServlet.service(JspServlet.java:334)
	at javax.servlet.http.HttpServlet.service(HttpServlet.java:728)
	at org.apache.catalina.core.ApplicationFilterChain.internalDoFilter(ApplicationFilterChain.java:305)
	at org.apache.catalina.core.ApplicationFilterChain.doFilter(ApplicationFilterChain.java:210)
	at org.apache.catalina.core.StandardWrapperValve.invoke(StandardWrapperValve.java:222)
	at org.apache.catalina.core.StandardContextValve.invoke(StandardContextValve.java:123)
	at org.apache.catalina.core.StandardHostValve.invoke(StandardHostValve.java:171)
	at org.apache.catalina.valves.ErrorReportValve.invoke(ErrorReportValve.java:99)
	at org.apache.catalina.valves.AccessLogValve.invoke(AccessLogValve.java:947)
	at org.apache.catalina.core.StandardEngineValve.invoke(StandardEngineValve.java:118)
	at org.apache.catalina.connector.CoyoteAdapter.service(CoyoteAdapter.java:408)
	at org.apache.coyote.http11.AbstractHttp11Processor.process(AbstractHttp11Processor.java:1009)
	at org.apache.coyote.AbstractProtocol$AbstractConnectionHandler.process(AbstractProtocol.java:589)
	at org.apache.tomcat.util.net.JIoEndpoint$SocketProcessor.run(JIoEndpoint.java:310)
	at java.util.concurrent.ThreadPoolExecutor.runWorker(Unknown Source)
	at java.util.concurrent.ThreadPoolExecutor$Worker.run(Unknown Source)
	at java.lang.Thread.run(Unknown Source)

Apr 25, 2013 10:03:34 PM org.apache.catalina.core.StandardWrapperValve invoke
SEVERE: Servlet.service() for servlet [jsp] in context with path [] threw exception [Unable to compile class for JSP: 

An error occurred at line: 24 in the jsp file: /index.jsp
Type mismatch: cannot convert from PreparedStatement to String
21: </table>
22: <% String a = request.getParameter("address");
23: String q = "update people set address=? where ...";
24: String ps = con.prepareStatement(q);
25: ps.setString(1, a);
26: rs = ps.executeQuery();
27: %>


An error occurred at line: 25 in the jsp file: /index.jsp
The method setString(int, String) is undefined for the type String
22: <% String a = request.getParameter("address");
23: String q = "update people set address=? where ...";
24: String ps = con.prepareStatement(q);
25: ps.setString(1, a);
26: rs = ps.executeQuery();
27: %>
28: <% st.close(); con.close(); %>


An error occurred at line: 26 in the jsp file: /index.jsp
The method executeQuery() is undefined for the type String
23: String q = "update people set address=? where ...";
24: String ps = con.prepareStatement(q);
25: ps.setString(1, a);
26: rs = ps.executeQuery();
27: %>
28: <% st.close(); con.close(); %>
29: </body>


Stacktrace:] with root cause
org.apache.jasper.JasperException: Unable to compile class for JSP: 

An error occurred at line: 24 in the jsp file: /index.jsp
Type mismatch: cannot convert from PreparedStatement to String
21: </table>
22: <% String a = request.getParameter("address");
23: String q = "update people set address=? where ...";
24: String ps = con.prepareStatement(q);
25: ps.setString(1, a);
26: rs = ps.executeQuery();
27: %>


An error occurred at line: 25 in the jsp file: /index.jsp
The method setString(int, String) is undefined for the type String
22: <% String a = request.getParameter("address");
23: String q = "update people set address=? where ...";
24: String ps = con.prepareStatement(q);
25: ps.setString(1, a);
26: rs = ps.executeQuery();
27: %>
28: <% st.close(); con.close(); %>


An error occurred at line: 26 in the jsp file: /index.jsp
The method executeQuery() is undefined for the type String
23: String q = "update people set address=? where ...";
24: String ps = con.prepareStatement(q);
25: ps.setString(1, a);
26: rs = ps.executeQuery();
27: %>
28: <% st.close(); con.close(); %>
29: </body>


Stacktrace:
	at org.apache.jasper.compiler.DefaultErrorHandler.javacError(DefaultErrorHandler.java:103)
	at org.apache.jasper.compiler.ErrorDispatcher.javacError(ErrorDispatcher.java:331)
	at org.apache.jasper.compiler.JDTCompiler.generateClass(JDTCompiler.java:468)
	at org.apache.jasper.compiler.Compiler.compile(Compiler.java:378)
	at org.apache.jasper.compiler.Compiler.compile(Compiler.java:353)
	at org.apache.jasper.compiler.Compiler.compile(Compiler.java:340)
	at org.apache.jasper.JspCompilationContext.compile(JspCompilationContext.java:646)
	at org.apache.jasper.servlet.JspServletWrapper.service(JspServletWrapper.java:357)
	at org.apache.jasper.servlet.JspServlet.serviceJspFile(JspServlet.java:390)
	at org.apache.jasper.servlet.JspServlet.service(JspServlet.java:334)
	at javax.servlet.http.HttpServlet.service(HttpServlet.java:728)
	at org.apache.catalina.core.ApplicationFilterChain.internalDoFilter(ApplicationFilterChain.java:305)
	at org.apache.catalina.core.ApplicationFilterChain.doFilter(ApplicationFilterChain.java:210)
	at org.apache.catalina.core.StandardWrapperValve.invoke(StandardWrapperValve.java:222)
	at org.apache.catalina.core.StandardContextValve.invoke(StandardContextValve.java:123)
	at org.apache.catalina.core.StandardHostValve.invoke(StandardHostValve.java:171)
	at org.apache.catalina.valves.ErrorReportValve.invoke(ErrorReportValve.java:99)
	at org.apache.catalina.valves.AccessLogValve.invoke(AccessLogValve.java:947)
	at org.apache.catalina.core.StandardEngineValve.invoke(StandardEngineValve.java:118)
	at org.apache.catalina.connector.CoyoteAdapter.service(CoyoteAdapter.java:408)
	at org.apache.coyote.http11.AbstractHttp11Processor.process(AbstractHttp11Processor.java:1009)
	at org.apache.coyote.AbstractProtocol$AbstractConnectionHandler.process(AbstractProtocol.java:589)
	at org.apache.tomcat.util.net.JIoEndpoint$SocketProcessor.run(JIoEndpoint.java:310)
	at java.util.concurrent.ThreadPoolExecutor.runWorker(Unknown Source)
	at java.util.concurrent.ThreadPoolExecutor$Worker.run(Unknown Source)
	at java.lang.Thread.run(Unknown Source)

Apr 25, 2013 10:04:18 PM org.apache.catalina.core.StandardWrapperValve invoke
SEVERE: Servlet.service() for servlet [jsp] in context with path [] threw exception [Unable to compile class for JSP: 

An error occurred at line: 24 in the jsp file: /index.jsp
Type mismatch: cannot convert from PreparedStatement to ResultSet
21: </table>
22: <% String a = request.getParameter("address");
23: String q = "update people set address=? where ...";
24: ResultSet ps = con.prepareStatement(q);
25: ps.setString(1, a);
26: rs = ps.executeQuery();
27: %>


An error occurred at line: 25 in the jsp file: /index.jsp
The method setString(int, String) is undefined for the type ResultSet
22: <% String a = request.getParameter("address");
23: String q = "update people set address=? where ...";
24: ResultSet ps = con.prepareStatement(q);
25: ps.setString(1, a);
26: rs = ps.executeQuery();
27: %>
28: <% st.close(); con.close(); %>


An error occurred at line: 26 in the jsp file: /index.jsp
The method executeQuery() is undefined for the type ResultSet
23: String q = "update people set address=? where ...";
24: ResultSet ps = con.prepareStatement(q);
25: ps.setString(1, a);
26: rs = ps.executeQuery();
27: %>
28: <% st.close(); con.close(); %>
29: </body>


Stacktrace:] with root cause
org.apache.jasper.JasperException: Unable to compile class for JSP: 

An error occurred at line: 24 in the jsp file: /index.jsp
Type mismatch: cannot convert from PreparedStatement to ResultSet
21: </table>
22: <% String a = request.getParameter("address");
23: String q = "update people set address=? where ...";
24: ResultSet ps = con.prepareStatement(q);
25: ps.setString(1, a);
26: rs = ps.executeQuery();
27: %>


An error occurred at line: 25 in the jsp file: /index.jsp
The method setString(int, String) is undefined for the type ResultSet
22: <% String a = request.getParameter("address");
23: String q = "update people set address=? where ...";
24: ResultSet ps = con.prepareStatement(q);
25: ps.setString(1, a);
26: rs = ps.executeQuery();
27: %>
28: <% st.close(); con.close(); %>


An error occurred at line: 26 in the jsp file: /index.jsp
The method executeQuery() is undefined for the type ResultSet
23: String q = "update people set address=? where ...";
24: ResultSet ps = con.prepareStatement(q);
25: ps.setString(1, a);
26: rs = ps.executeQuery();
27: %>
28: <% st.close(); con.close(); %>
29: </body>


Stacktrace:
	at org.apache.jasper.compiler.DefaultErrorHandler.javacError(DefaultErrorHandler.java:103)
	at org.apache.jasper.compiler.ErrorDispatcher.javacError(ErrorDispatcher.java:331)
	at org.apache.jasper.compiler.JDTCompiler.generateClass(JDTCompiler.java:468)
	at org.apache.jasper.compiler.Compiler.compile(Compiler.java:378)
	at org.apache.jasper.compiler.Compiler.compile(Compiler.java:353)
	at org.apache.jasper.compiler.Compiler.compile(Compiler.java:340)
	at org.apache.jasper.JspCompilationContext.compile(JspCompilationContext.java:646)
	at org.apache.jasper.servlet.JspServletWrapper.service(JspServletWrapper.java:357)
	at org.apache.jasper.servlet.JspServlet.serviceJspFile(JspServlet.java:390)
	at org.apache.jasper.servlet.JspServlet.service(JspServlet.java:334)
	at javax.servlet.http.HttpServlet.service(HttpServlet.java:728)
	at org.apache.catalina.core.ApplicationFilterChain.internalDoFilter(ApplicationFilterChain.java:305)
	at org.apache.catalina.core.ApplicationFilterChain.doFilter(ApplicationFilterChain.java:210)
	at org.apache.catalina.core.StandardWrapperValve.invoke(StandardWrapperValve.java:222)
	at org.apache.catalina.core.StandardContextValve.invoke(StandardContextValve.java:123)
	at org.apache.catalina.core.StandardHostValve.invoke(StandardHostValve.java:171)
	at org.apache.catalina.valves.ErrorReportValve.invoke(ErrorReportValve.java:99)
	at org.apache.catalina.valves.AccessLogValve.invoke(AccessLogValve.java:947)
	at org.apache.catalina.core.StandardEngineValve.invoke(StandardEngineValve.java:118)
	at org.apache.catalina.connector.CoyoteAdapter.service(CoyoteAdapter.java:408)
	at org.apache.coyote.http11.AbstractHttp11Processor.process(AbstractHttp11Processor.java:1009)
	at org.apache.coyote.AbstractProtocol$AbstractConnectionHandler.process(AbstractProtocol.java:589)
	at org.apache.tomcat.util.net.JIoEndpoint$SocketProcessor.run(JIoEndpoint.java:310)
	at java.util.concurrent.ThreadPoolExecutor.runWorker(Unknown Source)
	at java.util.concurrent.ThreadPoolExecutor$Worker.run(Unknown Source)
	at java.lang.Thread.run(Unknown Source)

Apr 25, 2013 10:04:49 PM org.apache.catalina.core.StandardWrapperValve invoke
SEVERE: Servlet.service() for servlet [jsp] in context with path [] threw exception [Unable to compile class for JSP: 

An error occurred at line: 24 in the jsp file: /index.jsp
Type mismatch: cannot convert from PreparedStatement to ResultSet
21: </table>
22: <% String a = request.getParameter("address");
23: String q = "update people set address=?";
24: ResultSet ps = con.prepareStatement(q);
25: ps.setString(1, a);
26: rs = ps.executeQuery();
27: %>


An error occurred at line: 25 in the jsp file: /index.jsp
The method setString(int, String) is undefined for the type ResultSet
22: <% String a = request.getParameter("address");
23: String q = "update people set address=?";
24: ResultSet ps = con.prepareStatement(q);
25: ps.setString(1, a);
26: rs = ps.executeQuery();
27: %>
28: <% st.close(); con.close(); %>


An error occurred at line: 26 in the jsp file: /index.jsp
The method executeQuery() is undefined for the type ResultSet
23: String q = "update people set address=?";
24: ResultSet ps = con.prepareStatement(q);
25: ps.setString(1, a);
26: rs = ps.executeQuery();
27: %>
28: <% st.close(); con.close(); %>
29: </body>


Stacktrace:] with root cause
org.apache.jasper.JasperException: Unable to compile class for JSP: 

An error occurred at line: 24 in the jsp file: /index.jsp
Type mismatch: cannot convert from PreparedStatement to ResultSet
21: </table>
22: <% String a = request.getParameter("address");
23: String q = "update people set address=?";
24: ResultSet ps = con.prepareStatement(q);
25: ps.setString(1, a);
26: rs = ps.executeQuery();
27: %>


An error occurred at line: 25 in the jsp file: /index.jsp
The method setString(int, String) is undefined for the type ResultSet
22: <% String a = request.getParameter("address");
23: String q = "update people set address=?";
24: ResultSet ps = con.prepareStatement(q);
25: ps.setString(1, a);
26: rs = ps.executeQuery();
27: %>
28: <% st.close(); con.close(); %>


An error occurred at line: 26 in the jsp file: /index.jsp
The method executeQuery() is undefined for the type ResultSet
23: String q = "update people set address=?";
24: ResultSet ps = con.prepareStatement(q);
25: ps.setString(1, a);
26: rs = ps.executeQuery();
27: %>
28: <% st.close(); con.close(); %>
29: </body>


Stacktrace:
	at org.apache.jasper.compiler.DefaultErrorHandler.javacError(DefaultErrorHandler.java:103)
	at org.apache.jasper.compiler.ErrorDispatcher.javacError(ErrorDispatcher.java:331)
	at org.apache.jasper.compiler.JDTCompiler.generateClass(JDTCompiler.java:468)
	at org.apache.jasper.compiler.Compiler.compile(Compiler.java:378)
	at org.apache.jasper.compiler.Compiler.compile(Compiler.java:353)
	at org.apache.jasper.compiler.Compiler.compile(Compiler.java:340)
	at org.apache.jasper.JspCompilationContext.compile(JspCompilationContext.java:646)
	at org.apache.jasper.servlet.JspServletWrapper.service(JspServletWrapper.java:357)
	at org.apache.jasper.servlet.JspServlet.serviceJspFile(JspServlet.java:390)
	at org.apache.jasper.servlet.JspServlet.service(JspServlet.java:334)
	at javax.servlet.http.HttpServlet.service(HttpServlet.java:728)
	at org.apache.catalina.core.ApplicationFilterChain.internalDoFilter(ApplicationFilterChain.java:305)
	at org.apache.catalina.core.ApplicationFilterChain.doFilter(ApplicationFilterChain.java:210)
	at org.apache.catalina.core.StandardWrapperValve.invoke(StandardWrapperValve.java:222)
	at org.apache.catalina.core.StandardContextValve.invoke(StandardContextValve.java:123)
	at org.apache.catalina.core.StandardHostValve.invoke(StandardHostValve.java:171)
	at org.apache.catalina.valves.ErrorReportValve.invoke(ErrorReportValve.java:99)
	at org.apache.catalina.valves.AccessLogValve.invoke(AccessLogValve.java:947)
	at org.apache.catalina.core.StandardEngineValve.invoke(StandardEngineValve.java:118)
	at org.apache.catalina.connector.CoyoteAdapter.service(CoyoteAdapter.java:408)
	at org.apache.coyote.http11.AbstractHttp11Processor.process(AbstractHttp11Processor.java:1009)
	at org.apache.coyote.AbstractProtocol$AbstractConnectionHandler.process(AbstractProtocol.java:589)
	at org.apache.tomcat.util.net.JIoEndpoint$SocketProcessor.run(JIoEndpoint.java:310)
	at java.util.concurrent.ThreadPoolExecutor.runWorker(Unknown Source)
	at java.util.concurrent.ThreadPoolExecutor$Worker.run(Unknown Source)
	at java.lang.Thread.run(Unknown Source)

Apr 25, 2013 10:05:26 PM org.apache.catalina.core.StandardWrapperValve invoke
SEVERE: Servlet.service() for servlet [jsp] in context with path [] threw exception [Unable to compile class for JSP: 

An error occurred at line: 24 in the jsp file: /index.jsp
Type mismatch: cannot convert from PreparedStatement to ResultSet
21: </table>
22: <% String a = request.getParameter("address");
23: String q = "update people set address=?";
24: ResultSet ps = con.prepareStatement(q);
25: ps.setString(1, a);
26: rs = ps.executeQuery();
27: %>


An error occurred at line: 25 in the jsp file: /index.jsp
The method setString(int, String) is undefined for the type ResultSet
22: <% String a = request.getParameter("address");
23: String q = "update people set address=?";
24: ResultSet ps = con.prepareStatement(q);
25: ps.setString(1, a);
26: rs = ps.executeQuery();
27: %>
28: <% st.close(); con.close(); %>


An error occurred at line: 26 in the jsp file: /index.jsp
The method executeQuery() is undefined for the type ResultSet
23: String q = "update people set address=?";
24: ResultSet ps = con.prepareStatement(q);
25: ps.setString(1, a);
26: rs = ps.executeQuery();
27: %>
28: <% st.close(); con.close(); %>
29: </body>


Stacktrace:] with root cause
org.apache.jasper.JasperException: Unable to compile class for JSP: 

An error occurred at line: 24 in the jsp file: /index.jsp
Type mismatch: cannot convert from PreparedStatement to ResultSet
21: </table>
22: <% String a = request.getParameter("address");
23: String q = "update people set address=?";
24: ResultSet ps = con.prepareStatement(q);
25: ps.setString(1, a);
26: rs = ps.executeQuery();
27: %>


An error occurred at line: 25 in the jsp file: /index.jsp
The method setString(int, String) is undefined for the type ResultSet
22: <% String a = request.getParameter("address");
23: String q = "update people set address=?";
24: ResultSet ps = con.prepareStatement(q);
25: ps.setString(1, a);
26: rs = ps.executeQuery();
27: %>
28: <% st.close(); con.close(); %>


An error occurred at line: 26 in the jsp file: /index.jsp
The method executeQuery() is undefined for the type ResultSet
23: String q = "update people set address=?";
24: ResultSet ps = con.prepareStatement(q);
25: ps.setString(1, a);
26: rs = ps.executeQuery();
27: %>
28: <% st.close(); con.close(); %>
29: </body>


Stacktrace:
	at org.apache.jasper.compiler.DefaultErrorHandler.javacError(DefaultErrorHandler.java:103)
	at org.apache.jasper.compiler.ErrorDispatcher.javacError(ErrorDispatcher.java:331)
	at org.apache.jasper.compiler.JDTCompiler.generateClass(JDTCompiler.java:468)
	at org.apache.jasper.compiler.Compiler.compile(Compiler.java:378)
	at org.apache.jasper.compiler.Compiler.compile(Compiler.java:353)
	at org.apache.jasper.compiler.Compiler.compile(Compiler.java:340)
	at org.apache.jasper.JspCompilationContext.compile(JspCompilationContext.java:646)
	at org.apache.jasper.servlet.JspServletWrapper.service(JspServletWrapper.java:357)
	at org.apache.jasper.servlet.JspServlet.serviceJspFile(JspServlet.java:390)
	at org.apache.jasper.servlet.JspServlet.service(JspServlet.java:334)
	at javax.servlet.http.HttpServlet.service(HttpServlet.java:728)
	at org.apache.catalina.core.ApplicationFilterChain.internalDoFilter(ApplicationFilterChain.java:305)
	at org.apache.catalina.core.ApplicationFilterChain.doFilter(ApplicationFilterChain.java:210)
	at org.apache.catalina.core.StandardWrapperValve.invoke(StandardWrapperValve.java:222)
	at org.apache.catalina.core.StandardContextValve.invoke(StandardContextValve.java:123)
	at org.apache.catalina.core.StandardHostValve.invoke(StandardHostValve.java:171)
	at org.apache.catalina.valves.ErrorReportValve.invoke(ErrorReportValve.java:99)
	at org.apache.catalina.valves.AccessLogValve.invoke(AccessLogValve.java:947)
	at org.apache.catalina.core.StandardEngineValve.invoke(StandardEngineValve.java:118)
	at org.apache.catalina.connector.CoyoteAdapter.service(CoyoteAdapter.java:408)
	at org.apache.coyote.http11.AbstractHttp11Processor.process(AbstractHttp11Processor.java:1009)
	at org.apache.coyote.AbstractProtocol$AbstractConnectionHandler.process(AbstractProtocol.java:589)
	at org.apache.tomcat.util.net.JIoEndpoint$SocketProcessor.run(JIoEndpoint.java:310)
	at java.util.concurrent.ThreadPoolExecutor.runWorker(Unknown Source)
	at java.util.concurrent.ThreadPoolExecutor$Worker.run(Unknown Source)
	at java.lang.Thread.run(Unknown Source)

