
2013-04-28 12:35:33 Commons Daemon procrun stderr initialized
Apr 28, 2013 12:35:45 PM org.apache.catalina.core.AprLifecycleListener init
INFO: The APR based Apache Tomcat Native library which allows optimal performance in production environments was not found on the java.library.path: D:\Projects\website\Tomcat\bin;C:\Windows\Sun\Java\bin;C:\Windows\system32;C:\Windows;C:\Windows\system32;C:\Windows;C:\Windows\System32\Wbem;C:\Windows\System32\WindowsPowerShell\v1.0\;C:\glassfish3\jdk7\bin;C:\Program Files\Dell\Dell Wireless WLAN Card;C:\Program Files (x86)\Autodesk\Backburner\;C:\Program Files (x86)\QuickTime\QTSystem\;C:\Program Files (x86)\ATI Technologies\ATI.ACE\Core-Static;C:\Users\Vlad\AppData\Local\GitHub\PortableGit_93e8418133eb85e81a81e5e19c272776524496c6\bin;C:\Users\Vlad\AppData\Local\GitHub\PortableGit_93e8418133eb85e81a81e5e19c272776524496c6\cmd;C:\Users\Vlad\AppData\Local\GitHub\PortableGit_93e8418133eb85e81a81e5e19c272776524496c6\libexec\git-core;;.
Apr 28, 2013 12:36:02 PM org.apache.coyote.AbstractProtocol init
INFO: Initializing ProtocolHandler ["http-bio-8443"]
Apr 28, 2013 12:36:07 PM org.apache.coyote.AbstractProtocol init
INFO: Initializing ProtocolHandler ["ajp-bio-8009"]
Apr 28, 2013 12:36:07 PM org.apache.catalina.startup.Catalina load
INFO: Initialization processed in 25109 ms
Apr 28, 2013 12:36:08 PM org.apache.catalina.core.StandardService startInternal
INFO: Starting service Catalina
Apr 28, 2013 12:36:08 PM org.apache.catalina.core.StandardEngine startInternal
INFO: Starting Servlet Engine: Apache Tomcat/7.0.39
Apr 28, 2013 12:36:11 PM org.apache.catalina.startup.HostConfig deployDirectory
INFO: Deploying web application directory D:\Projects\website\Tomcat\webapps\docs
Apr 28, 2013 12:36:11 PM org.apache.catalina.startup.HostConfig deployDirectory
INFO: Deploying web application directory D:\Projects\website\Tomcat\webapps\manager
Apr 28, 2013 12:36:11 PM org.apache.coyote.AbstractProtocol start
INFO: Starting ProtocolHandler ["http-bio-8443"]
Apr 28, 2013 12:36:11 PM org.apache.coyote.AbstractProtocol start
INFO: Starting ProtocolHandler ["ajp-bio-8009"]
Apr 28, 2013 12:36:11 PM org.apache.catalina.startup.Catalina start
INFO: Server startup in 4843 ms
Apr 28, 2013 2:22:02 PM org.apache.coyote.AbstractProtocol pause
INFO: Pausing ProtocolHandler ["http-bio-8443"]
Apr 28, 2013 2:22:04 PM org.apache.coyote.AbstractProtocol pause
INFO: Pausing ProtocolHandler ["ajp-bio-8009"]
Apr 28, 2013 2:22:04 PM org.apache.catalina.core.StandardService stopInternal
INFO: Stopping service Catalina
Apr 28, 2013 2:22:06 PM org.apache.coyote.AbstractProtocol stop
INFO: Stopping ProtocolHandler ["http-bio-8443"]
Apr 28, 2013 2:22:06 PM org.apache.coyote.AbstractProtocol stop
INFO: Stopping ProtocolHandler ["ajp-bio-8009"]

2013-04-28 14:23:23 Commons Daemon procrun stderr initialized
Apr 28, 2013 2:23:57 PM org.apache.catalina.core.AprLifecycleListener init
INFO: The APR based Apache Tomcat Native library which allows optimal performance in production environments was not found on the java.library.path: D:\Projects\website\Tomcat\bin;C:\Windows\Sun\Java\bin;C:\Windows\system32;C:\Windows;C:\Windows\system32;C:\Windows;C:\Windows\System32\Wbem;C:\Windows\System32\WindowsPowerShell\v1.0\;C:\glassfish3\jdk7\bin;C:\Program Files\Dell\Dell Wireless WLAN Card;C:\Program Files (x86)\Autodesk\Backburner\;C:\Program Files (x86)\QuickTime\QTSystem\;C:\Program Files (x86)\ATI Technologies\ATI.ACE\Core-Static;C:\Users\Vlad\AppData\Local\GitHub\PortableGit_93e8418133eb85e81a81e5e19c272776524496c6\bin;C:\Users\Vlad\AppData\Local\GitHub\PortableGit_93e8418133eb85e81a81e5e19c272776524496c6\cmd;C:\Users\Vlad\AppData\Local\GitHub\PortableGit_93e8418133eb85e81a81e5e19c272776524496c6\libexec\git-core;;.
Apr 28, 2013 2:24:01 PM org.apache.coyote.AbstractProtocol init
INFO: Initializing ProtocolHandler ["http-bio-8443"]
Apr 28, 2013 2:24:03 PM org.apache.coyote.AbstractProtocol init
INFO: Initializing ProtocolHandler ["ajp-bio-8009"]
Apr 28, 2013 2:24:03 PM org.apache.catalina.startup.Catalina load
INFO: Initialization processed in 10263 ms
Apr 28, 2013 2:24:03 PM org.apache.catalina.core.StandardService startInternal
INFO: Starting service Catalina
Apr 28, 2013 2:24:03 PM org.apache.catalina.core.StandardEngine startInternal
INFO: Starting Servlet Engine: Apache Tomcat/7.0.39
Apr 28, 2013 2:24:04 PM org.apache.catalina.startup.HostConfig deployDirectory
INFO: Deploying web application directory D:\Projects\website\Tomcat\webapps\docs
Apr 28, 2013 2:24:04 PM org.apache.catalina.startup.HostConfig deployDirectory
INFO: Deploying web application directory D:\Projects\website\Tomcat\webapps\manager
Apr 28, 2013 2:24:04 PM org.apache.coyote.AbstractProtocol start
INFO: Starting ProtocolHandler ["http-bio-8443"]
Apr 28, 2013 2:24:05 PM org.apache.coyote.AbstractProtocol start
INFO: Starting ProtocolHandler ["ajp-bio-8009"]
Apr 28, 2013 2:24:05 PM org.apache.catalina.startup.Catalina start
INFO: Server startup in 1323 ms
Apr 28, 2013 8:13:40 PM org.apache.coyote.AbstractProtocol pause
INFO: Pausing ProtocolHandler ["http-bio-8443"]
Apr 28, 2013 8:13:41 PM org.apache.coyote.AbstractProtocol pause
INFO: Pausing ProtocolHandler ["ajp-bio-8009"]
Apr 28, 2013 8:13:41 PM org.apache.catalina.core.StandardService stopInternal
INFO: Stopping service Catalina
Apr 28, 2013 8:13:42 PM org.apache.coyote.AbstractProtocol stop
INFO: Stopping ProtocolHandler ["http-bio-8443"]
Apr 28, 2013 8:13:42 PM org.apache.coyote.AbstractProtocol stop
INFO: Stopping ProtocolHandler ["ajp-bio-8009"]
